::1 - - [01/Feb/2022:11:23:12 +0900] "GET /gdfgdfg HTTP/1.1" 404 196
::1 - - [01/Feb/2022:11:24:12 +0900] "-" 408 -
::1 - - [01/Feb/2022:11:26:11 +0900] "GET /gdfgdfg HTTP/1.1" 404 196
::1 - - [01/Feb/2022:11:26:12 +0900] "GET /gdfgdfg HTTP/1.1" 404 196
::1 - - [01/Feb/2022:11:26:13 +0900] "GET /gdfgdfg HTTP/1.1" 404 196
::1 - - [01/Feb/2022:11:26:14 +0900] "GET /gdfgdfg HTTP/1.1" 404 196
::1 - - [01/Feb/2022:11:26:15 +0900] "GET /gdfgdfg HTTP/1.1" 404 196
::1 - - [01/Feb/2022:11:27:11 +0900] "-" 408 -
::1 - - [01/Feb/2022:11:27:21 +0900] "GET /gdfgdfg HTTP/1.1" 404 196
::1 - - [01/Feb/2022:11:27:22 +0900] "GET /gdfgdfg HTTP/1.1" 404 196
::1 - - [01/Feb/2022:11:28:10 +0900] "GET /gdfgdfg HTTP/1.1" 404 196
::1 - - [01/Feb/2022:11:28:11 +0900] "GET /gdfgdfg HTTP/1.1" 404 196
::1 - - [01/Feb/2022:11:28:12 +0900] "GET /gdfgdfg HTTP/1.1" 404 196
::1 - - [01/Feb/2022:11:28:13 +0900] "GET /gdfgdfg HTTP/1.1" 404 196
::1 - - [01/Feb/2022:11:28:17 +0900] "GET / HTTP/1.1" 200 137
::1 - - [01/Feb/2022:11:29:10 +0900] "-" 408 -
::1 - - [01/Feb/2022:11:30:05 +0900] "GET / HTTP/1.1" 200 137
::1 - - [01/Feb/2022:11:30:06 +0900] "GET / HTTP/1.1" 200 137
::1 - - [01/Feb/2022:11:30:07 +0900] "GET / HTTP/1.1" 200 137
::1 - - [01/Feb/2022:11:30:09 +0900] "GET / HTTP/1.1" 200 137
::1 - - [01/Feb/2022:11:30:12 +0900] "GET /ghj HTTP/1.1" 404 196
::1 - - [01/Feb/2022:11:31:05 +0900] "-" 408 -
::1 - - [01/Feb/2022:11:31:07 +0900] "GET /ghj HTTP/1.1" 404 196
::1 - - [01/Feb/2022:11:31:07 +0900] "GET /ghj HTTP/1.1" 404 196
::1 - - [01/Feb/2022:11:31:08 +0900] "GET /ghj HTTP/1.1" 404 196
::1 - - [01/Feb/2022:11:31:56 +0900] "GET /ghj HTTP/1.1" 404 196
::1 - - [01/Feb/2022:11:31:57 +0900] "GET /ghj HTTP/1.1" 404 196
::1 - - [01/Feb/2022:11:32:00 +0900] "GET / HTTP/1.1" 200 31
::1 - - [01/Feb/2022:11:32:26 +0900] "GET /fgh/fgh HTTP/1.1" 404 196
::1 - - [01/Feb/2022:11:33:26 +0900] "-" 408 -
::1 - - [01/Feb/2022:11:36:53 +0900] "GET /fgh/fgh HTTP/1.1" 404 196
::1 - - [01/Feb/2022:11:36:54 +0900] "GET /fgh/fgh HTTP/1.1" 404 196
::1 - - [01/Feb/2022:11:37:49 +0900] "GET /fgh/fgh HTTP/1.1" 404 196
::1 - - [01/Feb/2022:11:42:22 +0900] "GET /fgh/fgh HTTP/1.1" 404 196
::1 - - [01/Feb/2022:11:42:26 +0900] "GET / HTTP/1.1" 200 31
::1 - - [01/Feb/2022:11:42:27 +0900] "GET / HTTP/1.1" 200 31
::1 - - [01/Feb/2022:11:43:22 +0900] "-" 408 -
::1 - - [01/Feb/2022:11:46:59 +0900] "GET / HTTP/1.1" 200 31
::1 - - [01/Feb/2022:11:47:00 +0900] "GET / HTTP/1.1" 200 31
::1 - - [01/Feb/2022:11:47:00 +0900] "GET / HTTP/1.1" 200 31
::1 - - [01/Feb/2022:11:47:01 +0900] "GET / HTTP/1.1" 200 31
::1 - - [01/Feb/2022:11:47:01 +0900] "GET / HTTP/1.1" 200 31
::1 - - [01/Feb/2022:11:47:01 +0900] "GET / HTTP/1.1" 200 31
::1 - - [01/Feb/2022:11:47:01 +0900] "GET / HTTP/1.1" 200 31
::1 - - [01/Feb/2022:11:47:01 +0900] "GET / HTTP/1.1" 200 31
::1 - - [01/Feb/2022:11:47:37 +0900] "GET / HTTP/1.1" 200 31
::1 - - [01/Feb/2022:11:47:38 +0900] "GET / HTTP/1.1" 200 31
::1 - - [01/Feb/2022:11:47:39 +0900] "GET / HTTP/1.1" 200 31
::1 - - [01/Feb/2022:11:47:39 +0900] "GET / HTTP/1.1" 200 31
::1 - - [01/Feb/2022:11:47:39 +0900] "GET / HTTP/1.1" 200 31
::1 - - [01/Feb/2022:11:47:39 +0900] "GET / HTTP/1.1" 200 31
::1 - - [01/Feb/2022:11:47:40 +0900] "GET / HTTP/1.1" 200 31
::1 - - [01/Feb/2022:11:47:40 +0900] "GET / HTTP/1.1" 200 31
::1 - - [01/Feb/2022:11:47:40 +0900] "GET / HTTP/1.1" 200 31
::1 - - [01/Feb/2022:11:47:41 +0900] "GET / HTTP/1.1" 200 31
::1 - - [01/Feb/2022:11:47:41 +0900] "GET / HTTP/1.1" 200 31
::1 - - [01/Feb/2022:11:47:41 +0900] "GET / HTTP/1.1" 200 31
::1 - - [01/Feb/2022:11:48:38 +0900] "-" 408 -
::1 - - [01/Feb/2022:11:48:47 +0900] "GET / HTTP/1.1" 500 530
::1 - - [01/Feb/2022:11:49:47 +0900] "-" 408 -
::1 - - [01/Feb/2022:11:51:43 +0900] "GET / HTTP/1.1" 500 530
::1 - - [01/Feb/2022:11:51:44 +0900] "GET / HTTP/1.1" 500 530
::1 - - [01/Feb/2022:11:51:46 +0900] "GET / HTTP/1.1" 500 530
::1 - - [01/Feb/2022:11:51:47 +0900] "GET / HTTP/1.1" 500 530
::1 - - [01/Feb/2022:11:51:47 +0900] "GET / HTTP/1.1" 500 530
::1 - - [01/Feb/2022:11:51:49 +0900] "GET / HTTP/1.1" 500 530
::1 - - [01/Feb/2022:11:51:50 +0900] "GET / HTTP/1.1" 500 530
::1 - - [01/Feb/2022:11:52:38 +0900] "GET / HTTP/1.1" 500 530
::1 - - [01/Feb/2022:11:52:41 +0900] "GET /dfgfg HTTP/1.1" 500 530
::1 - - [01/Feb/2022:11:53:37 +0900] "GET /dfgfg HTTP/1.1" 500 530
::1 - - [01/Feb/2022:11:53:38 +0900] "GET /dfgfg HTTP/1.1" 500 530
::1 - - [01/Feb/2022:11:53:39 +0900] "GET /dfgfg HTTP/1.1" 500 530
::1 - - [01/Feb/2022:11:53:40 +0900] "GET /dfgfg HTTP/1.1" 500 530
::1 - - [01/Feb/2022:11:53:40 +0900] "GET /dfgfg HTTP/1.1" 500 530
::1 - - [01/Feb/2022:11:53:41 +0900] "GET /dfgfg HTTP/1.1" 500 530
::1 - - [01/Feb/2022:11:53:47 +0900] "GET /dfgfg HTTP/1.1" 500 530
::1 - - [01/Feb/2022:11:53:57 +0900] "GET /dfgfg HTTP/1.1" 500 530
::1 - - [01/Feb/2022:11:53:58 +0900] "GET /dfgfg HTTP/1.1" 500 530
::1 - - [01/Feb/2022:11:54:01 +0900] "GET / HTTP/1.1" 500 530
::1 - - [01/Feb/2022:11:54:02 +0900] "GET / HTTP/1.1" 500 530
::1 - - [01/Feb/2022:11:54:03 +0900] "GET / HTTP/1.1" 500 530
::1 - - [01/Feb/2022:11:54:03 +0900] "GET / HTTP/1.1" 500 530
::1 - - [01/Feb/2022:11:54:16 +0900] "GET / HTTP/1.1" 200 31
::1 - - [01/Feb/2022:11:54:18 +0900] "GET / HTTP/1.1" 200 31
::1 - - [01/Feb/2022:11:54:20 +0900] "GET / HTTP/1.1" 200 31
::1 - - [01/Feb/2022:11:55:18 +0900] "-" 408 -
::1 - - [01/Feb/2022:11:55:39 +0900] "GET / HTTP/1.1" 200 31
::1 - - [01/Feb/2022:11:55:40 +0900] "GET / HTTP/1.1" 200 31
::1 - - [01/Feb/2022:11:55:41 +0900] "GET / HTTP/1.1" 200 31
::1 - - [01/Feb/2022:11:55:44 +0900] "GET /dfgdfg HTTP/1.1" 200 31
::1 - - [01/Feb/2022:11:55:47 +0900] "GET /dfgdfg/dfgdfgdfg HTTP/1.1" 200 31
::1 - - [01/Feb/2022:11:56:39 +0900] "-" 408 -
::1 - - [01/Feb/2022:11:56:42 +0900] "GET /dfgdfg/dfgdfgdfg HTTP/1.1" 200 30
::1 - - [01/Feb/2022:11:57:42 +0900] "-" 408 -
::1 - - [01/Feb/2022:12:05:22 +0900] "GET /hello/pidr HTTP/1.1" 200 378
::1 - - [01/Feb/2022:12:06:22 +0900] "-" 408 -
::1 - - [01/Feb/2022:12:06:44 +0900] "GET /hello/pidr HTTP/1.1" 200 74
::1 - - [01/Feb/2022:12:07:44 +0900] "-" 408 -
::1 - - [01/Feb/2022:12:09:23 +0900] "GET /hello/pidr HTTP/1.1" 200 17
::1 - - [01/Feb/2022:12:10:23 +0900] "-" 408 -
::1 - - [01/Feb/2022:12:12:57 +0900] "GET /hello/pidr/sdfsdf HTTP/1.1" 200 24
::1 - - [01/Feb/2022:12:13:00 +0900] "GET /hellosdf/pidr/sdfsdf HTTP/1.1" 200 -
::1 - - [01/Feb/2022:12:13:02 +0900] "GET /hellosdf/pidr/sdfsdf HTTP/1.1" 200 -
::1 - - [01/Feb/2022:12:13:03 +0900] "GET /hellosdf/pidr/sdfsdf HTTP/1.1" 200 -
::1 - - [01/Feb/2022:12:13:03 +0900] "GET /hellosdf/pidr/sdfsdf HTTP/1.1" 200 -
::1 - - [01/Feb/2022:12:13:10 +0900] "GET /heslsdf/pidr/sdfsdf HTTP/1.1" 200 -
::1 - - [01/Feb/2022:12:13:15 +0900] "GET / HTTP/1.1" 200 31
::1 - - [01/Feb/2022:12:13:58 +0900] "GET /sdf HTTP/1.1" 200 36
::1 - - [01/Feb/2022:12:14:58 +0900] "-" 408 -
::1 - - [01/Feb/2022:12:20:00 +0900] "GET /sdf HTTP/1.1" 200 520
::1 - - [01/Feb/2022:12:20:18 +0900] "GET /sdf HTTP/1.1" 200 257
::1 - - [01/Feb/2022:12:21:18 +0900] "-" 408 -
::1 - - [01/Feb/2022:12:33:15 +0900] "GET /sdf HTTP/1.1" 200 36
::1 - - [01/Feb/2022:12:33:15 +0900] "GET /sdf HTTP/1.1" 200 36
::1 - - [01/Feb/2022:12:33:18 +0900] "GET / HTTP/1.1" 200 226
::1 - - [01/Feb/2022:12:33:31 +0900] "GET / HTTP/1.1" 200 126
::1 - - [01/Feb/2022:12:34:31 +0900] "-" 408 -
::1 - - [01/Feb/2022:12:37:13 +0900] "GET / HTTP/1.1" 200 572
::1 - - [01/Feb/2022:12:38:07 +0900] "GET / HTTP/1.1" 200 26
::1 - - [01/Feb/2022:12:38:24 +0900] "GET / HTTP/1.1" 200 -
::1 - - [01/Feb/2022:12:38:25 +0900] "GET / HTTP/1.1" 200 -
::1 - - [01/Feb/2022:12:38:26 +0900] "GET / HTTP/1.1" 200 -
::1 - - [01/Feb/2022:12:38:36 +0900] "GET / HTTP/1.1" 200 45
::1 - - [01/Feb/2022:12:38:54 +0900] "GET / HTTP/1.1" 200 4
::1 - - [01/Feb/2022:12:39:16 +0900] "GET / HTTP/1.1" 200 31
::1 - - [01/Feb/2022:12:39:32 +0900] "GET / HTTP/1.1" 200 689
::1 - - [01/Feb/2022:12:40:28 +0900] "GET / HTTP/1.1" 200 31
::1 - - [01/Feb/2022:12:41:28 +0900] "-" 408 -
::1 - - [01/Feb/2022:12:41:48 +0900] "GET /hellosdf/pidr/sdfsdf HTTP/1.1" 200 36
::1 - - [01/Feb/2022:12:41:53 +0900] "GET /hello/pidr/sdfsdf HTTP/1.1" 200 521
::1 - - [01/Feb/2022:12:42:24 +0900] "GET /hello/pidr/sdfsdf HTTP/1.1" 200 30
::1 - - [01/Feb/2022:12:43:24 +0900] "-" 408 -
::1 - - [01/Feb/2022:12:44:23 +0900] "GET /hello/pidr/sdfsdf HTTP/1.1" 200 257
::1 - - [01/Feb/2022:12:44:38 +0900] "GET / HTTP/1.1" 200 257
::1 - - [01/Feb/2022:12:45:24 +0900] "GET /hello/pidr HTTP/1.1" 200 257
::1 - - [01/Feb/2022:12:46:24 +0900] "-" 408 -
::1 - - [01/Feb/2022:12:46:24 +0900] "GET /hello/pidr HTTP/1.1" 200 17
::1 - - [01/Feb/2022:12:46:31 +0900] "GET /hello/pidr/dfg HTTP/1.1" 200 21
::1 - - [01/Feb/2022:12:47:31 +0900] "-" 408 -
::1 - - [01/Feb/2022:12:49:11 +0900] "GET /hello/pidr/dfg HTTP/1.1" 200 21
::1 - - [01/Feb/2022:12:49:12 +0900] "GET /hello/pidr/dfg HTTP/1.1" 200 21
::1 - - [01/Feb/2022:12:50:11 +0900] "-" 408 -
::1 - - [01/Feb/2022:12:51:04 +0900] "GET /hello HTTP/1.1" 200 36
::1 - - [01/Feb/2022:12:51:21 +0900] "GET /hello HTTP/1.1" 200 36
::1 - - [01/Feb/2022:12:51:22 +0900] "GET /hello HTTP/1.1" 200 36
::1 - - [01/Feb/2022:12:51:23 +0900] "GET /hello HTTP/1.1" 200 36
::1 - - [01/Feb/2022:12:52:21 +0900] "-" 408 -
::1 - - [01/Feb/2022:12:58:27 +0900] "GET /hello HTTP/1.1" 200 36
::1 - - [01/Feb/2022:12:58:45 +0900] "GET /hello/ty HTTP/1.1" 200 15
::1 - - [01/Feb/2022:12:59:45 +0900] "-" 408 -
::1 - - [01/Feb/2022:13:51:12 +0900] "GET /hello/ty HTTP/1.1" 200 15
::1 - - [01/Feb/2022:13:51:18 +0900] "GET / HTTP/1.1" 200 31
::1 - - [01/Feb/2022:13:51:23 +0900] "GET /math.php HTTP/1.1" 200 36
::1 - - [01/Feb/2022:13:51:30 +0900] "GET /match.php HTTP/1.1" 200 282
::1 - - [01/Feb/2022:13:51:42 +0900] "GET /match.php HTTP/1.1" 200 135
::1 - - [01/Feb/2022:13:51:50 +0900] "GET /match.php HTTP/1.1" 200 39
::1 - - [01/Feb/2022:13:52:15 +0900] "GET /match.php HTTP/1.1" 200 372
::1 - - [01/Feb/2022:13:53:15 +0900] "-" 408 -
::1 - - [01/Feb/2022:13:54:21 +0900] "GET /match.php HTTP/1.1" 200 13
::1 - - [01/Feb/2022:13:54:30 +0900] "GET /match.php HTTP/1.1" 200 43
::1 - - [01/Feb/2022:13:54:45 +0900] "GET /match.php HTTP/1.1" 200 69
::1 - - [01/Feb/2022:13:55:45 +0900] "-" 408 -
::1 - - [01/Feb/2022:13:55:52 +0900] "GET /match.php HTTP/1.1" 200 63
::1 - - [01/Feb/2022:13:56:12 +0900] "GET /match.php HTTP/1.1" 200 69
::1 - - [01/Feb/2022:13:56:29 +0900] "GET /match.php HTTP/1.1" 200 100
::1 - - [01/Feb/2022:13:57:29 +0900] "-" 408 -
::1 - - [01/Feb/2022:13:58:24 +0900] "GET /match.php HTTP/1.1" 200 100
::1 - - [01/Feb/2022:13:58:27 +0900] "GET / HTTP/1.1" 200 157
::1 - - [01/Feb/2022:13:59:11 +0900] "GET / HTTP/1.1" 200 44
::1 - - [01/Feb/2022:14:00:11 +0900] "-" 408 -
::1 - - [01/Feb/2022:14:00:44 +0900] "GET / HTTP/1.1" 200 176
::1 - - [01/Feb/2022:14:01:44 +0900] "-" 408 -
::1 - - [01/Feb/2022:14:05:27 +0900] "GET / HTTP/1.1" 200 176
::1 - - [01/Feb/2022:14:06:27 +0900] "-" 408 -
::1 - - [01/Feb/2022:14:10:05 +0900] "GET / HTTP/1.1" 200 307
::1 - - [01/Feb/2022:14:10:13 +0900] "GET / HTTP/1.1" 200 312
::1 - - [01/Feb/2022:14:10:32 +0900] "GET / HTTP/1.1" 200 189
::1 - - [01/Feb/2022:14:10:46 +0900] "GET /hello HTTP/1.1" 200 41
::1 - - [01/Feb/2022:14:10:56 +0900] "GET /hello/werw HTTP/1.1" 200 107
::1 - - [01/Feb/2022:14:11:08 +0900] "GET /hello/werw HTTP/1.1" 200 84
::1 - - [01/Feb/2022:14:11:23 +0900] "GET /hello/werw HTTP/1.1" 200 107
::1 - - [01/Feb/2022:14:11:39 +0900] "GET /hello/werw HTTP/1.1" 200 67
::1 - - [01/Feb/2022:14:12:36 +0900] "GET /hello/werw HTTP/1.1" 200 27
::1 - - [01/Feb/2022:14:12:42 +0900] "GET /match.php HTTP/1.1" 200 36
::1 - - [01/Feb/2022:14:13:03 +0900] "GET /match.php HTTP/1.1" 200 13
::1 - - [01/Feb/2022:14:14:03 +0900] "-" 408 -
::1 - - [01/Feb/2022:14:14:16 +0900] "GET / HTTP/1.1" 200 163
::1 - - [01/Feb/2022:14:14:17 +0900] "GET / HTTP/1.1" 200 163
::1 - - [01/Feb/2022:14:14:18 +0900] "GET / HTTP/1.1" 200 163
::1 - - [01/Feb/2022:14:14:28 +0900] "GET / HTTP/1.1" 200 31
::1 - - [01/Feb/2022:14:14:29 +0900] "GET / HTTP/1.1" 200 31
::1 - - [01/Feb/2022:14:14:33 +0900] "GET / HTTP/1.1" 200 163
::1 - - [01/Feb/2022:14:14:33 +0900] "GET / HTTP/1.1" 200 163
::1 - - [01/Feb/2022:14:14:36 +0900] "GET /sdfsdf HTTP/1.1" 200 42
::1 - - [01/Feb/2022:14:14:49 +0900] "GET /sdfsdf HTTP/1.1" 200 36
::1 - - [01/Feb/2022:14:14:50 +0900] "GET /sdfsdf HTTP/1.1" 200 36
::1 - - [01/Feb/2022:14:15:26 +0900] "GET /sdfsdf HTTP/1.1" 200 36
::1 - - [01/Feb/2022:14:15:27 +0900] "GET /sdfsdf HTTP/1.1" 200 36
::1 - - [01/Feb/2022:14:15:30 +0900] "GET / HTTP/1.1" 200 31
::1 - - [01/Feb/2022:14:16:16 +0900] "GET / HTTP/1.1" 200 67
::1 - - [01/Feb/2022:14:16:32 +0900] "GET / HTTP/1.1" 200 198
::1 - - [01/Feb/2022:14:16:42 +0900] "GET / HTTP/1.1" 200 44
::1 - - [01/Feb/2022:14:17:42 +0900] "-" 408 -
::1 - - [01/Feb/2022:14:26:34 +0900] "GET /Templates/Main/Main.php HTTP/1.1" 200 1172
::1 - - [01/Feb/2022:14:27:34 +0900] "-" 408 -
::1 - - [01/Feb/2022:14:29:07 +0900] "GET /Templates/Main/Main.php HTTP/1.1" 200 1866
::1 - - [01/Feb/2022:14:29:34 +0900] "GET /Templates/Main/Main.php HTTP/1.1" 200 1704
::1 - - [01/Feb/2022:14:30:34 +0900] "-" 408 -
::1 - - [01/Feb/2022:14:32:51 +0900] "GET /Templates/Main/Main.php HTTP/1.1" 200 1866
::1 - - [01/Feb/2022:14:33:51 +0900] "-" 408 -
::1 - - [01/Feb/2022:14:34:06 +0900] "GET /Templates/Main/Main.php HTTP/1.1" 200 1839
::1 - - [01/Feb/2022:14:35:06 +0900] "-" 408 -
::1 - - [01/Feb/2022:14:35:40 +0900] "GET /Templates/Main/Main.php HTTP/1.1" 200 1857
::1 - - [01/Feb/2022:14:36:09 +0900] "GET /Templates/Main/Main.php HTTP/1.1" 200 1867
::1 - - [01/Feb/2022:14:36:23 +0900] "GET / HTTP/1.1" 200 44
::1 - - [01/Feb/2022:14:36:26 +0900] "GET /about-me HTTP/1.1" 200 36
::1 - - [01/Feb/2022:14:36:41 +0900] "GET /about-me HTTP/1.1" 200 36
::1 - - [01/Feb/2022:14:37:41 +0900] "-" 408 -
::1 - - [01/Feb/2022:14:38:51 +0900] "GET / HTTP/1.1" 200 1880
::1 - - [01/Feb/2022:14:39:01 +0900] "GET / HTTP/1.1" 200 1867
::1 - - [01/Feb/2022:14:39:02 +0900] "GET / HTTP/1.1" 200 1867
::1 - - [01/Feb/2022:14:40:01 +0900] "-" 408 -
::1 - - [01/Feb/2022:14:41:56 +0900] "GET / HTTP/1.1" 200 1223
::1 - - [01/Feb/2022:14:41:56 +0900] "GET /styles.css HTTP/1.1" 200 36
::1 - - [01/Feb/2022:14:41:58 +0900] "GET / HTTP/1.1" 200 1223
::1 - - [01/Feb/2022:14:41:58 +0900] "GET /styles.css HTTP/1.1" 200 36
::1 - - [01/Feb/2022:14:41:59 +0900] "GET / HTTP/1.1" 200 1223
::1 - - [01/Feb/2022:14:41:59 +0900] "GET /styles.css HTTP/1.1" 200 36
::1 - - [01/Feb/2022:14:42:19 +0900] "GET / HTTP/1.1" 200 1222
::1 - - [01/Feb/2022:14:42:19 +0900] "GET /styles.css HTTP/1.1" 200 36
::1 - - [01/Feb/2022:14:42:20 +0900] "GET / HTTP/1.1" 200 1222
::1 - - [01/Feb/2022:14:42:20 +0900] "GET /styles.css HTTP/1.1" 200 36
::1 - - [01/Feb/2022:14:42:20 +0900] "GET / HTTP/1.1" 200 1222
::1 - - [01/Feb/2022:14:42:20 +0900] "GET /styles.css HTTP/1.1" 200 36
::1 - - [01/Feb/2022:14:42:20 +0900] "GET / HTTP/1.1" 200 1222
::1 - - [01/Feb/2022:14:42:20 +0900] "GET /styles.css HTTP/1.1" 200 36
::1 - - [01/Feb/2022:14:42:21 +0900] "GET / HTTP/1.1" 200 1222
::1 - - [01/Feb/2022:14:42:21 +0900] "GET /styles.css HTTP/1.1" 200 36
::1 - - [01/Feb/2022:14:42:21 +0900] "GET /favicon.ico HTTP/1.1" 200 36
::1 - - [01/Feb/2022:14:43:00 +0900] "GET / HTTP/1.1" 200 1221
::1 - - [01/Feb/2022:14:43:00 +0900] "GET /styles.css HTTP/1.1" 200 36
::1 - - [01/Feb/2022:14:43:00 +0900] "GET /favicon.ico HTTP/1.1" 200 36
::1 - - [01/Feb/2022:14:43:01 +0900] "GET / HTTP/1.1" 200 1221
::1 - - [01/Feb/2022:14:43:01 +0900] "GET /styles.css HTTP/1.1" 200 36
::1 - - [01/Feb/2022:14:43:01 +0900] "GET /favicon.ico HTTP/1.1" 200 36
::1 - - [01/Feb/2022:14:43:01 +0900] "GET / HTTP/1.1" 200 1221
::1 - - [01/Feb/2022:14:43:01 +0900] "GET /styles.css HTTP/1.1" 200 36
::1 - - [01/Feb/2022:14:43:01 +0900] "GET /favicon.ico HTTP/1.1" 200 36
::1 - - [01/Feb/2022:14:43:01 +0900] "GET / HTTP/1.1" 200 1221
::1 - - [01/Feb/2022:14:43:01 +0900] "GET /styles.css HTTP/1.1" 200 36
::1 - - [01/Feb/2022:14:43:01 +0900] "GET /favicon.ico HTTP/1.1" 200 36
::1 - - [01/Feb/2022:14:43:18 +0900] "GET / HTTP/1.1" 200 1223
::1 - - [01/Feb/2022:14:43:18 +0900] "GET /styles.css HTTP/1.1" 200 36
::1 - - [01/Feb/2022:14:43:18 +0900] "GET /favicon.ico HTTP/1.1" 200 36
::1 - - [01/Feb/2022:14:43:18 +0900] "GET / HTTP/1.1" 200 1223
::1 - - [01/Feb/2022:14:43:18 +0900] "GET /styles.css HTTP/1.1" 200 36
::1 - - [01/Feb/2022:14:43:18 +0900] "GET /favicon.ico HTTP/1.1" 200 36
::1 - - [01/Feb/2022:14:43:19 +0900] "GET / HTTP/1.1" 200 1223
::1 - - [01/Feb/2022:14:43:19 +0900] "GET /styles.css HTTP/1.1" 200 36
::1 - - [01/Feb/2022:14:43:19 +0900] "GET /favicon.ico HTTP/1.1" 200 36
::1 - - [01/Feb/2022:14:43:41 +0900] "GET / HTTP/1.1" 200 1225
::1 - - [01/Feb/2022:14:43:41 +0900] "GET /styles.css HTTP/1.1" 200 36
::1 - - [01/Feb/2022:14:43:41 +0900] "GET /favicon.ico HTTP/1.1" 200 36
::1 - - [01/Feb/2022:14:43:41 +0900] "GET / HTTP/1.1" 200 1225
::1 - - [01/Feb/2022:14:43:41 +0900] "GET /styles.css HTTP/1.1" 200 36
::1 - - [01/Feb/2022:14:43:41 +0900] "GET /favicon.ico HTTP/1.1" 200 36
::1 - - [01/Feb/2022:14:43:42 +0900] "GET / HTTP/1.1" 200 1225
::1 - - [01/Feb/2022:14:43:42 +0900] "GET /styles.css HTTP/1.1" 200 36
::1 - - [01/Feb/2022:14:43:42 +0900] "GET /favicon.ico HTTP/1.1" 200 36
::1 - - [01/Feb/2022:14:43:42 +0900] "GET / HTTP/1.1" 200 1225
::1 - - [01/Feb/2022:14:43:42 +0900] "GET /styles.css HTTP/1.1" 200 36
::1 - - [01/Feb/2022:14:43:42 +0900] "GET /favicon.ico HTTP/1.1" 200 36
::1 - - [01/Feb/2022:14:44:41 +0900] "-" 408 -
::1 - - [01/Feb/2022:14:44:44 +0900] "GET / HTTP/1.1" 200 1224
::1 - - [01/Feb/2022:14:44:44 +0900] "GET /styles.css HTTP/1.1" 200 36
::1 - - [01/Feb/2022:14:44:44 +0900] "GET /favicon.ico HTTP/1.1" 200 36
::1 - - [01/Feb/2022:14:44:45 +0900] "GET / HTTP/1.1" 200 1224
::1 - - [01/Feb/2022:14:44:45 +0900] "GET /styles.css HTTP/1.1" 200 36
::1 - - [01/Feb/2022:14:44:45 +0900] "GET /favicon.ico HTTP/1.1" 200 36
::1 - - [01/Feb/2022:14:44:45 +0900] "GET / HTTP/1.1" 200 1224
::1 - - [01/Feb/2022:14:44:46 +0900] "GET /styles.css HTTP/1.1" 200 36
::1 - - [01/Feb/2022:14:44:46 +0900] "GET /favicon.ico HTTP/1.1" 200 36
::1 - - [01/Feb/2022:14:45:24 +0900] "GET / HTTP/1.1" 200 1222
::1 - - [01/Feb/2022:14:45:24 +0900] "GET /styles.css HTTP/1.1" 200 36
::1 - - [01/Feb/2022:14:45:24 +0900] "GET /favicon.ico HTTP/1.1" 200 36
::1 - - [01/Feb/2022:14:45:25 +0900] "GET / HTTP/1.1" 200 1222
::1 - - [01/Feb/2022:14:45:25 +0900] "GET /styles.css HTTP/1.1" 200 36
::1 - - [01/Feb/2022:14:45:25 +0900] "GET /favicon.ico HTTP/1.1" 200 36
::1 - - [01/Feb/2022:14:45:25 +0900] "GET / HTTP/1.1" 200 1222
::1 - - [01/Feb/2022:14:45:25 +0900] "GET /styles.css HTTP/1.1" 200 36
::1 - - [01/Feb/2022:14:45:25 +0900] "GET /favicon.ico HTTP/1.1" 200 36
::1 - - [01/Feb/2022:14:45:25 +0900] "GET / HTTP/1.1" 200 1222
::1 - - [01/Feb/2022:14:45:25 +0900] "GET /styles.css HTTP/1.1" 200 36
::1 - - [01/Feb/2022:14:45:25 +0900] "GET /favicon.ico HTTP/1.1" 200 36
::1 - - [01/Feb/2022:14:45:27 +0900] "GET / HTTP/1.1" 200 1222
::1 - - [01/Feb/2022:14:45:27 +0900] "GET /styles.css HTTP/1.1" 200 36
::1 - - [01/Feb/2022:14:45:27 +0900] "GET /favicon.ico HTTP/1.1" 200 36
::1 - - [01/Feb/2022:14:45:27 +0900] "GET / HTTP/1.1" 200 1222
::1 - - [01/Feb/2022:14:45:27 +0900] "GET /styles.css HTTP/1.1" 200 36
::1 - - [01/Feb/2022:14:45:27 +0900] "GET /favicon.ico HTTP/1.1" 200 36
::1 - - [01/Feb/2022:14:45:27 +0900] "GET / HTTP/1.1" 200 1222
::1 - - [01/Feb/2022:14:45:27 +0900] "GET /styles.css HTTP/1.1" 200 36
::1 - - [01/Feb/2022:14:45:27 +0900] "GET /favicon.ico HTTP/1.1" 200 36
::1 - - [01/Feb/2022:14:45:28 +0900] "GET / HTTP/1.1" 200 1222
::1 - - [01/Feb/2022:14:45:28 +0900] "GET /styles.css HTTP/1.1" 200 36
::1 - - [01/Feb/2022:14:45:28 +0900] "GET /favicon.ico HTTP/1.1" 200 36
::1 - - [01/Feb/2022:14:45:37 +0900] "GET / HTTP/1.1" 200 1222
::1 - - [01/Feb/2022:14:45:37 +0900] "GET /styles.css HTTP/1.1" 200 36
::1 - - [01/Feb/2022:14:45:37 +0900] "GET /favicon.ico HTTP/1.1" 200 36
::1 - - [01/Feb/2022:14:45:37 +0900] "GET / HTTP/1.1" 200 1222
::1 - - [01/Feb/2022:14:45:37 +0900] "GET /styles.css HTTP/1.1" 200 36
::1 - - [01/Feb/2022:14:45:37 +0900] "GET /favicon.ico HTTP/1.1" 200 36
::1 - - [01/Feb/2022:14:45:37 +0900] "GET / HTTP/1.1" 200 1222
::1 - - [01/Feb/2022:14:45:37 +0900] "GET /styles.css HTTP/1.1" 200 36
::1 - - [01/Feb/2022:14:45:38 +0900] "GET /favicon.ico HTTP/1.1" 200 36
::1 - - [01/Feb/2022:14:45:38 +0900] "GET / HTTP/1.1" 200 1222
::1 - - [01/Feb/2022:14:45:38 +0900] "GET /styles.css HTTP/1.1" 200 36
::1 - - [01/Feb/2022:14:45:38 +0900] "GET /favicon.ico HTTP/1.1" 200 36
::1 - - [01/Feb/2022:14:45:38 +0900] "GET / HTTP/1.1" 200 1222
::1 - - [01/Feb/2022:14:45:38 +0900] "GET /styles.css HTTP/1.1" 200 36
::1 - - [01/Feb/2022:14:45:38 +0900] "GET /favicon.ico HTTP/1.1" 200 36
::1 - - [01/Feb/2022:14:45:48 +0900] "GET / HTTP/1.1" 200 1222
::1 - - [01/Feb/2022:14:45:48 +0900] "GET /styles.css HTTP/1.1" 200 36
::1 - - [01/Feb/2022:14:45:50 +0900] "GET /favicon.ico HTTP/1.1" 200 36
::1 - - [01/Feb/2022:14:46:50 +0900] "-" 408 -
::1 - - [01/Feb/2022:14:47:35 +0900] "GET / HTTP/1.1" 200 1222
::1 - - [01/Feb/2022:14:47:35 +0900] "GET /styles.css HTTP/1.1" 200 36
::1 - - [01/Feb/2022:14:47:35 +0900] "GET /favicon.ico HTTP/1.1" 200 36
::1 - - [01/Feb/2022:14:47:35 +0900] "GET / HTTP/1.1" 200 1222
::1 - - [01/Feb/2022:14:47:35 +0900] "GET /styles.css HTTP/1.1" 200 36
::1 - - [01/Feb/2022:14:47:35 +0900] "GET /favicon.ico HTTP/1.1" 200 36
::1 - - [01/Feb/2022:14:48:20 +0900] "GET / HTTP/1.1" 200 1222
::1 - - [01/Feb/2022:14:48:20 +0900] "GET /styles.css HTTP/1.1" 200 36
::1 - - [01/Feb/2022:14:48:20 +0900] "GET /favicon.ico HTTP/1.1" 200 36
::1 - - [01/Feb/2022:14:48:21 +0900] "GET / HTTP/1.1" 200 1222
::1 - - [01/Feb/2022:14:48:21 +0900] "GET /styles.css HTTP/1.1" 200 36
::1 - - [01/Feb/2022:14:48:21 +0900] "GET /favicon.ico HTTP/1.1" 200 36
::1 - - [01/Feb/2022:14:49:20 +0900] "-" 408 -
::1 - - [01/Feb/2022:14:50:54 +0900] "GET / HTTP/1.1" 200 1238
::1 - - [01/Feb/2022:14:50:54 +0900] "GET /Templates/Main/styles.css HTTP/1.1" 200 445
::1 - - [01/Feb/2022:14:50:54 +0900] "GET /favicon.ico HTTP/1.1" 200 36
::1 - - [01/Feb/2022:14:51:00 +0900] "GET / HTTP/1.1" 200 1238
::1 - - [01/Feb/2022:14:51:00 +0900] "GET /favicon.ico HTTP/1.1" 200 36
::1 - - [01/Feb/2022:14:51:00 +0900] "GET / HTTP/1.1" 200 1238
::1 - - [01/Feb/2022:14:51:00 +0900] "GET /favicon.ico HTTP/1.1" 200 36
::1 - - [01/Feb/2022:14:52:00 +0900] "-" 408 -
::1 - - [01/Feb/2022:14:59:29 +0900] "GET / HTTP/1.1" 200 1340
::1 - - [01/Feb/2022:14:59:29 +0900] "GET /Templates/Main/styles.css HTTP/1.1" 304 -
::1 - - [01/Feb/2022:14:59:29 +0900] "GET /favicon.ico HTTP/1.1" 200 36
::1 - - [01/Feb/2022:14:59:39 +0900] "GET / HTTP/1.1" 200 1156
::1 - - [01/Feb/2022:14:59:39 +0900] "GET /favicon.ico HTTP/1.1" 200 36
::1 - - [01/Feb/2022:14:59:40 +0900] "GET / HTTP/1.1" 200 1156
::1 - - [01/Feb/2022:14:59:40 +0900] "GET /favicon.ico HTTP/1.1" 200 36
::1 - - [01/Feb/2022:14:59:40 +0900] "GET / HTTP/1.1" 200 1156
::1 - - [01/Feb/2022:14:59:41 +0900] "GET /favicon.ico HTTP/1.1" 200 36
::1 - - [01/Feb/2022:14:59:41 +0900] "GET / HTTP/1.1" 200 1156
::1 - - [01/Feb/2022:14:59:41 +0900] "GET /favicon.ico HTTP/1.1" 200 36
::1 - - [01/Feb/2022:15:00:39 +0900] "-" 408 -
::1 - - [01/Feb/2022:15:00:42 +0900] "GET / HTTP/1.1" 200 1156
::1 - - [01/Feb/2022:15:00:42 +0900] "GET /favicon.ico HTTP/1.1" 200 36
::1 - - [01/Feb/2022:15:00:42 +0900] "GET / HTTP/1.1" 200 1156
::1 - - [01/Feb/2022:15:00:43 +0900] "GET /favicon.ico HTTP/1.1" 200 36
::1 - - [01/Feb/2022:15:00:43 +0900] "GET / HTTP/1.1" 200 1156
::1 - - [01/Feb/2022:15:00:43 +0900] "GET /favicon.ico HTTP/1.1" 200 36
::1 - - [01/Feb/2022:15:00:59 +0900] "GET / HTTP/1.1" 200 1168
::1 - - [01/Feb/2022:15:00:59 +0900] "GET /favicon.ico HTTP/1.1" 200 36
::1 - - [01/Feb/2022:15:01:05 +0900] "GET / HTTP/1.1" 200 1168
::1 - - [01/Feb/2022:15:01:05 +0900] "GET /favicon.ico HTTP/1.1" 200 36
::1 - - [01/Feb/2022:15:01:40 +0900] "GET / HTTP/1.1" 200 1156
::1 - - [01/Feb/2022:15:01:40 +0900] "GET /Templates/Main/styles.css HTTP/1.1" 304 -
::1 - - [01/Feb/2022:15:01:40 +0900] "GET /favicon.ico HTTP/1.1" 200 36
::1 - - [01/Feb/2022:15:01:40 +0900] "GET / HTTP/1.1" 200 1156
::1 - - [01/Feb/2022:15:01:40 +0900] "GET /favicon.ico HTTP/1.1" 200 36
::1 - - [01/Feb/2022:15:02:17 +0900] "GET / HTTP/1.1" 200 1168
::1 - - [01/Feb/2022:15:02:17 +0900] "GET /favicon.ico HTTP/1.1" 200 36
::1 - - [01/Feb/2022:15:02:41 +0900] "GET / HTTP/1.1" 200 1184
::1 - - [01/Feb/2022:15:02:41 +0900] "GET /favicon.ico HTTP/1.1" 200 36
::1 - - [01/Feb/2022:15:02:47 +0900] "GET / HTTP/1.1" 200 1234
::1 - - [01/Feb/2022:15:02:47 +0900] "GET /favicon.ico HTTP/1.1" 200 36
::1 - - [01/Feb/2022:15:03:21 +0900] "GET / HTTP/1.1" 200 1206
::1 - - [01/Feb/2022:15:03:21 +0900] "GET /favicon.ico HTTP/1.1" 200 36
::1 - - [01/Feb/2022:15:03:21 +0900] "GET / HTTP/1.1" 200 1206
::1 - - [01/Feb/2022:15:03:21 +0900] "GET /favicon.ico HTTP/1.1" 200 36
::1 - - [01/Feb/2022:15:04:21 +0900] "-" 408 -
::1 - - [01/Feb/2022:15:04:47 +0900] "GET / HTTP/1.1" 200 1234
::1 - - [01/Feb/2022:15:04:47 +0900] "GET /Templates/Main/styles.css HTTP/1.1" 304 -
::1 - - [01/Feb/2022:15:04:47 +0900] "GET /favicon.ico HTTP/1.1" 200 36
::1 - - [01/Feb/2022:15:04:47 +0900] "GET / HTTP/1.1" 200 1234
::1 - - [01/Feb/2022:15:04:47 +0900] "GET /favicon.ico HTTP/1.1" 200 36
::1 - - [01/Feb/2022:15:05:47 +0900] "-" 408 -
::1 - - [01/Feb/2022:15:21:56 +0900] "GET / HTTP/1.1" 200 1234
::1 - - [01/Feb/2022:15:21:56 +0900] "GET /Templates/Main/styles.css HTTP/1.1" 304 -
::1 - - [01/Feb/2022:15:21:56 +0900] "GET /favicon.ico HTTP/1.1" 200 36
::1 - - [01/Feb/2022:15:21:56 +0900] "GET / HTTP/1.1" 200 1234
::1 - - [01/Feb/2022:15:21:56 +0900] "GET /favicon.ico HTTP/1.1" 200 36
::1 - - [01/Feb/2022:15:21:56 +0900] "GET / HTTP/1.1" 200 1234
::1 - - [01/Feb/2022:15:21:56 +0900] "GET /favicon.ico HTTP/1.1" 200 36
::1 - - [01/Feb/2022:15:21:57 +0900] "GET / HTTP/1.1" 200 1234
::1 - - [01/Feb/2022:15:21:57 +0900] "GET /favicon.ico HTTP/1.1" 200 36
::1 - - [01/Feb/2022:15:21:57 +0900] "GET / HTTP/1.1" 200 1234
::1 - - [01/Feb/2022:15:21:57 +0900] "GET /favicon.ico HTTP/1.1" 200 36
::1 - - [01/Feb/2022:15:21:57 +0900] "GET / HTTP/1.1" 200 1234
::1 - - [01/Feb/2022:15:21:57 +0900] "GET /favicon.ico HTTP/1.1" 200 36
::1 - - [01/Feb/2022:15:22:56 +0900] "-" 408 -
::1 - - [01/Feb/2022:15:23:57 +0900] "GET / HTTP/1.1" 200 1569
::1 - - [01/Feb/2022:15:23:57 +0900] "GET /favicon.ico HTTP/1.1" 200 36
::1 - - [01/Feb/2022:15:24:34 +0900] "GET / HTTP/1.1" 200 1234
::1 - - [01/Feb/2022:15:24:34 +0900] "GET /favicon.ico HTTP/1.1" 200 36
::1 - - [01/Feb/2022:15:24:34 +0900] "GET / HTTP/1.1" 200 1234
::1 - - [01/Feb/2022:15:24:34 +0900] "GET /favicon.ico HTTP/1.1" 200 36
::1 - - [01/Feb/2022:15:24:35 +0900] "GET / HTTP/1.1" 200 1234
::1 - - [01/Feb/2022:15:24:35 +0900] "GET /favicon.ico HTTP/1.1" 200 36
::1 - - [01/Feb/2022:15:24:35 +0900] "GET / HTTP/1.1" 200 1234
::1 - - [01/Feb/2022:15:24:35 +0900] "GET /favicon.ico HTTP/1.1" 200 36
::1 - - [01/Feb/2022:15:25:34 +0900] "-" 408 -
::1 - - [01/Feb/2022:15:30:01 +0900] "GET / HTTP/1.1" 200 1234
::1 - - [01/Feb/2022:15:30:01 +0900] "GET /Templates/Main/styles.css HTTP/1.1" 304 -
::1 - - [01/Feb/2022:15:30:01 +0900] "GET /favicon.ico HTTP/1.1" 200 36
::1 - - [01/Feb/2022:15:30:01 +0900] "GET / HTTP/1.1" 200 1234
::1 - - [01/Feb/2022:15:30:01 +0900] "GET /favicon.ico HTTP/1.1" 200 36
::1 - - [01/Feb/2022:15:31:01 +0900] "-" 408 -
::1 - - [01/Feb/2022:16:52:09 +0900] "GET / HTTP/1.1" 200 1234
::1 - - [01/Feb/2022:16:52:09 +0900] "GET /Templates/Main/styles.css HTTP/1.1" 304 -
::1 - - [01/Feb/2022:16:52:10 +0900] "GET / HTTP/1.1" 200 1234
::1 - - [01/Feb/2022:16:52:11 +0900] "GET / HTTP/1.1" 200 1234
::1 - - [01/Feb/2022:16:52:11 +0900] "GET / HTTP/1.1" 200 1234
::1 - - [01/Feb/2022:16:53:09 +0900] "-" 408 -
::1 - - [01/Feb/2022:16:57:22 +0900] "GET / HTTP/1.1" 200 1234
::1 - - [01/Feb/2022:16:57:22 +0900] "GET / HTTP/1.1" 200 1234
::1 - - [01/Feb/2022:16:57:28 +0900] "GET /hello/pidr HTTP/1.1" 200 1031
::1 - - [01/Feb/2022:16:58:28 +0900] "-" 408 -
::1 - - [01/Feb/2022:17:02:45 +0900] "GET / HTTP/1.1" 200 1179
::1 - - [01/Feb/2022:17:03:45 +0900] "-" 408 -
::1 - - [01/Feb/2022:17:04:14 +0900] "GET / HTTP/1.1" 200 1188
::1 - - [01/Feb/2022:17:04:15 +0900] "GET / HTTP/1.1" 200 1188
::1 - - [01/Feb/2022:17:04:15 +0900] "GET / HTTP/1.1" 200 1188
::1 - - [01/Feb/2022:17:04:22 +0900] "GET /hello/Zalupa HTTP/1.1" 200 985
::1 - - [01/Feb/2022:17:04:27 +0900] "GET / HTTP/1.1" 200 1188
::1 - - [01/Feb/2022:17:05:27 +0900] "-" 408 -
::1 - - [01/Feb/2022:17:09:45 +0900] "GET / HTTP/1.1" 200 1188
::1 - - [01/Feb/2022:17:09:45 +0900] "GET /Templates/Main/styles.css HTTP/1.1" 304 -
::1 - - [01/Feb/2022:17:09:45 +0900] "GET / HTTP/1.1" 200 1188
::1 - - [01/Feb/2022:17:09:47 +0900] "GET / HTTP/1.1" 200 1188
::1 - - [01/Feb/2022:17:09:47 +0900] "GET / HTTP/1.1" 200 1188
::1 - - [01/Feb/2022:17:09:47 +0900] "GET / HTTP/1.1" 200 1188
::1 - - [01/Feb/2022:17:09:48 +0900] "GET / HTTP/1.1" 200 1188
::1 - - [01/Feb/2022:17:10:45 +0900] "-" 408 -
::1 - - [01/Feb/2022:17:13:34 +0900] "GET / HTTP/1.1" 200 1188
::1 - - [01/Feb/2022:17:13:34 +0900] "GET / HTTP/1.1" 200 1188
::1 - - [01/Feb/2022:17:14:34 +0900] "-" 408 -
::1 - - [01/Feb/2022:17:59:14 +0900] "GET / HTTP/1.1" 200 1188
::1 - - [01/Feb/2022:17:59:14 +0900] "GET /Templates/Main/styles.css HTTP/1.1" 304 -
::1 - - [01/Feb/2022:17:59:19 +0900] "GET /match.php HTTP/1.1" 200 62
::1 - - [01/Feb/2022:17:59:33 +0900] "GET /match.php HTTP/1.1" 200 14
::1 - - [01/Feb/2022:17:59:42 +0900] "GET /match.php HTTP/1.1" 200 14
::1 - - [01/Feb/2022:18:00:42 +0900] "-" 408 -
::1 - - [02/Feb/2022:11:21:12 +0900] "GET / HTTP/1.1" 200 15
::1 - - [02/Feb/2022:11:21:51 +0900] "GET / HTTP/1.1" 200 481
::1 - - [02/Feb/2022:11:21:51 +0900] "GET /Templates/Main/styles.css HTTP/1.1" 304 -
::1 - - [02/Feb/2022:11:22:51 +0900] "-" 408 -
::1 - - [02/Feb/2022:11:36:23 +0900] "GET / HTTP/1.1" 200 406
::1 - - [02/Feb/2022:11:36:50 +0900] "GET / HTTP/1.1" 200 400
::1 - - [02/Feb/2022:11:37:05 +0900] "GET / HTTP/1.1" 200 398
::1 - - [02/Feb/2022:11:37:13 +0900] "GET / HTTP/1.1" 200 404
::1 - - [02/Feb/2022:11:38:13 +0900] "-" 408 -
::1 - - [02/Feb/2022:11:38:14 +0900] "GET / HTTP/1.1" 200 404
::1 - - [02/Feb/2022:11:38:15 +0900] "GET / HTTP/1.1" 200 404
::1 - - [02/Feb/2022:11:38:53 +0900] "GET / HTTP/1.1" 200 406
::1 - - [02/Feb/2022:11:39:12 +0900] "GET / HTTP/1.1" 200 406
::1 - - [02/Feb/2022:11:39:38 +0900] "GET / HTTP/1.1" 200 404
::1 - - [02/Feb/2022:11:39:39 +0900] "GET / HTTP/1.1" 200 404
::1 - - [02/Feb/2022:11:40:15 +0900] "GET / HTTP/1.1" 200 1188
::1 - - [02/Feb/2022:11:41:15 +0900] "-" 408 -
::1 - - [02/Feb/2022:11:41:59 +0900] "GET / HTTP/1.1" 200 1188
::1 - - [02/Feb/2022:11:41:59 +0900] "GET / HTTP/1.1" 200 1188
::1 - - [02/Feb/2022:11:41:59 +0900] "GET / HTTP/1.1" 200 1188
::1 - - [02/Feb/2022:11:41:59 +0900] "GET / HTTP/1.1" 200 1188
::1 - - [02/Feb/2022:11:42:59 +0900] "-" 408 -
::1 - - [02/Feb/2022:11:46:55 +0900] "GET / HTTP/1.1" 200 263
::1 - - [02/Feb/2022:11:46:59 +0900] "GET / HTTP/1.1" 200 1188
::1 - - [02/Feb/2022:11:47:27 +0900] "GET / HTTP/1.1" 200 1188
::1 - - [02/Feb/2022:11:47:28 +0900] "GET / HTTP/1.1" 200 1188
::1 - - [02/Feb/2022:11:47:38 +0900] "GET / HTTP/1.1" 200 1188
::1 - - [02/Feb/2022:11:47:38 +0900] "GET / HTTP/1.1" 200 1188
::1 - - [02/Feb/2022:11:47:39 +0900] "GET / HTTP/1.1" 200 1188
::1 - - [02/Feb/2022:11:47:39 +0900] "GET / HTTP/1.1" 200 1188
::1 - - [02/Feb/2022:11:47:39 +0900] "GET / HTTP/1.1" 200 1188
::1 - - [02/Feb/2022:11:47:39 +0900] "GET / HTTP/1.1" 200 1188
::1 - - [02/Feb/2022:11:47:39 +0900] "GET / HTTP/1.1" 200 1188
::1 - - [02/Feb/2022:11:47:39 +0900] "GET / HTTP/1.1" 200 1188
::1 - - [02/Feb/2022:11:47:40 +0900] "GET / HTTP/1.1" 200 1188
::1 - - [02/Feb/2022:11:47:40 +0900] "GET / HTTP/1.1" 200 1188
::1 - - [02/Feb/2022:11:48:38 +0900] "-" 408 -
::1 - - [02/Feb/2022:11:52:18 +0900] "GET / HTTP/1.1" 200 1188
::1 - - [02/Feb/2022:11:52:19 +0900] "GET / HTTP/1.1" 200 1188
::1 - - [02/Feb/2022:11:52:19 +0900] "GET / HTTP/1.1" 200 1188
::1 - - [02/Feb/2022:11:52:22 +0900] "GET /dfgdfg/dfgdfgdfg HTTP/1.1" 200 36
::1 - - [02/Feb/2022:11:52:29 +0900] "GET /hello/pidr HTTP/1.1" 200 498
::1 - - [02/Feb/2022:11:53:06 +0900] "GET /hello/pidr HTTP/1.1" 200 983
::1 - - [02/Feb/2022:11:53:26 +0900] "GET /hello/pidr HTTP/1.1" 200 983
::1 - - [02/Feb/2022:11:53:26 +0900] "GET /hello/pidr HTTP/1.1" 200 983
::1 - - [02/Feb/2022:11:58:22 +0900] "GET /bitrix/tools/public_session.php?k=3799dd62122247cfe3b739fd7398f245.4b05826f897629c037cf93b4638169d7f9e6a3836968f0e170d901ef605e7522 HTTP/1.1" 200 36
::1 - - [02/Feb/2022:11:59:22 +0900] "GET /bitrix/tools/public_session.php?k=3799dd62122247cfe3b739fd7398f245.4b05826f897629c037cf93b4638169d7f9e6a3836968f0e170d901ef605e7522 HTTP/1.1" 200 36
::1 - - [02/Feb/2022:12:10:24 +0900] "GET /bitrix/admin/index.php?lang=ru HTTP/1.1" 200 36
::1 - - [02/Feb/2022:12:10:28 +0900] "GET /bitrix/tools/public_session.php?k=3799dd62122247cfe3b739fd7398f245.4b05826f897629c037cf93b4638169d7f9e6a3836968f0e170d901ef605e7522 HTTP/1.1" 200 36
::1 - - [02/Feb/2022:12:11:24 +0900] "-" 408 -
::1 - - [02/Feb/2022:12:15:45 +0900] "GET /hello/pidr HTTP/1.1" 200 983
::1 - - [02/Feb/2022:12:15:45 +0900] "GET /hello/pidr HTTP/1.1" 200 983
::1 - - [02/Feb/2022:12:15:50 +0900] "GET / HTTP/1.1" 200 1188
::1 - - [02/Feb/2022:12:16:45 +0900] "-" 408 -
::1 - - [02/Feb/2022:12:36:22 +0900] "GET /bitrix/tools/public_session.php?k=3799dd62122247cfe3b739fd7398f245.4b05826f897629c037cf93b4638169d7f9e6a3836968f0e170d901ef605e7522 HTTP/1.1" 200 36
::1 - - [02/Feb/2022:12:45:22 +0900] "GET /bitrix/tools/public_session.php?k=3799dd62122247cfe3b739fd7398f245.4b05826f897629c037cf93b4638169d7f9e6a3836968f0e170d901ef605e7522 HTTP/1.1" 200 36
::1 - - [03/Feb/2022:11:56:04 +0900] "GET / HTTP/1.1" 200 1188
::1 - - [03/Feb/2022:11:56:04 +0900] "GET /Templates/Main/styles.css HTTP/1.1" 304 -
::1 - - [03/Feb/2022:11:57:04 +0900] "-" 408 -
::1 - - [03/Feb/2022:12:29:34 +0900] "GET / HTTP/1.1" 200 768
::1 - - [03/Feb/2022:12:30:20 +0900] "GET / HTTP/1.1" 200 782
::1 - - [03/Feb/2022:12:30:37 +0900] "GET / HTTP/1.1" 200 764
::1 - - [03/Feb/2022:12:30:51 +0900] "GET / HTTP/1.1" 200 546
::1 - - [03/Feb/2022:12:31:07 +0900] "GET / HTTP/1.1" 200 409
::1 - - [03/Feb/2022:12:32:07 +0900] "-" 408 -
::1 - - [03/Feb/2022:12:33:39 +0900] "GET / HTTP/1.1" 200 405
::1 - - [03/Feb/2022:12:34:37 +0900] "GET / HTTP/1.1" 200 405
::1 - - [03/Feb/2022:12:34:38 +0900] "GET / HTTP/1.1" 200 405
::1 - - [03/Feb/2022:12:35:09 +0900] "GET / HTTP/1.1" 200 405
::1 - - [03/Feb/2022:12:35:09 +0900] "GET / HTTP/1.1" 200 405
::1 - - [03/Feb/2022:12:36:05 +0900] "GET / HTTP/1.1" 200 405
::1 - - [03/Feb/2022:12:37:00 +0900] "GET / HTTP/1.1" 200 405
::1 - - [03/Feb/2022:12:37:01 +0900] "GET / HTTP/1.1" 200 405
::1 - - [03/Feb/2022:12:37:02 +0900] "GET / HTTP/1.1" 200 405
::1 - - [03/Feb/2022:12:37:03 +0900] "GET / HTTP/1.1" 200 405
::1 - - [03/Feb/2022:12:37:03 +0900] "GET / HTTP/1.1" 200 405
::1 - - [03/Feb/2022:12:38:01 +0900] "-" 408 -
::1 - - [03/Feb/2022:12:39:28 +0900] "GET / HTTP/1.1" 200 77084
::1 - - [03/Feb/2022:12:40:21 +0900] "GET / HTTP/1.1" 200 411
::1 - - [03/Feb/2022:12:41:21 +0900] "-" 408 -
::1 - - [03/Feb/2022:12:41:27 +0900] "GET / HTTP/1.1" 200 525
::1 - - [03/Feb/2022:12:42:08 +0900] "GET / HTTP/1.1" 200 1355
::1 - - [03/Feb/2022:12:42:24 +0900] "GET / HTTP/1.1" 200 411
::1 - - [03/Feb/2022:12:43:08 +0900] "GET / HTTP/1.1" 200 411
::1 - - [03/Feb/2022:12:43:08 +0900] "GET / HTTP/1.1" 200 411
::1 - - [03/Feb/2022:12:43:20 +0900] "GET / HTTP/1.1" 200 411
::1 - - [03/Feb/2022:12:43:32 +0900] "GET / HTTP/1.1" 200 411
::1 - - [03/Feb/2022:12:43:32 +0900] "GET / HTTP/1.1" 200 411
::1 - - [03/Feb/2022:12:43:39 +0900] "GET / HTTP/1.1" 200 471
::1 - - [03/Feb/2022:12:43:53 +0900] "GET / HTTP/1.1" 200 471
::1 - - [03/Feb/2022:12:43:54 +0900] "GET / HTTP/1.1" 200 471
::1 - - [03/Feb/2022:12:44:33 +0900] "GET / HTTP/1.1" 200 471
::1 - - [03/Feb/2022:12:44:34 +0900] "GET / HTTP/1.1" 200 471
::1 - - [03/Feb/2022:12:45:17 +0900] "GET / HTTP/1.1" 200 1355
::1 - - [03/Feb/2022:12:45:36 +0900] "GET / HTTP/1.1" 200 1355
::1 - - [03/Feb/2022:12:45:37 +0900] "GET / HTTP/1.1" 200 1355
::1 - - [03/Feb/2022:12:46:05 +0900] "GET / HTTP/1.1" 200 1355
::1 - - [03/Feb/2022:12:46:06 +0900] "GET / HTTP/1.1" 200 1355
::1 - - [03/Feb/2022:12:46:26 +0900] "GET / HTTP/1.1" 200 1355
::1 - - [03/Feb/2022:12:46:26 +0900] "GET / HTTP/1.1" 200 1355
::1 - - [03/Feb/2022:12:46:46 +0900] "GET / HTTP/1.1" 200 436
::1 - - [03/Feb/2022:12:46:59 +0900] "GET / HTTP/1.1" 200 1355
::1 - - [03/Feb/2022:12:47:00 +0900] "GET / HTTP/1.1" 200 1355
::1 - - [03/Feb/2022:12:47:00 +0900] "GET / HTTP/1.1" 200 1355
::1 - - [03/Feb/2022:12:47:00 +0900] "GET / HTTP/1.1" 200 1355
::1 - - [03/Feb/2022:12:47:09 +0900] "GET / HTTP/1.1" 200 1355
::1 - - [03/Feb/2022:12:47:09 +0900] "GET / HTTP/1.1" 200 1355
::1 - - [03/Feb/2022:12:47:10 +0900] "GET / HTTP/1.1" 200 1355
::1 - - [03/Feb/2022:12:47:26 +0900] "GET / HTTP/1.1" 200 1144
::1 - - [03/Feb/2022:12:47:46 +0900] "GET / HTTP/1.1" 200 382
::1 - - [03/Feb/2022:12:47:47 +0900] "GET / HTTP/1.1" 200 382
::1 - - [03/Feb/2022:12:48:46 +0900] "-" 408 -
::1 - - [03/Feb/2022:12:49:06 +0900] "GET / HTTP/1.1" 200 1145
::1 - - [03/Feb/2022:12:50:06 +0900] "-" 408 -
::1 - - [03/Feb/2022:12:50:46 +0900] "GET / HTTP/1.1" 200 404
::1 - - [03/Feb/2022:12:51:01 +0900] "GET / HTTP/1.1" 200 1390
::1 - - [03/Feb/2022:12:51:47 +0900] "GET / HTTP/1.1" 200 534
::1 - - [03/Feb/2022:12:52:01 +0900] "GET / HTTP/1.1" 200 1299
::1 - - [03/Feb/2022:12:52:26 +0900] "GET / HTTP/1.1" 200 387
::1 - - [03/Feb/2022:12:52:42 +0900] "GET / HTTP/1.1" 200 1310
::1 - - [03/Feb/2022:12:53:42 +0900] "-" 408 -
::1 - - [03/Feb/2022:13:03:38 +0900] "GET / HTTP/1.1" 200 1390
::1 - - [03/Feb/2022:13:03:52 +0900] "GET / HTTP/1.1" 200 1312
::1 - - [03/Feb/2022:13:04:34 +0900] "GET / HTTP/1.1" 200 1312
::1 - - [03/Feb/2022:13:04:34 +0900] "GET / HTTP/1.1" 200 1312
::1 - - [03/Feb/2022:13:04:35 +0900] "GET / HTTP/1.1" 200 1312
::1 - - [03/Feb/2022:13:04:35 +0900] "GET / HTTP/1.1" 200 1312
::1 - - [03/Feb/2022:13:04:35 +0900] "GET / HTTP/1.1" 200 1312
::1 - - [03/Feb/2022:13:05:34 +0900] "-" 408 -
::1 - - [03/Feb/2022:13:05:39 +0900] "GET / HTTP/1.1" 200 1312
::1 - - [03/Feb/2022:13:05:40 +0900] "GET / HTTP/1.1" 200 1312
::1 - - [03/Feb/2022:13:05:40 +0900] "GET / HTTP/1.1" 200 1312
::1 - - [03/Feb/2022:13:05:41 +0900] "GET / HTTP/1.1" 200 1312
::1 - - [03/Feb/2022:13:05:41 +0900] "GET / HTTP/1.1" 200 1312
::1 - - [03/Feb/2022:13:05:52 +0900] "GET / HTTP/1.1" 200 1312
::1 - - [03/Feb/2022:13:05:53 +0900] "GET / HTTP/1.1" 200 1312
::1 - - [03/Feb/2022:13:05:53 +0900] "GET / HTTP/1.1" 200 1312
::1 - - [03/Feb/2022:13:05:53 +0900] "GET / HTTP/1.1" 200 1312
::1 - - [03/Feb/2022:13:06:52 +0900] "-" 408 -
::1 - - [03/Feb/2022:13:07:20 +0900] "GET / HTTP/1.1" 200 1312
::1 - - [03/Feb/2022:13:07:21 +0900] "GET / HTTP/1.1" 200 1312
::1 - - [03/Feb/2022:13:07:39 +0900] "GET / HTTP/1.1" 200 1391
::1 - - [03/Feb/2022:13:07:56 +0900] "GET / HTTP/1.1" 200 2504
::1 - - [03/Feb/2022:13:08:56 +0900] "-" 408 -
::1 - - [03/Feb/2022:13:09:13 +0900] "GET / HTTP/1.1" 200 1312
::1 - - [03/Feb/2022:13:09:14 +0900] "GET / HTTP/1.1" 200 1312
::1 - - [03/Feb/2022:13:10:13 +0900] "-" 408 -
::1 - - [03/Feb/2022:13:11:11 +0900] "GET / HTTP/1.1" 200 2504
::1 - - [03/Feb/2022:13:12:11 +0900] "-" 408 -
::1 - - [03/Feb/2022:13:16:24 +0900] "GET / HTTP/1.1" 200 1355
::1 - - [03/Feb/2022:13:17:24 +0900] "-" 408 -
::1 - - [04/Feb/2022:10:27:11 +0900] "GET / HTTP/1.1" 200 646
::1 - - [04/Feb/2022:10:27:15 +0900] "GET / HTTP/1.1" 200 646
::1 - - [04/Feb/2022:10:27:19 +0900] "GET /favicon.ico HTTP/1.1" 200 36
::1 - - [04/Feb/2022:10:27:37 +0900] "GET / HTTP/1.1" 200 1355
::1 - - [04/Feb/2022:10:27:37 +0900] "GET /Templates/Main/styles.css HTTP/1.1" 304 -
::1 - - [04/Feb/2022:10:27:37 +0900] "GET /favicon.ico HTTP/1.1" 200 36
::1 - - [04/Feb/2022:10:28:16 +0900] "GET / HTTP/1.1" 200 1355
::1 - - [04/Feb/2022:10:28:16 +0900] "GET /favicon.ico HTTP/1.1" 200 36
::1 - - [04/Feb/2022:10:28:17 +0900] "GET /about-me HTTP/1.1" 200 36
::1 - - [04/Feb/2022:10:28:17 +0900] "GET /favicon.ico HTTP/1.1" 200 36
::1 - - [04/Feb/2022:10:28:18 +0900] "GET /favicon.ico HTTP/1.1" 200 36
::1 - - [04/Feb/2022:10:29:16 +0900] "-" 408 -
::1 - - [04/Feb/2022:10:35:57 +0900] "GET / HTTP/1.1" 200 1355
::1 - - [04/Feb/2022:10:35:57 +0900] "GET /favicon.ico HTTP/1.1" 200 36
::1 - - [04/Feb/2022:10:36:04 +0900] "GET /articles/234 HTTP/1.1" 200 268
::1 - - [04/Feb/2022:10:36:04 +0900] "GET /favicon.ico HTTP/1.1" 200 36
::1 - - [04/Feb/2022:10:36:27 +0900] "GET /articles/234 HTTP/1.1" 200 8
::1 - - [04/Feb/2022:10:36:28 +0900] "GET /favicon.ico HTTP/1.1" 200 36
::1 - - [04/Feb/2022:10:37:27 +0900] "-" 408 -
::1 - - [04/Feb/2022:10:40:27 +0900] "GET /articles/234 HTTP/1.1" 200 649
::1 - - [04/Feb/2022:10:40:27 +0900] "GET /favicon.ico HTTP/1.1" 200 36
::1 - - [04/Feb/2022:10:40:31 +0900] "GET /articles/1 HTTP/1.1" 200 647
::1 - - [04/Feb/2022:10:40:31 +0900] "GET /favicon.ico HTTP/1.1" 200 36
::1 - - [04/Feb/2022:10:41:18 +0900] "GET /articles/1 HTTP/1.1" 200 593
::1 - - [04/Feb/2022:10:41:18 +0900] "GET /favicon.ico HTTP/1.1" 200 36
::1 - - [04/Feb/2022:10:42:18 +0900] "-" 408 -
::1 - - [04/Feb/2022:10:42:21 +0900] "GET /articles/1 HTTP/1.1" 200 647
::1 - - [04/Feb/2022:10:42:21 +0900] "GET /favicon.ico HTTP/1.1" 200 36
::1 - - [04/Feb/2022:10:42:31 +0900] "GET /articles/1 HTTP/1.1" 200 593
::1 - - [04/Feb/2022:10:42:31 +0900] "GET /favicon.ico HTTP/1.1" 200 36
::1 - - [04/Feb/2022:10:43:31 +0900] "-" 408 -
::1 - - [04/Feb/2022:10:45:52 +0900] "GET /articles/1 HTTP/1.1" 200 593
::1 - - [04/Feb/2022:10:45:53 +0900] "GET /favicon.ico HTTP/1.1" 200 36
::1 - - [04/Feb/2022:10:46:52 +0900] "-" 408 -
::1 - - [04/Feb/2022:10:49:30 +0900] "GET /articles/1 HTTP/1.1" 200 528
::1 - - [04/Feb/2022:10:49:30 +0900] "GET /favicon.ico HTTP/1.1" 200 36
::1 - - [04/Feb/2022:10:50:25 +0900] "GET /articles/1 HTTP/1.1" 200 426
::1 - - [04/Feb/2022:10:50:25 +0900] "GET /favicon.ico HTTP/1.1" 200 36
::1 - - [04/Feb/2022:10:51:25 +0900] "-" 408 -
::1 - - [04/Feb/2022:10:56:52 +0900] "GET /articles/1 HTTP/1.1" 200 1238
::1 - - [04/Feb/2022:10:56:52 +0900] "GET /favicon.ico HTTP/1.1" 200 36
::1 - - [04/Feb/2022:10:57:52 +0900] "-" 408 -
::1 - - [04/Feb/2022:10:58:27 +0900] "GET /articles/1 HTTP/1.1" 200 1098
::1 - - [04/Feb/2022:10:58:27 +0900] "GET /favicon.ico HTTP/1.1" 200 36
::1 - - [04/Feb/2022:10:58:30 +0900] "GET / HTTP/1.1" 200 1355
::1 - - [04/Feb/2022:10:58:30 +0900] "GET /favicon.ico HTTP/1.1" 200 36
::1 - - [04/Feb/2022:10:59:27 +0900] "-" 408 -
::1 - - [04/Feb/2022:11:02:53 +0900] "GET / HTTP/1.1" 200 1355
::1 - - [04/Feb/2022:11:02:53 +0900] "GET /favicon.ico HTTP/1.1" 200 36
::1 - - [04/Feb/2022:11:02:54 +0900] "GET / HTTP/1.1" 200 1355
::1 - - [04/Feb/2022:11:02:54 +0900] "GET /favicon.ico HTTP/1.1" 200 36
::1 - - [04/Feb/2022:11:02:57 +0900] "GET /2 HTTP/1.1" 200 36
::1 - - [04/Feb/2022:11:02:57 +0900] "GET /favicon.ico HTTP/1.1" 200 36
::1 - - [04/Feb/2022:11:03:05 +0900] "GET /articles/5 HTTP/1.1" 200 1541
::1 - - [04/Feb/2022:11:03:05 +0900] "GET /favicon.ico HTTP/1.1" 200 36
::1 - - [04/Feb/2022:11:03:33 +0900] "GET /articles/5 HTTP/1.1" 200 63
::1 - - [04/Feb/2022:11:03:33 +0900] "GET /favicon.ico HTTP/1.1" 200 36
::1 - - [04/Feb/2022:11:03:47 +0900] "GET /articles/5 HTTP/1.1" 200 63
::1 - - [04/Feb/2022:11:03:47 +0900] "GET /favicon.ico HTTP/1.1" 200 36
::1 - - [04/Feb/2022:11:03:47 +0900] "GET /articles/5 HTTP/1.1" 200 63
::1 - - [04/Feb/2022:11:03:47 +0900] "GET /favicon.ico HTTP/1.1" 200 36
::1 - - [04/Feb/2022:11:03:48 +0900] "GET /articles/5 HTTP/1.1" 200 63
::1 - - [04/Feb/2022:11:03:48 +0900] "GET /favicon.ico HTTP/1.1" 200 36
::1 - - [04/Feb/2022:11:03:48 +0900] "GET /articles/5 HTTP/1.1" 200 63
::1 - - [04/Feb/2022:11:03:48 +0900] "GET /favicon.ico HTTP/1.1" 200 36
::1 - - [04/Feb/2022:11:03:48 +0900] "GET /articles/5 HTTP/1.1" 200 63
::1 - - [04/Feb/2022:11:03:48 +0900] "GET /favicon.ico HTTP/1.1" 200 36
::1 - - [04/Feb/2022:11:04:47 +0900] "-" 408 -
::1 - - [04/Feb/2022:11:11:54 +0900] "GET /articles/5 HTTP/1.1" 200 63
::1 - - [04/Feb/2022:11:11:54 +0900] "GET /favicon.ico HTTP/1.1" 200 36
::1 - - [04/Feb/2022:11:11:54 +0900] "GET /articles/5 HTTP/1.1" 200 63
::1 - - [04/Feb/2022:11:11:54 +0900] "GET /favicon.ico HTTP/1.1" 200 36
::1 - - [04/Feb/2022:11:11:57 +0900] "GET /articles/234 HTTP/1.1" 200 63
::1 - - [04/Feb/2022:11:11:57 +0900] "GET /favicon.ico HTTP/1.1" 200 36
::1 - - [04/Feb/2022:11:12:00 +0900] "GET /articles/1 HTTP/1.1" 200 1098
::1 - - [04/Feb/2022:11:12:00 +0900] "GET /favicon.ico HTTP/1.1" 200 36
::1 - - [04/Feb/2022:11:12:54 +0900] "-" 408 -
::1 - - [04/Feb/2022:11:13:31 +0900] "GET /articles/1 HTTP/1.1" 200 1098
::1 - - [04/Feb/2022:11:13:31 +0900] "GET /favicon.ico HTTP/1.1" 200 36
::1 - - [04/Feb/2022:11:13:33 +0900] "GET /articles/456 HTTP/1.1" 404 63
::1 - - [04/Feb/2022:11:13:34 +0900] "GET /favicon.ico HTTP/1.1" 200 36
::1 - - [04/Feb/2022:11:13:44 +0900] "GET /articles/456 HTTP/1.1" 404 63
::1 - - [04/Feb/2022:11:13:44 +0900] "GET /favicon.ico HTTP/1.1" 200 36
::1 - - [04/Feb/2022:11:13:47 +0900] "GET /articles/456 HTTP/1.1" 404 63
::1 - - [04/Feb/2022:11:13:47 +0900] "GET /favicon.ico HTTP/1.1" 200 36
::1 - - [04/Feb/2022:11:14:44 +0900] "-" 408 -
::1 - - [04/Feb/2022:11:17:41 +0900] "GET /favicon.ico HTTP/1.1" 200 36
::1 - - [04/Feb/2022:11:17:42 +0900] "GET /favicon.ico HTTP/1.1" 200 36
::1 - - [04/Feb/2022:11:17:42 +0900] "GET /favicon.ico HTTP/1.1" 200 36
::1 - - [04/Feb/2022:11:17:45 +0900] "GET / HTTP/1.1" 200 1369
::1 - - [04/Feb/2022:11:17:46 +0900] "GET /favicon.ico HTTP/1.1" 200 36
::1 - - [04/Feb/2022:11:17:50 +0900] "GET / HTTP/1.1" 200 1369
::1 - - [04/Feb/2022:11:17:50 +0900] "GET /favicon.ico HTTP/1.1" 200 36
::1 - - [04/Feb/2022:11:18:10 +0900] "GET / HTTP/1.1" 200 1387
::1 - - [04/Feb/2022:11:18:10 +0900] "GET /favicon.ico HTTP/1.1" 200 36
::1 - - [04/Feb/2022:11:18:11 +0900] "GET / HTTP/1.1" 200 1387
::1 - - [04/Feb/2022:11:18:11 +0900] "GET /favicon.ico HTTP/1.1" 200 36
::1 - - [04/Feb/2022:11:18:12 +0900] "GET / HTTP/1.1" 200 1387
::1 - - [04/Feb/2022:11:18:12 +0900] "GET /favicon.ico HTTP/1.1" 200 36
::1 - - [04/Feb/2022:11:19:04 +0900] "GET / HTTP/1.1" 200 1405
::1 - - [04/Feb/2022:11:19:04 +0900] "GET /favicon.ico HTTP/1.1" 200 36
::1 - - [04/Feb/2022:11:19:05 +0900] "GET /artiles/1 HTTP/1.1" 200 36
::1 - - [04/Feb/2022:11:19:05 +0900] "GET /favicon.ico HTTP/1.1" 200 36
::1 - - [04/Feb/2022:11:19:27 +0900] "GET /artiles/1 HTTP/1.1" 200 36
::1 - - [04/Feb/2022:11:19:27 +0900] "GET /favicon.ico HTTP/1.1" 200 36
::1 - - [04/Feb/2022:11:19:30 +0900] "GET /favicon.ico HTTP/1.1" 200 36
::1 - - [04/Feb/2022:11:19:30 +0900] "GET /artiles/1 HTTP/1.1" 200 36
::1 - - [04/Feb/2022:11:19:30 +0900] "GET /favicon.ico HTTP/1.1" 200 36
::1 - - [04/Feb/2022:11:19:43 +0900] "GET /artiles/1 HTTP/1.1" 200 36
::1 - - [04/Feb/2022:11:19:43 +0900] "GET /favicon.ico HTTP/1.1" 200 36
::1 - - [04/Feb/2022:11:19:44 +0900] "GET /favicon.ico HTTP/1.1" 200 36
::1 - - [04/Feb/2022:11:20:02 +0900] "GET / HTTP/1.1" 200 1407
::1 - - [04/Feb/2022:11:20:02 +0900] "GET /favicon.ico HTTP/1.1" 200 36
::1 - - [04/Feb/2022:11:20:05 +0900] "GET /articles/2 HTTP/1.1" 200 1115
::1 - - [04/Feb/2022:11:20:05 +0900] "GET /favicon.ico HTTP/1.1" 200 36
::1 - - [04/Feb/2022:11:20:08 +0900] "GET / HTTP/1.1" 200 1407
::1 - - [04/Feb/2022:11:20:08 +0900] "GET /favicon.ico HTTP/1.1" 200 36
::1 - - [04/Feb/2022:11:20:08 +0900] "GET /articles/1 HTTP/1.1" 200 1098
::1 - - [04/Feb/2022:11:20:08 +0900] "GET /favicon.ico HTTP/1.1" 200 36
::1 - - [04/Feb/2022:11:20:11 +0900] "GET / HTTP/1.1" 200 1407
::1 - - [04/Feb/2022:11:20:11 +0900] "GET /favicon.ico HTTP/1.1" 200 36
::1 - - [04/Feb/2022:11:20:12 +0900] "GET /articles/2 HTTP/1.1" 200 1115
::1 - - [04/Feb/2022:11:20:12 +0900] "GET /favicon.ico HTTP/1.1" 200 36
::1 - - [04/Feb/2022:11:20:13 +0900] "GET / HTTP/1.1" 200 1407
::1 - - [04/Feb/2022:11:20:14 +0900] "GET /favicon.ico HTTP/1.1" 200 36
::1 - - [04/Feb/2022:11:20:14 +0900] "GET /articles/1 HTTP/1.1" 200 1098
::1 - - [04/Feb/2022:11:20:14 +0900] "GET /favicon.ico HTTP/1.1" 200 36
::1 - - [04/Feb/2022:11:20:15 +0900] "GET / HTTP/1.1" 200 1407
::1 - - [04/Feb/2022:11:20:15 +0900] "GET /favicon.ico HTTP/1.1" 200 36
::1 - - [04/Feb/2022:11:20:16 +0900] "GET /articles/2 HTTP/1.1" 200 1115
::1 - - [04/Feb/2022:11:20:16 +0900] "GET /favicon.ico HTTP/1.1" 200 36
::1 - - [04/Feb/2022:11:20:18 +0900] "GET / HTTP/1.1" 200 1407
::1 - - [04/Feb/2022:11:20:18 +0900] "GET /favicon.ico HTTP/1.1" 200 36
::1 - - [04/Feb/2022:11:20:23 +0900] "GET /articles/1 HTTP/1.1" 200 1098
::1 - - [04/Feb/2022:11:20:23 +0900] "GET /favicon.ico HTTP/1.1" 200 36
::1 - - [04/Feb/2022:11:20:25 +0900] "GET /about-me HTTP/1.1" 200 36
::1 - - [04/Feb/2022:11:20:25 +0900] "GET /favicon.ico HTTP/1.1" 200 36
::1 - - [04/Feb/2022:11:20:26 +0900] "GET /favicon.ico HTTP/1.1" 200 36
::1 - - [04/Feb/2022:11:20:27 +0900] "GET / HTTP/1.1" 200 1407
::1 - - [04/Feb/2022:11:20:27 +0900] "GET /favicon.ico HTTP/1.1" 200 36
::1 - - [04/Feb/2022:11:20:28 +0900] "GET /articles/2 HTTP/1.1" 200 1115
::1 - - [04/Feb/2022:11:20:28 +0900] "GET /favicon.ico HTTP/1.1" 200 36
::1 - - [04/Feb/2022:11:20:30 +0900] "GET / HTTP/1.1" 200 1407
::1 - - [04/Feb/2022:11:20:30 +0900] "GET /favicon.ico HTTP/1.1" 200 36
::1 - - [04/Feb/2022:11:20:31 +0900] "GET /articles/2 HTTP/1.1" 200 1115
::1 - - [04/Feb/2022:11:20:31 +0900] "GET /favicon.ico HTTP/1.1" 200 36
::1 - - [04/Feb/2022:11:20:32 +0900] "GET / HTTP/1.1" 200 1407
::1 - - [04/Feb/2022:11:20:32 +0900] "GET /favicon.ico HTTP/1.1" 200 36
::1 - - [04/Feb/2022:11:21:23 +0900] "-" 408 -
::1 - - [04/Feb/2022:11:22:37 +0900] "GET / HTTP/1.1" 200 1407
::1 - - [04/Feb/2022:11:22:37 +0900] "GET /favicon.ico HTTP/1.1" 200 36
::1 - - [04/Feb/2022:11:22:38 +0900] "GET / HTTP/1.1" 200 1407
::1 - - [04/Feb/2022:11:22:38 +0900] "GET /favicon.ico HTTP/1.1" 200 36
::1 - - [04/Feb/2022:11:22:39 +0900] "GET / HTTP/1.1" 200 1407
::1 - - [04/Feb/2022:11:22:39 +0900] "GET /Templates/Main/styles.css HTTP/1.1" 200 495
::1 - - [04/Feb/2022:11:22:39 +0900] "GET /favicon.ico HTTP/1.1" 200 36
::1 - - [04/Feb/2022:11:23:07 +0900] "GET / HTTP/1.1" 200 1407
::1 - - [04/Feb/2022:11:23:07 +0900] "GET /Templates/Main/styles.css HTTP/1.1" 200 495
::1 - - [04/Feb/2022:11:23:07 +0900] "GET /favicon.ico HTTP/1.1" 200 36
::1 - - [04/Feb/2022:11:23:35 +0900] "GET / HTTP/1.1" 200 1407
::1 - - [04/Feb/2022:11:23:35 +0900] "GET /Templates/Main/styles.css HTTP/1.1" 200 536
::1 - - [04/Feb/2022:11:23:36 +0900] "GET /favicon.ico HTTP/1.1" 200 36
::1 - - [04/Feb/2022:11:23:36 +0900] "GET / HTTP/1.1" 200 1407
::1 - - [04/Feb/2022:11:23:36 +0900] "GET /Templates/Main/styles.css HTTP/1.1" 304 -
::1 - - [04/Feb/2022:11:23:36 +0900] "GET /favicon.ico HTTP/1.1" 200 36
::1 - - [04/Feb/2022:11:23:56 +0900] "GET / HTTP/1.1" 200 1407
::1 - - [04/Feb/2022:11:23:56 +0900] "GET /Templates/Main/styles.css HTTP/1.1" 200 586
::1 - - [04/Feb/2022:11:23:57 +0900] "GET /favicon.ico HTTP/1.1" 200 36
::1 - - [04/Feb/2022:11:24:12 +0900] "GET / HTTP/1.1" 200 1407
::1 - - [04/Feb/2022:11:24:12 +0900] "GET /Templates/Main/styles.css HTTP/1.1" 200 624
::1 - - [04/Feb/2022:11:24:12 +0900] "GET /favicon.ico HTTP/1.1" 200 36
::1 - - [04/Feb/2022:11:24:12 +0900] "GET / HTTP/1.1" 200 1407
::1 - - [04/Feb/2022:11:24:13 +0900] "GET /Templates/Main/styles.css HTTP/1.1" 304 -
::1 - - [04/Feb/2022:11:24:13 +0900] "GET /favicon.ico HTTP/1.1" 200 36
::1 - - [04/Feb/2022:11:24:13 +0900] "GET / HTTP/1.1" 200 1407
::1 - - [04/Feb/2022:11:24:13 +0900] "GET /Templates/Main/styles.css HTTP/1.1" 200 624
::1 - - [04/Feb/2022:11:24:13 +0900] "GET /favicon.ico HTTP/1.1" 200 36
::1 - - [04/Feb/2022:11:24:21 +0900] "GET /Templates/Main/styles.css HTTP/1.1" 304 -
::1 - - [04/Feb/2022:11:24:45 +0900] "GET / HTTP/1.1" 200 1407
::1 - - [04/Feb/2022:11:24:45 +0900] "GET /Templates/Main/styles.css HTTP/1.1" 200 630
::1 - - [04/Feb/2022:11:24:46 +0900] "GET /favicon.ico HTTP/1.1" 200 36
::1 - - [04/Feb/2022:11:25:09 +0900] "GET / HTTP/1.1" 200 1407
::1 - - [04/Feb/2022:11:25:09 +0900] "GET /Templates/Main/styles.css HTTP/1.1" 200 600
::1 - - [04/Feb/2022:11:25:09 +0900] "GET /favicon.ico HTTP/1.1" 200 36
::1 - - [04/Feb/2022:11:25:23 +0900] "GET / HTTP/1.1" 200 1407
::1 - - [04/Feb/2022:11:25:23 +0900] "GET /Templates/Main/styles.css HTTP/1.1" 200 586
::1 - - [04/Feb/2022:11:25:23 +0900] "GET /favicon.ico HTTP/1.1" 200 36
::1 - - [04/Feb/2022:11:25:43 +0900] "GET / HTTP/1.1" 200 1407
::1 - - [04/Feb/2022:11:25:43 +0900] "GET /Templates/Main/styles.css HTTP/1.1" 200 594
::1 - - [04/Feb/2022:11:25:43 +0900] "GET /favicon.ico HTTP/1.1" 200 36
::1 - - [04/Feb/2022:11:25:59 +0900] "GET / HTTP/1.1" 200 1407
::1 - - [04/Feb/2022:11:25:59 +0900] "GET /Templates/Main/styles.css HTTP/1.1" 200 594
::1 - - [04/Feb/2022:11:25:59 +0900] "GET /favicon.ico HTTP/1.1" 200 36
::1 - - [04/Feb/2022:11:26:12 +0900] "GET / HTTP/1.1" 200 1407
::1 - - [04/Feb/2022:11:26:12 +0900] "GET /Templates/Main/styles.css HTTP/1.1" 200 594
::1 - - [04/Feb/2022:11:26:12 +0900] "GET /favicon.ico HTTP/1.1" 200 36
::1 - - [04/Feb/2022:11:26:36 +0900] "GET / HTTP/1.1" 200 1407
::1 - - [04/Feb/2022:11:26:36 +0900] "GET /Templates/Main/styles.css HTTP/1.1" 200 600
::1 - - [04/Feb/2022:11:26:36 +0900] "GET /favicon.ico HTTP/1.1" 200 36
::1 - - [04/Feb/2022:11:26:41 +0900] "GET / HTTP/1.1" 200 1407
::1 - - [04/Feb/2022:11:26:41 +0900] "GET /Templates/Main/styles.css HTTP/1.1" 200 601
::1 - - [04/Feb/2022:11:26:42 +0900] "GET /favicon.ico HTTP/1.1" 200 36
::1 - - [04/Feb/2022:11:27:27 +0900] "GET / HTTP/1.1" 200 1407
::1 - - [04/Feb/2022:11:27:27 +0900] "GET /Templates/Main/styles.css HTTP/1.1" 200 673
::1 - - [04/Feb/2022:11:27:27 +0900] "GET /favicon.ico HTTP/1.1" 200 36
::1 - - [04/Feb/2022:11:27:28 +0900] "GET / HTTP/1.1" 200 1407
::1 - - [04/Feb/2022:11:27:28 +0900] "GET /Templates/Main/styles.css HTTP/1.1" 304 -
::1 - - [04/Feb/2022:11:27:28 +0900] "GET /favicon.ico HTTP/1.1" 200 36
::1 - - [04/Feb/2022:11:28:01 +0900] "GET / HTTP/1.1" 200 1407
::1 - - [04/Feb/2022:11:28:01 +0900] "GET /Templates/Main/styles.css HTTP/1.1" 200 676
::1 - - [04/Feb/2022:11:28:01 +0900] "GET /favicon.ico HTTP/1.1" 200 36
::1 - - [04/Feb/2022:11:28:02 +0900] "GET / HTTP/1.1" 200 1407
::1 - - [04/Feb/2022:11:28:02 +0900] "GET /Templates/Main/styles.css HTTP/1.1" 304 -
::1 - - [04/Feb/2022:11:28:02 +0900] "GET /favicon.ico HTTP/1.1" 200 36
::1 - - [04/Feb/2022:11:28:03 +0900] "GET / HTTP/1.1" 200 1407
::1 - - [04/Feb/2022:11:28:03 +0900] "GET /Templates/Main/styles.css HTTP/1.1" 200 676
::1 - - [04/Feb/2022:11:28:03 +0900] "GET /favicon.ico HTTP/1.1" 200 36
::1 - - [04/Feb/2022:11:28:13 +0900] "GET / HTTP/1.1" 200 1407
::1 - - [04/Feb/2022:11:28:13 +0900] "GET /Templates/Main/styles.css HTTP/1.1" 200 692
::1 - - [04/Feb/2022:11:28:13 +0900] "GET /favicon.ico HTTP/1.1" 200 36
::1 - - [04/Feb/2022:11:28:14 +0900] "GET / HTTP/1.1" 200 1407
::1 - - [04/Feb/2022:11:28:14 +0900] "GET /Templates/Main/styles.css HTTP/1.1" 200 692
::1 - - [04/Feb/2022:11:28:14 +0900] "GET /favicon.ico HTTP/1.1" 200 36
::1 - - [04/Feb/2022:11:28:24 +0900] "GET / HTTP/1.1" 200 1407
::1 - - [04/Feb/2022:11:28:24 +0900] "GET /Templates/Main/styles.css HTTP/1.1" 200 698
::1 - - [04/Feb/2022:11:28:24 +0900] "GET /favicon.ico HTTP/1.1" 200 36
::1 - - [04/Feb/2022:11:28:25 +0900] "GET / HTTP/1.1" 200 1407
::1 - - [04/Feb/2022:11:28:25 +0900] "GET /Templates/Main/styles.css HTTP/1.1" 200 698
::1 - - [04/Feb/2022:11:28:25 +0900] "GET /favicon.ico HTTP/1.1" 200 36
::1 - - [04/Feb/2022:11:28:59 +0900] "GET / HTTP/1.1" 200 1407
::1 - - [04/Feb/2022:11:28:59 +0900] "GET /Templates/Main/styles.css HTTP/1.1" 200 692
::1 - - [04/Feb/2022:11:28:59 +0900] "GET /favicon.ico HTTP/1.1" 200 36
::1 - - [04/Feb/2022:11:29:00 +0900] "GET / HTTP/1.1" 200 1407
::1 - - [04/Feb/2022:11:29:00 +0900] "GET /Templates/Main/styles.css HTTP/1.1" 304 -
::1 - - [04/Feb/2022:11:29:00 +0900] "GET /favicon.ico HTTP/1.1" 200 36
::1 - - [04/Feb/2022:11:29:13 +0900] "GET / HTTP/1.1" 200 1407
::1 - - [04/Feb/2022:11:29:13 +0900] "GET /Templates/Main/styles.css HTTP/1.1" 200 688
::1 - - [04/Feb/2022:11:29:13 +0900] "GET /favicon.ico HTTP/1.1" 200 36
::1 - - [04/Feb/2022:11:29:23 +0900] "GET / HTTP/1.1" 200 1407
::1 - - [04/Feb/2022:11:29:23 +0900] "GET /Templates/Main/styles.css HTTP/1.1" 200 690
::1 - - [04/Feb/2022:11:29:23 +0900] "GET /favicon.ico HTTP/1.1" 200 36
::1 - - [04/Feb/2022:11:29:24 +0900] "GET / HTTP/1.1" 200 1407
::1 - - [04/Feb/2022:11:29:24 +0900] "GET /Templates/Main/styles.css HTTP/1.1" 304 -
::1 - - [04/Feb/2022:11:29:24 +0900] "GET /favicon.ico HTTP/1.1" 200 36
::1 - - [04/Feb/2022:11:30:23 +0900] "-" 408 -
::1 - - [04/Feb/2022:11:31:14 +0900] "GET / HTTP/1.1" 200 1407
::1 - - [04/Feb/2022:11:31:14 +0900] "GET /Templates/Main/styles.css HTTP/1.1" 200 692
::1 - - [04/Feb/2022:11:31:14 +0900] "GET /favicon.ico HTTP/1.1" 200 36
::1 - - [04/Feb/2022:11:31:31 +0900] "GET / HTTP/1.1" 200 1407
::1 - - [04/Feb/2022:11:31:31 +0900] "GET /Templates/Main/styles.css HTTP/1.1" 200 695
::1 - - [04/Feb/2022:11:31:31 +0900] "GET /favicon.ico HTTP/1.1" 200 36
::1 - - [04/Feb/2022:11:31:43 +0900] "GET / HTTP/1.1" 200 1407
::1 - - [04/Feb/2022:11:31:44 +0900] "GET /Templates/Main/styles.css HTTP/1.1" 200 651
::1 - - [04/Feb/2022:11:31:44 +0900] "GET /favicon.ico HTTP/1.1" 200 36
::1 - - [04/Feb/2022:11:31:51 +0900] "GET / HTTP/1.1" 200 1407
::1 - - [04/Feb/2022:11:31:51 +0900] "GET /Templates/Main/styles.css HTTP/1.1" 200 670
::1 - - [04/Feb/2022:11:31:51 +0900] "GET /favicon.ico HTTP/1.1" 200 36
::1 - - [04/Feb/2022:11:32:04 +0900] "GET / HTTP/1.1" 200 1407
::1 - - [04/Feb/2022:11:32:04 +0900] "GET /Templates/Main/styles.css HTTP/1.1" 200 691
::1 - - [04/Feb/2022:11:32:04 +0900] "GET /favicon.ico HTTP/1.1" 200 36
::1 - - [04/Feb/2022:11:32:19 +0900] "GET / HTTP/1.1" 200 1407
::1 - - [04/Feb/2022:11:32:19 +0900] "GET /Templates/Main/styles.css HTTP/1.1" 200 767
::1 - - [04/Feb/2022:11:32:19 +0900] "GET /favicon.ico HTTP/1.1" 200 36
::1 - - [04/Feb/2022:11:32:32 +0900] "GET / HTTP/1.1" 200 1407
::1 - - [04/Feb/2022:11:32:32 +0900] "GET /Templates/Main/styles.css HTTP/1.1" 200 769
::1 - - [04/Feb/2022:11:32:32 +0900] "GET /favicon.ico HTTP/1.1" 200 36
::1 - - [04/Feb/2022:11:33:00 +0900] "GET / HTTP/1.1" 200 1407
::1 - - [04/Feb/2022:11:33:00 +0900] "GET /Templates/Main/styles.css HTTP/1.1" 200 773
::1 - - [04/Feb/2022:11:33:00 +0900] "GET /favicon.ico HTTP/1.1" 200 36
::1 - - [04/Feb/2022:11:33:29 +0900] "GET / HTTP/1.1" 200 1407
::1 - - [04/Feb/2022:11:33:29 +0900] "GET /Templates/Main/styles.css HTTP/1.1" 200 808
::1 - - [04/Feb/2022:11:33:30 +0900] "GET /favicon.ico HTTP/1.1" 200 36
::1 - - [04/Feb/2022:11:33:48 +0900] "GET / HTTP/1.1" 200 1407
::1 - - [04/Feb/2022:11:33:48 +0900] "GET /Templates/Main/styles.css HTTP/1.1" 200 794
::1 - - [04/Feb/2022:11:33:48 +0900] "GET /favicon.ico HTTP/1.1" 200 36
::1 - - [04/Feb/2022:11:33:49 +0900] "GET / HTTP/1.1" 200 1407
::1 - - [04/Feb/2022:11:33:49 +0900] "GET /Templates/Main/styles.css HTTP/1.1" 200 794
::1 - - [04/Feb/2022:11:33:49 +0900] "GET /favicon.ico HTTP/1.1" 200 36
::1 - - [04/Feb/2022:11:34:24 +0900] "GET / HTTP/1.1" 200 1407
::1 - - [04/Feb/2022:11:34:24 +0900] "GET /Templates/Main/styles.css HTTP/1.1" 200 771
::1 - - [04/Feb/2022:11:34:24 +0900] "GET /favicon.ico HTTP/1.1" 200 36
::1 - - [04/Feb/2022:11:34:32 +0900] "GET / HTTP/1.1" 200 1407
::1 - - [04/Feb/2022:11:34:32 +0900] "GET /Templates/Main/styles.css HTTP/1.1" 200 796
::1 - - [04/Feb/2022:11:34:32 +0900] "GET /favicon.ico HTTP/1.1" 200 36
::1 - - [04/Feb/2022:11:34:42 +0900] "GET / HTTP/1.1" 200 1407
::1 - - [04/Feb/2022:11:34:42 +0900] "GET /Templates/Main/styles.css HTTP/1.1" 200 806
::1 - - [04/Feb/2022:11:34:42 +0900] "GET /favicon.ico HTTP/1.1" 200 36
::1 - - [04/Feb/2022:11:35:26 +0900] "GET / HTTP/1.1" 200 1407
::1 - - [04/Feb/2022:11:35:26 +0900] "GET /Templates/Main/styles.css HTTP/1.1" 200 834
::1 - - [04/Feb/2022:11:35:26 +0900] "GET /favicon.ico HTTP/1.1" 200 36
::1 - - [04/Feb/2022:11:35:51 +0900] "GET / HTTP/1.1" 200 1407
::1 - - [04/Feb/2022:11:35:51 +0900] "GET /Templates/Main/styles.css HTTP/1.1" 200 860
::1 - - [04/Feb/2022:11:35:51 +0900] "GET /favicon.ico HTTP/1.1" 200 36
::1 - - [04/Feb/2022:11:35:52 +0900] "GET / HTTP/1.1" 200 1407
::1 - - [04/Feb/2022:11:35:52 +0900] "GET /Templates/Main/styles.css HTTP/1.1" 304 -
::1 - - [04/Feb/2022:11:35:52 +0900] "GET /favicon.ico HTTP/1.1" 200 36
::1 - - [04/Feb/2022:11:35:52 +0900] "GET / HTTP/1.1" 200 1407
::1 - - [04/Feb/2022:11:35:52 +0900] "GET /Templates/Main/styles.css HTTP/1.1" 304 -
::1 - - [04/Feb/2022:11:35:52 +0900] "GET /favicon.ico HTTP/1.1" 200 36
::1 - - [04/Feb/2022:11:35:52 +0900] "GET / HTTP/1.1" 200 1407
::1 - - [04/Feb/2022:11:35:52 +0900] "GET /Templates/Main/styles.css HTTP/1.1" 304 -
::1 - - [04/Feb/2022:11:35:52 +0900] "GET /favicon.ico HTTP/1.1" 200 36
::1 - - [04/Feb/2022:11:35:52 +0900] "GET / HTTP/1.1" 200 1407
::1 - - [04/Feb/2022:11:35:52 +0900] "GET /Templates/Main/styles.css HTTP/1.1" 304 -
::1 - - [04/Feb/2022:11:35:52 +0900] "GET /favicon.ico HTTP/1.1" 200 36
::1 - - [04/Feb/2022:11:35:53 +0900] "GET / HTTP/1.1" 200 1407
::1 - - [04/Feb/2022:11:35:53 +0900] "GET /Templates/Main/styles.css HTTP/1.1" 200 860
::1 - - [04/Feb/2022:11:35:53 +0900] "GET /favicon.ico HTTP/1.1" 200 36
::1 - - [04/Feb/2022:11:36:00 +0900] "GET / HTTP/1.1" 200 1407
::1 - - [04/Feb/2022:11:36:00 +0900] "GET /Templates/Main/styles.css HTTP/1.1" 200 840
::1 - - [04/Feb/2022:11:36:00 +0900] "GET /favicon.ico HTTP/1.1" 200 36
::1 - - [04/Feb/2022:11:36:21 +0900] "GET /articles/1 HTTP/1.1" 200 1098
::1 - - [04/Feb/2022:11:36:21 +0900] "GET /Templates/Main/styles.css HTTP/1.1" 304 -
::1 - - [04/Feb/2022:11:36:21 +0900] "GET /favicon.ico HTTP/1.1" 200 36
::1 - - [04/Feb/2022:11:36:23 +0900] "GET / HTTP/1.1" 200 1407
::1 - - [04/Feb/2022:11:36:23 +0900] "GET /favicon.ico HTTP/1.1" 200 36
::1 - - [04/Feb/2022:11:36:24 +0900] "GET /articles/2 HTTP/1.1" 200 1115
::1 - - [04/Feb/2022:11:36:24 +0900] "GET /Templates/Main/styles.css HTTP/1.1" 304 -
::1 - - [04/Feb/2022:11:36:24 +0900] "GET /favicon.ico HTTP/1.1" 200 36
::1 - - [04/Feb/2022:11:36:25 +0900] "GET / HTTP/1.1" 200 1407
::1 - - [04/Feb/2022:11:36:25 +0900] "GET /favicon.ico HTTP/1.1" 200 36
::1 - - [04/Feb/2022:11:37:21 +0900] "-" 408 -
::1 - - [04/Feb/2022:15:31:20 +0900] "GET / HTTP/1.1" 200 527
::1 - - [04/Feb/2022:15:31:31 +0900] "GET / HTTP/1.1" 200 527
::1 - - [04/Feb/2022:15:31:34 +0900] "GET / HTTP/1.1" 200 527
::1 - - [04/Feb/2022:15:31:36 +0900] "GET / HTTP/1.1" 200 527
::1 - - [04/Feb/2022:15:31:39 +0900] "GET / HTTP/1.1" 200 527
::1 - - [04/Feb/2022:15:31:47 +0900] "GET / HTTP/1.1" 200 695
::1 - - [04/Feb/2022:15:32:47 +0900] "-" 408 -
::1 - - [04/Feb/2022:15:36:13 +0900] "GET / HTTP/1.1" 200 975
::1 - - [04/Feb/2022:15:37:13 +0900] "-" 408 -
::1 - - [04/Feb/2022:15:38:36 +0900] "GET /bitrix/tools/public_session.php?k=4e6ab75e234f60238687933076b6e8ef.71f53dc52dfd721b80c33cb004da46363bf7593ed616b105c153f8dd1be65926 HTTP/1.1" 200 36
::1 - - [04/Feb/2022:15:39:52 +0900] "GET / HTTP/1.1" 200 166
::1 - - [04/Feb/2022:15:40:36 +0900] "GET / HTTP/1.1" 200 174
::1 - - [04/Feb/2022:15:40:44 +0900] "GET / HTTP/1.1" 200 167
::1 - - [04/Feb/2022:15:41:44 +0900] "-" 408 -
::1 - - [04/Feb/2022:15:41:53 +0900] "GET / HTTP/1.1" 200 166
::1 - - [04/Feb/2022:15:41:54 +0900] "GET / HTTP/1.1" 200 166
::1 - - [04/Feb/2022:15:42:53 +0900] "-" 408 -
::1 - - [04/Feb/2022:15:43:19 +0900] "GET / HTTP/1.1" 200 166
::1 - - [04/Feb/2022:15:43:20 +0900] "GET / HTTP/1.1" 200 166
::1 - - [04/Feb/2022:15:43:41 +0900] "GET / HTTP/1.1" 200 167
::1 - - [04/Feb/2022:15:43:43 +0900] "GET / HTTP/1.1" 200 167
::1 - - [04/Feb/2022:15:43:44 +0900] "GET / HTTP/1.1" 200 167
::1 - - [04/Feb/2022:15:43:44 +0900] "GET / HTTP/1.1" 200 167
::1 - - [04/Feb/2022:15:44:41 +0900] "-" 408 -
::1 - - [04/Feb/2022:15:45:12 +0900] "GET / HTTP/1.1" 200 1179
::1 - - [04/Feb/2022:15:45:39 +0900] "GET / HTTP/1.1" 200 1179
::1 - - [04/Feb/2022:15:45:40 +0900] "GET / HTTP/1.1" 200 1179
::1 - - [04/Feb/2022:15:45:40 +0900] "GET / HTTP/1.1" 200 1179
::1 - - [04/Feb/2022:15:45:40 +0900] "GET / HTTP/1.1" 200 1179
::1 - - [04/Feb/2022:15:45:40 +0900] "GET / HTTP/1.1" 200 1179
::1 - - [04/Feb/2022:15:46:39 +0900] "-" 408 -
::1 - - [04/Feb/2022:15:47:36 +0900] "GET / HTTP/1.1" 200 1227
::1 - - [04/Feb/2022:15:48:36 +0900] "-" 408 -
::1 - - [04/Feb/2022:15:50:16 +0900] "GET / HTTP/1.1" 200 1227
::1 - - [04/Feb/2022:15:50:17 +0900] "GET / HTTP/1.1" 200 1227
::1 - - [04/Feb/2022:15:51:16 +0900] "-" 408 -
::1 - - [04/Feb/2022:15:54:41 +0900] "GET / HTTP/1.1" 200 1279
::1 - - [04/Feb/2022:15:54:42 +0900] "GET / HTTP/1.1" 200 1279
::1 - - [04/Feb/2022:15:54:43 +0900] "GET / HTTP/1.1" 200 1279
::1 - - [04/Feb/2022:15:54:43 +0900] "GET / HTTP/1.1" 200 1279
::1 - - [04/Feb/2022:15:54:44 +0900] "GET / HTTP/1.1" 200 1279
::1 - - [04/Feb/2022:15:54:44 +0900] "GET / HTTP/1.1" 200 1279
::1 - - [04/Feb/2022:15:54:53 +0900] "GET / HTTP/1.1" 200 1279
::1 - - [04/Feb/2022:15:54:53 +0900] "GET /favicon.ico HTTP/1.1" 200 36
::1 - - [04/Feb/2022:15:54:53 +0900] "GET / HTTP/1.1" 200 1279
::1 - - [04/Feb/2022:15:54:53 +0900] "GET /favicon.ico HTTP/1.1" 200 36
::1 - - [04/Feb/2022:15:55:05 +0900] "GET / HTTP/1.1" 200 1279
::1 - - [04/Feb/2022:15:55:05 +0900] "GET /favicon.ico HTTP/1.1" 200 36
::1 - - [04/Feb/2022:15:55:06 +0900] "GET / HTTP/1.1" 200 1279
::1 - - [04/Feb/2022:15:55:06 +0900] "GET /favicon.ico HTTP/1.1" 200 36
::1 - - [04/Feb/2022:15:55:06 +0900] "GET / HTTP/1.1" 200 1279
::1 - - [04/Feb/2022:15:55:06 +0900] "GET /favicon.ico HTTP/1.1" 200 36
::1 - - [04/Feb/2022:15:55:07 +0900] "GET / HTTP/1.1" 200 1279
::1 - - [04/Feb/2022:15:55:07 +0900] "GET /favicon.ico HTTP/1.1" 200 36
::1 - - [04/Feb/2022:15:55:20 +0900] "GET / HTTP/1.1" 200 232
::1 - - [04/Feb/2022:15:55:20 +0900] "GET /favicon.ico HTTP/1.1" 200 36
::1 - - [04/Feb/2022:15:55:28 +0900] "GET / HTTP/1.1" 200 1279
::1 - - [04/Feb/2022:15:55:28 +0900] "GET /favicon.ico HTTP/1.1" 200 36
::1 - - [04/Feb/2022:15:55:29 +0900] "GET / HTTP/1.1" 200 1279
::1 - - [04/Feb/2022:15:55:29 +0900] "GET /favicon.ico HTTP/1.1" 200 36
::1 - - [04/Feb/2022:15:55:43 +0900] "GET / HTTP/1.1" 200 1279
::1 - - [04/Feb/2022:15:55:43 +0900] "GET /favicon.ico HTTP/1.1" 200 36
::1 - - [04/Feb/2022:15:55:44 +0900] "GET / HTTP/1.1" 200 1279
::1 - - [04/Feb/2022:15:55:44 +0900] "GET /favicon.ico HTTP/1.1" 200 36
::1 - - [04/Feb/2022:15:55:45 +0900] "GET / HTTP/1.1" 200 1279
::1 - - [04/Feb/2022:15:55:45 +0900] "GET /favicon.ico HTTP/1.1" 200 36
::1 - - [04/Feb/2022:15:55:45 +0900] "GET / HTTP/1.1" 200 1279
::1 - - [04/Feb/2022:15:55:45 +0900] "GET /favicon.ico HTTP/1.1" 200 36
::1 - - [04/Feb/2022:15:55:45 +0900] "GET / HTTP/1.1" 200 1279
::1 - - [04/Feb/2022:15:55:45 +0900] "GET /favicon.ico HTTP/1.1" 200 36
::1 - - [04/Feb/2022:15:56:38 +0900] "GET / HTTP/1.1" 200 284
::1 - - [04/Feb/2022:15:56:38 +0900] "GET /favicon.ico HTTP/1.1" 200 36
::1 - - [04/Feb/2022:15:56:53 +0900] "GET / HTTP/1.1" 200 1279
::1 - - [04/Feb/2022:15:56:53 +0900] "GET /favicon.ico HTTP/1.1" 200 36
::1 - - [04/Feb/2022:15:57:06 +0900] "GET / HTTP/1.1" 200 1227
::1 - - [04/Feb/2022:15:57:06 +0900] "GET /favicon.ico HTTP/1.1" 200 36
::1 - - [04/Feb/2022:15:57:07 +0900] "GET / HTTP/1.1" 200 1227
::1 - - [04/Feb/2022:15:57:07 +0900] "GET /favicon.ico HTTP/1.1" 200 36
::1 - - [04/Feb/2022:15:57:21 +0900] "GET / HTTP/1.1" 200 1279
::1 - - [04/Feb/2022:15:57:21 +0900] "GET /favicon.ico HTTP/1.1" 200 36
::1 - - [04/Feb/2022:15:57:21 +0900] "GET / HTTP/1.1" 200 1279
::1 - - [04/Feb/2022:15:57:22 +0900] "GET /favicon.ico HTTP/1.1" 200 36
::1 - - [04/Feb/2022:15:57:53 +0900] "GET / HTTP/1.1" 200 1227
::1 - - [04/Feb/2022:15:57:53 +0900] "GET /favicon.ico HTTP/1.1" 200 36
::1 - - [04/Feb/2022:15:58:32 +0900] "GET / HTTP/1.1" 200 1279
::1 - - [04/Feb/2022:15:58:32 +0900] "GET /favicon.ico HTTP/1.1" 200 36
::1 - - [04/Feb/2022:15:59:32 +0900] "-" 408 -
::1 - - [04/Feb/2022:16:00:54 +0900] "GET / HTTP/1.1" 200 1289
::1 - - [04/Feb/2022:16:00:54 +0900] "GET /favicon.ico HTTP/1.1" 200 36
::1 - - [04/Feb/2022:16:01:54 +0900] "-" 408 -
::1 - - [04/Feb/2022:16:07:40 +0900] "GET / HTTP/1.1" 200 1185
::1 - - [04/Feb/2022:16:07:40 +0900] "GET /favicon.ico HTTP/1.1" 200 36
::1 - - [04/Feb/2022:16:08:36 +0900] "GET /bitrix/tools/public_session.php?k=4e6ab75e234f60238687933076b6e8ef.71f53dc52dfd721b80c33cb004da46363bf7593ed616b105c153f8dd1be65926 HTTP/1.1" 200 36
::1 - - [04/Feb/2022:16:11:28 +0900] "GET / HTTP/1.1" 200 1227
::1 - - [04/Feb/2022:16:11:28 +0900] "GET /favicon.ico HTTP/1.1" 200 36
::1 - - [04/Feb/2022:16:11:46 +0900] "GET / HTTP/1.1" 200 1249
::1 - - [04/Feb/2022:16:11:46 +0900] "GET /favicon.ico HTTP/1.1" 200 36
::1 - - [04/Feb/2022:16:12:06 +0900] "GET / HTTP/1.1" 200 1245
::1 - - [04/Feb/2022:16:12:06 +0900] "GET /favicon.ico HTTP/1.1" 200 36
::1 - - [04/Feb/2022:16:12:50 +0900] "GET / HTTP/1.1" 200 1251
::1 - - [04/Feb/2022:16:12:50 +0900] "GET /favicon.ico HTTP/1.1" 200 36
::1 - - [04/Feb/2022:16:13:50 +0900] "-" 408 -
::1 - - [04/Feb/2022:16:14:37 +0900] "GET / HTTP/1.1" 200 1251
::1 - - [04/Feb/2022:16:14:37 +0900] "GET /favicon.ico HTTP/1.1" 200 36
::1 - - [04/Feb/2022:16:14:40 +0900] "GET / HTTP/1.1" 200 1251
::1 - - [04/Feb/2022:16:14:40 +0900] "GET /favicon.ico HTTP/1.1" 200 36
::1 - - [04/Feb/2022:16:14:40 +0900] "GET / HTTP/1.1" 200 1251
::1 - - [04/Feb/2022:16:14:40 +0900] "GET /favicon.ico HTTP/1.1" 200 36
::1 - - [04/Feb/2022:16:15:19 +0900] "GET / HTTP/1.1" 200 1161
::1 - - [04/Feb/2022:16:15:19 +0900] "GET /favicon.ico HTTP/1.1" 200 36
::1 - - [04/Feb/2022:16:15:35 +0900] "GET / HTTP/1.1" 200 1123
::1 - - [04/Feb/2022:16:15:35 +0900] "GET /favicon.ico HTTP/1.1" 200 36
::1 - - [04/Feb/2022:16:15:36 +0900] "GET / HTTP/1.1" 200 1123
::1 - - [04/Feb/2022:16:15:36 +0900] "GET /favicon.ico HTTP/1.1" 200 36
::1 - - [04/Feb/2022:16:15:36 +0900] "GET / HTTP/1.1" 200 1123
::1 - - [04/Feb/2022:16:15:36 +0900] "GET /favicon.ico HTTP/1.1" 200 36
::1 - - [04/Feb/2022:16:16:35 +0900] "-" 408 -
::1 - - [04/Feb/2022:16:19:26 +0900] "GET / HTTP/1.1" 200 1098
::1 - - [04/Feb/2022:16:19:26 +0900] "GET /Templates/Main/styles.css HTTP/1.1" 304 -
::1 - - [04/Feb/2022:16:19:26 +0900] "GET /favicon.ico HTTP/1.1" 200 36
::1 - - [04/Feb/2022:16:19:34 +0900] "GET / HTTP/1.1" 200 1098
::1 - - [04/Feb/2022:16:19:34 +0900] "GET /favicon.ico HTTP/1.1" 200 36
::1 - - [04/Feb/2022:16:19:34 +0900] "GET / HTTP/1.1" 200 1098
::1 - - [04/Feb/2022:16:19:34 +0900] "GET /favicon.ico HTTP/1.1" 200 36
::1 - - [04/Feb/2022:16:19:51 +0900] "GET / HTTP/1.1" 200 1098
::1 - - [04/Feb/2022:16:19:51 +0900] "GET /favicon.ico HTTP/1.1" 200 36
::1 - - [04/Feb/2022:16:19:52 +0900] "GET / HTTP/1.1" 200 1098
::1 - - [04/Feb/2022:16:19:52 +0900] "GET /favicon.ico HTTP/1.1" 200 36
::1 - - [04/Feb/2022:16:20:09 +0900] "GET / HTTP/1.1" 200 1098
::1 - - [04/Feb/2022:16:20:09 +0900] "GET /Templates/Main/styles.css HTTP/1.1" 200 840
::1 - - [04/Feb/2022:16:20:09 +0900] "GET /favicon.ico HTTP/1.1" 200 36
::1 - - [04/Feb/2022:16:21:09 +0900] "-" 408 -
::1 - - [04/Feb/2022:16:21:58 +0900] "GET / HTTP/1.1" 200 1162
::1 - - [04/Feb/2022:16:21:58 +0900] "GET /favicon.ico HTTP/1.1" 200 36
::1 - - [04/Feb/2022:16:22:37 +0900] "GET / HTTP/1.1" 200 1300
::1 - - [04/Feb/2022:16:22:37 +0900] "GET /favicon.ico HTTP/1.1" 200 36
::1 - - [04/Feb/2022:16:22:54 +0900] "GET / HTTP/1.1" 200 1300
::1 - - [04/Feb/2022:16:22:54 +0900] "GET /favicon.ico HTTP/1.1" 200 36
::1 - - [04/Feb/2022:16:23:29 +0900] "GET / HTTP/1.1" 200 1475
::1 - - [04/Feb/2022:16:23:29 +0900] "GET /favicon.ico HTTP/1.1" 200 36
::1 - - [04/Feb/2022:16:23:31 +0900] "GET /articles/%D0%A1%D1%82%D0%B0%D1%82%D1%8C%D1%8F%20%D0%BE%20%D1%82%D0%BE%D0%BC,%20%D0%BA%D0%B0%D0%BA%20%D1%8F%20%D0%BF%D0%BE%D0%B3%D1%83%D0%BB%D1%8F%D0%BB HTTP/1.1" 200 36
::1 - - [04/Feb/2022:16:23:31 +0900] "GET /favicon.ico HTTP/1.1" 200 36
::1 - - [04/Feb/2022:16:23:36 +0900] "GET /favicon.ico HTTP/1.1" 200 36
::1 - - [04/Feb/2022:16:23:44 +0900] "GET / HTTP/1.1" 200 1407
::1 - - [04/Feb/2022:16:23:44 +0900] "GET /favicon.ico HTTP/1.1" 200 36
::1 - - [04/Feb/2022:16:23:45 +0900] "GET /articles/1 HTTP/1.1" 200 1079
::1 - - [04/Feb/2022:16:23:45 +0900] "GET /favicon.ico HTTP/1.1" 200 36
::1 - - [04/Feb/2022:16:23:49 +0900] "GET /favicon.ico HTTP/1.1" 200 36
::1 - - [04/Feb/2022:16:23:50 +0900] "GET /articles/2 HTTP/1.1" 200 1079
::1 - - [04/Feb/2022:16:23:50 +0900] "GET /favicon.ico HTTP/1.1" 200 36
::1 - - [04/Feb/2022:16:23:51 +0900] "GET /favicon.ico HTTP/1.1" 200 36
::1 - - [04/Feb/2022:16:23:52 +0900] "GET / HTTP/1.1" 200 1407
::1 - - [04/Feb/2022:16:23:52 +0900] "GET /favicon.ico HTTP/1.1" 200 36
::1 - - [04/Feb/2022:16:24:44 +0900] "-" 408 -
::1 - - [04/Feb/2022:16:26:31 +0900] "GET / HTTP/1.1" 200 1407
::1 - - [04/Feb/2022:16:26:31 +0900] "GET /favicon.ico HTTP/1.1" 200 36
::1 - - [04/Feb/2022:16:26:32 +0900] "GET /articles/1 HTTP/1.1" 200 1094
::1 - - [04/Feb/2022:16:26:32 +0900] "GET /favicon.ico HTTP/1.1" 200 36
::1 - - [04/Feb/2022:16:27:29 +0900] "GET /articles/1 HTTP/1.1" 200 1094
::1 - - [04/Feb/2022:16:27:29 +0900] "GET /favicon.ico HTTP/1.1" 200 36
::1 - - [04/Feb/2022:16:27:48 +0900] "GET /articles/1 HTTP/1.1" 200 1108
::1 - - [04/Feb/2022:16:27:48 +0900] "GET /favicon.ico HTTP/1.1" 200 36
::1 - - [04/Feb/2022:16:28:48 +0900] "-" 408 -
::1 - - [04/Feb/2022:16:29:24 +0900] "GET /articles/1 HTTP/1.1" 200 1698
::1 - - [04/Feb/2022:16:29:24 +0900] "GET /favicon.ico HTTP/1.1" 200 36
::1 - - [04/Feb/2022:16:30:05 +0900] "GET /articles/1 HTTP/1.1" 200 1098
::1 - - [04/Feb/2022:16:30:05 +0900] "GET /favicon.ico HTTP/1.1" 200 36
::1 - - [04/Feb/2022:16:30:11 +0900] "GET / HTTP/1.1" 200 1407
::1 - - [04/Feb/2022:16:30:11 +0900] "GET /favicon.ico HTTP/1.1" 200 36
::1 - - [04/Feb/2022:16:30:12 +0900] "GET /articles/2 HTTP/1.1" 200 1115
::1 - - [04/Feb/2022:16:30:12 +0900] "GET /favicon.ico HTTP/1.1" 200 36
::1 - - [04/Feb/2022:16:30:15 +0900] "GET / HTTP/1.1" 200 1407
::1 - - [04/Feb/2022:16:30:15 +0900] "GET /favicon.ico HTTP/1.1" 200 36
::1 - - [04/Feb/2022:16:30:17 +0900] "GET /articles/1 HTTP/1.1" 200 1098
::1 - - [04/Feb/2022:16:30:17 +0900] "GET /favicon.ico HTTP/1.1" 200 36
::1 - - [04/Feb/2022:16:30:18 +0900] "GET / HTTP/1.1" 200 1407
::1 - - [04/Feb/2022:16:30:18 +0900] "GET /favicon.ico HTTP/1.1" 200 36
::1 - - [04/Feb/2022:16:30:18 +0900] "GET /articles/2 HTTP/1.1" 200 1115
::1 - - [04/Feb/2022:16:30:18 +0900] "GET /favicon.ico HTTP/1.1" 200 36
::1 - - [04/Feb/2022:16:30:19 +0900] "GET / HTTP/1.1" 200 1407
::1 - - [04/Feb/2022:16:30:19 +0900] "GET /favicon.ico HTTP/1.1" 200 36
::1 - - [04/Feb/2022:16:31:11 +0900] "-" 408 -
::1 - - [04/Feb/2022:16:36:04 +0900] "GET / HTTP/1.1" 200 1407
::1 - - [04/Feb/2022:16:36:04 +0900] "GET /favicon.ico HTTP/1.1" 200 36
::1 - - [04/Feb/2022:16:36:05 +0900] "GET / HTTP/1.1" 200 1407
::1 - - [04/Feb/2022:16:36:05 +0900] "GET /favicon.ico HTTP/1.1" 200 36
::1 - - [04/Feb/2022:16:36:07 +0900] "GET /articles/1 HTTP/1.1" 200 1626
::1 - - [04/Feb/2022:16:36:07 +0900] "GET /favicon.ico HTTP/1.1" 200 36
::1 - - [04/Feb/2022:16:36:21 +0900] "GET /articles/1 HTTP/1.1" 200 1098
::1 - - [04/Feb/2022:16:36:21 +0900] "GET /favicon.ico HTTP/1.1" 200 36
::1 - - [04/Feb/2022:16:36:22 +0900] "GET / HTTP/1.1" 200 1407
::1 - - [04/Feb/2022:16:36:22 +0900] "GET /favicon.ico HTTP/1.1" 200 36
::1 - - [04/Feb/2022:16:36:23 +0900] "GET /articles/2 HTTP/1.1" 200 1115
::1 - - [04/Feb/2022:16:36:23 +0900] "GET /favicon.ico HTTP/1.1" 200 36
::1 - - [04/Feb/2022:16:36:24 +0900] "GET / HTTP/1.1" 200 1407
::1 - - [04/Feb/2022:16:36:24 +0900] "GET /favicon.ico HTTP/1.1" 200 36
::1 - - [04/Feb/2022:16:36:25 +0900] "GET /articles/1 HTTP/1.1" 200 1098
::1 - - [04/Feb/2022:16:36:25 +0900] "GET /favicon.ico HTTP/1.1" 200 36
::1 - - [04/Feb/2022:16:36:26 +0900] "GET / HTTP/1.1" 200 1407
::1 - - [04/Feb/2022:16:36:26 +0900] "GET /favicon.ico HTTP/1.1" 200 36
::1 - - [04/Feb/2022:16:37:21 +0900] "-" 408 -
::1 - - [07/Feb/2022:09:12:42 +0900] "GET / HTTP/1.1" 200 787
::1 - - [07/Feb/2022:09:12:46 +0900] "GET / HTTP/1.1" 200 787
::1 - - [07/Feb/2022:09:12:50 +0900] "GET /favicon.ico HTTP/1.1" 200 36
::1 - - [07/Feb/2022:09:12:59 +0900] "GET / HTTP/1.1" 200 1407
::1 - - [07/Feb/2022:09:12:59 +0900] "GET /Templates/Main/styles.css HTTP/1.1" 304 -
::1 - - [07/Feb/2022:09:12:59 +0900] "GET /favicon.ico HTTP/1.1" 200 36
::1 - - [07/Feb/2022:09:13:00 +0900] "GET /articles/1 HTTP/1.1" 200 1130
::1 - - [07/Feb/2022:09:13:00 +0900] "GET /favicon.ico HTTP/1.1" 200 36
::1 - - [07/Feb/2022:09:13:05 +0900] "GET / HTTP/1.1" 200 1407
::1 - - [07/Feb/2022:09:13:05 +0900] "GET /favicon.ico HTTP/1.1" 200 36
::1 - - [07/Feb/2022:09:13:05 +0900] "GET /articles/2 HTTP/1.1" 200 1147
::1 - - [07/Feb/2022:09:13:06 +0900] "GET /favicon.ico HTTP/1.1" 200 36
::1 - - [07/Feb/2022:09:13:59 +0900] "-" 408 -
::1 - - [07/Feb/2022:09:14:01 +0900] "GET /articles/2 HTTP/1.1" 200 1147
::1 - - [07/Feb/2022:09:14:01 +0900] "GET /favicon.ico HTTP/1.1" 200 36
::1 - - [07/Feb/2022:09:14:02 +0900] "GET /articles/2 HTTP/1.1" 200 1147
::1 - - [07/Feb/2022:09:14:02 +0900] "GET /favicon.ico HTTP/1.1" 200 36
::1 - - [07/Feb/2022:09:14:02 +0900] "GET /articles/2 HTTP/1.1" 200 1147
::1 - - [07/Feb/2022:09:14:02 +0900] "GET /favicon.ico HTTP/1.1" 200 36
::1 - - [07/Feb/2022:09:14:03 +0900] "GET /articles/2 HTTP/1.1" 200 1147
::1 - - [07/Feb/2022:09:14:03 +0900] "GET /favicon.ico HTTP/1.1" 200 36
::1 - - [07/Feb/2022:09:14:03 +0900] "GET /articles/2 HTTP/1.1" 200 1147
::1 - - [07/Feb/2022:09:14:03 +0900] "GET /favicon.ico HTTP/1.1" 200 36
::1 - - [07/Feb/2022:09:14:03 +0900] "GET /articles/2 HTTP/1.1" 200 1147
::1 - - [07/Feb/2022:09:14:03 +0900] "GET /favicon.ico HTTP/1.1" 200 36
::1 - - [07/Feb/2022:09:14:03 +0900] "GET /articles/2 HTTP/1.1" 200 1147
::1 - - [07/Feb/2022:09:14:04 +0900] "GET /favicon.ico HTTP/1.1" 200 36
::1 - - [07/Feb/2022:09:14:21 +0900] "GET /articles/2 HTTP/1.1" 200 1147
::1 - - [07/Feb/2022:09:14:22 +0900] "GET /favicon.ico HTTP/1.1" 200 36
::1 - - [07/Feb/2022:09:14:22 +0900] "GET /articles/2 HTTP/1.1" 200 1147
::1 - - [07/Feb/2022:09:14:22 +0900] "GET /favicon.ico HTTP/1.1" 200 36
::1 - - [07/Feb/2022:09:14:22 +0900] "GET /articles/2 HTTP/1.1" 200 1147
::1 - - [07/Feb/2022:09:14:22 +0900] "GET /favicon.ico HTTP/1.1" 200 36
::1 - - [07/Feb/2022:09:14:42 +0900] "GET /articles/2 HTTP/1.1" 200 1147
::1 - - [07/Feb/2022:09:14:42 +0900] "GET /favicon.ico HTTP/1.1" 200 36
::1 - - [07/Feb/2022:09:14:43 +0900] "GET /articles/2 HTTP/1.1" 200 1147
::1 - - [07/Feb/2022:09:14:43 +0900] "GET /favicon.ico HTTP/1.1" 200 36
::1 - - [07/Feb/2022:09:14:43 +0900] "GET /articles/2 HTTP/1.1" 200 1147
::1 - - [07/Feb/2022:09:14:43 +0900] "GET /favicon.ico HTTP/1.1" 200 36
::1 - - [07/Feb/2022:09:14:43 +0900] "GET /articles/2 HTTP/1.1" 200 1147
::1 - - [07/Feb/2022:09:14:43 +0900] "GET /favicon.ico HTTP/1.1" 200 36
::1 - - [07/Feb/2022:09:14:43 +0900] "GET /articles/2 HTTP/1.1" 200 1147
::1 - - [07/Feb/2022:09:14:43 +0900] "GET /favicon.ico HTTP/1.1" 200 36
::1 - - [07/Feb/2022:09:14:43 +0900] "GET /articles/2 HTTP/1.1" 200 1147
::1 - - [07/Feb/2022:09:14:43 +0900] "GET /favicon.ico HTTP/1.1" 200 36
::1 - - [07/Feb/2022:09:14:48 +0900] "GET /articles/2/edit HTTP/1.1" 200 494
::1 - - [07/Feb/2022:09:14:48 +0900] "GET /favicon.ico HTTP/1.1" 200 36
::1 - - [07/Feb/2022:09:14:56 +0900] "GET /articles/2/edit HTTP/1.1" 200 248
::1 - - [07/Feb/2022:09:14:56 +0900] "GET /favicon.ico HTTP/1.1" 200 36
::1 - - [07/Feb/2022:09:14:57 +0900] "GET /articles/2/edit HTTP/1.1" 200 248
::1 - - [07/Feb/2022:09:14:57 +0900] "GET /favicon.ico HTTP/1.1" 200 36
::1 - - [07/Feb/2022:09:15:56 +0900] "-" 408 -
::1 - - [07/Feb/2022:09:29:25 +0900] "GET /articles/2/edit HTTP/1.1" 200 146
::1 - - [07/Feb/2022:09:29:25 +0900] "GET /favicon.ico HTTP/1.1" 200 36
::1 - - [07/Feb/2022:09:29:38 +0900] "GET /articles/2/edit HTTP/1.1" 200 249
::1 - - [07/Feb/2022:09:29:38 +0900] "GET /favicon.ico HTTP/1.1" 200 36
::1 - - [07/Feb/2022:09:30:38 +0900] "-" 408 -
::1 - - [07/Feb/2022:09:33:29 +0900] "GET /articles/2/edit HTTP/1.1" 200 84
::1 - - [07/Feb/2022:09:33:29 +0900] "GET /favicon.ico HTTP/1.1" 200 36
::1 - - [07/Feb/2022:09:33:42 +0900] "GET /articles/2/edit HTTP/1.1" 200 88
::1 - - [07/Feb/2022:09:33:42 +0900] "GET /favicon.ico HTTP/1.1" 200 36
::1 - - [07/Feb/2022:09:34:01 +0900] "GET /articles/2/edit HTTP/1.1" 200 93
::1 - - [07/Feb/2022:09:34:01 +0900] "GET /favicon.ico HTTP/1.1" 200 36
::1 - - [07/Feb/2022:09:35:01 +0900] "-" 408 -
::1 - - [07/Feb/2022:09:35:11 +0900] "GET /articles/2/edit HTTP/1.1" 200 125
::1 - - [07/Feb/2022:09:35:11 +0900] "GET /favicon.ico HTTP/1.1" 200 36
::1 - - [07/Feb/2022:09:35:26 +0900] "GET /articles/2/edit HTTP/1.1" 200 126
::1 - - [07/Feb/2022:09:35:26 +0900] "GET /favicon.ico HTTP/1.1" 200 36
::1 - - [07/Feb/2022:09:35:37 +0900] "GET /articles/2/edit HTTP/1.1" 200 126
::1 - - [07/Feb/2022:09:35:37 +0900] "GET /favicon.ico HTTP/1.1" 200 36
::1 - - [07/Feb/2022:09:36:24 +0900] "GET /articles/2/edit HTTP/1.1" 200 378
::1 - - [07/Feb/2022:09:36:24 +0900] "GET /favicon.ico HTTP/1.1" 200 36
::1 - - [07/Feb/2022:09:37:24 +0900] "-" 408 -
::1 - - [07/Feb/2022:09:39:05 +0900] "GET /articles/2/edit HTTP/1.1" 200 2
::1 - - [07/Feb/2022:09:39:05 +0900] "GET /favicon.ico HTTP/1.1" 200 36
::1 - - [07/Feb/2022:09:39:21 +0900] "GET /articles/2 HTTP/1.1" 200 1147
::1 - - [07/Feb/2022:09:39:21 +0900] "GET /favicon.ico HTTP/1.1" 200 36
::1 - - [07/Feb/2022:09:40:21 +0900] "-" 408 -
::1 - - [07/Feb/2022:09:41:39 +0900] "GET /articles/2 HTTP/1.1" 200 1147
::1 - - [07/Feb/2022:09:41:39 +0900] "GET /favicon.ico HTTP/1.1" 200 36
::1 - - [07/Feb/2022:09:41:40 +0900] "GET /articles/2 HTTP/1.1" 200 1147
::1 - - [07/Feb/2022:09:41:40 +0900] "GET /favicon.ico HTTP/1.1" 200 36
::1 - - [07/Feb/2022:09:41:45 +0900] "GET /articles/2/edit HTTP/1.1" 200 2
::1 - - [07/Feb/2022:09:41:45 +0900] "GET /favicon.ico HTTP/1.1" 200 36
::1 - - [07/Feb/2022:09:41:49 +0900] "GET /articles/2 HTTP/1.1" 200 1062
::1 - - [07/Feb/2022:09:41:49 +0900] "GET /favicon.ico HTTP/1.1" 200 36
::1 - - [07/Feb/2022:09:42:45 +0900] "-" 408 -
::1 - - [07/Feb/2022:12:17:04 +0900] "GET / HTTP/1.1" 200 1322
::1 - - [07/Feb/2022:12:18:04 +0900] "-" 408 -
::1 - - [07/Feb/2022:12:30:56 +0900] "GET /add HTTP/1.1" 200 36
::1 - - [07/Feb/2022:12:31:12 +0900] "GET /articles/add HTTP/1.1" 200 198
::1 - - [07/Feb/2022:12:32:12 +0900] "-" 408 -
::1 - - [07/Feb/2022:12:36:06 +0900] "GET /articles/add HTTP/1.1" 200 201
::1 - - [07/Feb/2022:12:37:06 +0900] "-" 408 -
::1 - - [07/Feb/2022:12:43:15 +0900] "GET /articles/add HTTP/1.1" 200 605
::1 - - [07/Feb/2022:12:43:33 +0900] "GET /articles/add HTTP/1.1" 200 605
::1 - - [07/Feb/2022:12:43:34 +0900] "GET /articles/add HTTP/1.1" 200 605
::1 - - [07/Feb/2022:12:43:35 +0900] "GET /articles/add HTTP/1.1" 200 605
::1 - - [07/Feb/2022:12:43:35 +0900] "GET /articles/add HTTP/1.1" 200 605
::1 - - [07/Feb/2022:12:43:35 +0900] "GET /articles/add HTTP/1.1" 200 605
::1 - - [07/Feb/2022:12:43:35 +0900] "GET /articles/add HTTP/1.1" 200 605
::1 - - [07/Feb/2022:12:43:36 +0900] "GET /articles/add HTTP/1.1" 200 605
::1 - - [07/Feb/2022:12:43:44 +0900] "GET /articles/add HTTP/1.1" 200 605
::1 - - [07/Feb/2022:12:43:45 +0900] "GET /articles/add HTTP/1.1" 200 605
::1 - - [07/Feb/2022:12:43:45 +0900] "GET /articles/add HTTP/1.1" 200 605
::1 - - [07/Feb/2022:12:43:45 +0900] "GET /articles/add HTTP/1.1" 200 605
::1 - - [07/Feb/2022:12:43:50 +0900] "GET /articles/add HTTP/1.1" 200 2
::1 - - [07/Feb/2022:12:43:50 +0900] "GET /articles/add HTTP/1.1" 200 2
::1 - - [07/Feb/2022:12:43:51 +0900] "GET /articles/add HTTP/1.1" 200 2
::1 - - [07/Feb/2022:12:43:51 +0900] "GET /articles/add HTTP/1.1" 200 2
::1 - - [07/Feb/2022:12:43:52 +0900] "GET /articles/add HTTP/1.1" 200 2
::1 - - [07/Feb/2022:12:43:52 +0900] "GET /articles/add HTTP/1.1" 200 2
::1 - - [07/Feb/2022:12:43:52 +0900] "GET /articles/add HTTP/1.1" 200 2
::1 - - [07/Feb/2022:12:44:44 +0900] "-" 408 -
::1 - - [07/Feb/2022:12:45:20 +0900] "GET /articles/add HTTP/1.1" 200 58
::1 - - [07/Feb/2022:12:45:32 +0900] "GET /articles/add HTTP/1.1" 200 59
::1 - - [07/Feb/2022:12:45:39 +0900] "GET /articles/add HTTP/1.1" 200 60
::1 - - [07/Feb/2022:12:46:09 +0900] "GET /articles/add HTTP/1.1" 200 82
::1 - - [07/Feb/2022:12:46:29 +0900] "GET /articles/add HTTP/1.1" 200 83
::1 - - [07/Feb/2022:12:46:30 +0900] "GET /articles/add HTTP/1.1" 200 83
::1 - - [07/Feb/2022:12:46:30 +0900] "GET /articles/add HTTP/1.1" 200 83
::1 - - [07/Feb/2022:12:46:30 +0900] "GET /articles/add HTTP/1.1" 200 83
::1 - - [07/Feb/2022:12:47:29 +0900] "-" 408 -
::1 - - [07/Feb/2022:12:48:26 +0900] "GET /articles/add HTTP/1.1" 200 2
::1 - - [07/Feb/2022:12:49:26 +0900] "-" 408 -
::1 - - [07/Feb/2022:12:55:06 +0900] "GET /articles/add HTTP/1.1" 200 2
::1 - - [07/Feb/2022:12:55:51 +0900] "GET /articles/add HTTP/1.1" 200 159
::1 - - [07/Feb/2022:12:55:58 +0900] "GET /articles/add HTTP/1.1" 200 272
::1 - - [07/Feb/2022:12:56:18 +0900] "GET / HTTP/1.1" 200 2114
::1 - - [07/Feb/2022:12:56:53 +0900] "GET /articles/add HTTP/1.1" 200 324
::1 - - [07/Feb/2022:12:57:53 +0900] "-" 408 -
::1 - - [07/Feb/2022:12:58:55 +0900] "GET /bitrix/tools/public_session.php?k=248cf3f2d054dd6abc07a396c27be99a.6b25849fb021b083ffb2903f1e6d63e62a3cfdd85f6b3cec4c39046ae49b7f31 HTTP/1.1" 200 36
::1 - - [07/Feb/2022:13:48:02 +0900] "GET /bitrix/tools/public_session.php?k=248cf3f2d054dd6abc07a396c27be99a.6b25849fb021b083ffb2903f1e6d63e62a3cfdd85f6b3cec4c39046ae49b7f31 HTTP/1.1" 200 36
::1 - - [07/Feb/2022:13:55:11 +0900] "GET /news/ HTTP/1.1" 200 36
::1 - - [07/Feb/2022:13:56:03 +0900] "GET /news/ HTTP/1.1" 200 36
::1 - - [07/Feb/2022:16:44:49 +0900] "GET / HTTP/1.1" 200 2312
::1 - - [07/Feb/2022:16:44:49 +0900] "GET /Templates/Main/styles.css HTTP/1.1" 304 -
::1 - - [07/Feb/2022:16:45:49 +0900] "-" 408 -
::1 - - [07/Feb/2022:16:50:08 +0900] "GET / HTTP/1.1" 200 2312
::1 - - [07/Feb/2022:16:51:08 +0900] "-" 408 -
::1 - - [07/Feb/2022:16:54:13 +0900] "GET /articles/add HTTP/1.1" 200 329
::1 - - [07/Feb/2022:16:54:39 +0900] "GET /articles/add HTTP/1.1" 200 324
::1 - - [07/Feb/2022:16:54:47 +0900] "GET /articles/add HTTP/1.1" 200 2
::1 - - [07/Feb/2022:16:54:57 +0900] "GET /articles/add HTTP/1.1" 200 7
::1 - - [07/Feb/2022:16:55:57 +0900] "-" 408 -
::1 - - [07/Feb/2022:16:59:27 +0900] "GET /articles/add HTTP/1.1" 200 275
::1 - - [07/Feb/2022:17:00:27 +0900] "-" 408 -
::1 - - [07/Feb/2022:17:07:12 +0900] "GET /articles/add HTTP/1.1" 200 275
::1 - - [07/Feb/2022:17:07:13 +0900] "GET /articles/add HTTP/1.1" 200 275
::1 - - [07/Feb/2022:17:08:12 +0900] "-" 408 -
::1 - - [07/Feb/2022:17:11:23 +0900] "GET /articles/add HTTP/1.1" 200 275
::1 - - [07/Feb/2022:17:11:42 +0900] "GET /articles/add HTTP/1.1" 200 10
::1 - - [07/Feb/2022:17:12:42 +0900] "-" 408 -
::1 - - [07/Feb/2022:17:21:46 +0900] "GET /articles/add HTTP/1.1" 200 451
::1 - - [07/Feb/2022:17:22:21 +0900] "GET /articles/add HTTP/1.1" 200 29
::1 - - [07/Feb/2022:17:23:21 +0900] "-" 408 -
::1 - - [07/Feb/2022:17:23:30 +0900] "GET /articles/add HTTP/1.1" 200 902
::1 - - [07/Feb/2022:17:24:02 +0900] "GET /articles/add HTTP/1.1" 200 125
::1 - - [07/Feb/2022:17:25:02 +0900] "-" 408 -
::1 - - [07/Feb/2022:17:25:16 +0900] "GET /articles/add HTTP/1.1" 200 21
::1 - - [07/Feb/2022:17:26:16 +0900] "-" 408 -
::1 - - [07/Feb/2022:17:36:46 +0900] "GET /articles/add HTTP/1.1" 200 2
::1 - - [07/Feb/2022:17:37:46 +0900] "-" 408 -
::1 - - [07/Feb/2022:17:38:21 +0900] "GET /articles/add HTTP/1.1" 200 2
::1 - - [07/Feb/2022:17:38:26 +0900] "GET / HTTP/1.1" 200 3509
::1 - - [07/Feb/2022:17:38:28 +0900] "GET / HTTP/1.1" 200 3509
::1 - - [07/Feb/2022:17:38:28 +0900] "GET / HTTP/1.1" 200 3509
::1 - - [07/Feb/2022:17:38:28 +0900] "GET / HTTP/1.1" 200 3509
::1 - - [07/Feb/2022:17:38:30 +0900] "GET /articles/19 HTTP/1.1" 200 1117
::1 - - [07/Feb/2022:17:38:33 +0900] "GET / HTTP/1.1" 200 3509
::1 - - [07/Feb/2022:17:38:34 +0900] "GET /articles/23 HTTP/1.1" 200 1117
::1 - - [07/Feb/2022:17:38:35 +0900] "GET / HTTP/1.1" 200 3509
::1 - - [07/Feb/2022:17:38:45 +0900] "GET /articles/15 HTTP/1.1" 200 1117
::1 - - [07/Feb/2022:17:38:49 +0900] "GET /articles/15/edit HTTP/1.1" 200 2
::1 - - [07/Feb/2022:17:38:57 +0900] "GET / HTTP/1.1" 200 3454
::1 - - [07/Feb/2022:17:38:59 +0900] "GET /articles/15 HTTP/1.1" 200 1062
::1 - - [07/Feb/2022:17:39:01 +0900] "GET / HTTP/1.1" 200 3454
::1 - - [07/Feb/2022:17:39:02 +0900] "GET /articles/20 HTTP/1.1" 200 1117
::1 - - [07/Feb/2022:17:39:03 +0900] "GET / HTTP/1.1" 200 3454
::1 - - [07/Feb/2022:17:39:55 +0900] "-" 408 -
::1 - - [07/Feb/2022:17:45:32 +0900] "GET /articles/2/delete HTTP/1.1" 200 3
::1 - - [07/Feb/2022:17:45:56 +0900] "GET /articles/2/delete HTTP/1.1" 200 22
::1 - - [07/Feb/2022:17:46:55 +0900] "GET /articles/2/delete HTTP/1.1" 200 665
::1 - - [07/Feb/2022:17:47:17 +0900] "GET /articles/2/delete HTTP/1.1" 200 3
::1 - - [07/Feb/2022:17:48:17 +0900] "-" 408 -
::1 - - [07/Feb/2022:17:49:33 +0900] "GET /articles/2/delete HTTP/1.1" 200 898
::1 - - [07/Feb/2022:17:50:33 +0900] "-" 408 -
::1 - - [07/Feb/2022:17:51:17 +0900] "GET /articles/2/delete HTTP/1.1" 200 898
::1 - - [07/Feb/2022:17:51:48 +0900] "GET /articles/2/delete HTTP/1.1" 200 3
::1 - - [07/Feb/2022:17:52:05 +0900] "GET /articles/2/delete HTTP/1.1" 200 898
::1 - - [07/Feb/2022:17:52:41 +0900] "GET /articles/2/delete HTTP/1.1" 200 898
::1 - - [07/Feb/2022:17:52:51 +0900] "GET /articles/2/delete HTTP/1.1" 200 899
::1 - - [07/Feb/2022:17:53:21 +0900] "GET /articles/2/delete HTTP/1.1" 200 791
::1 - - [07/Feb/2022:17:53:55 +0900] "GET /articles/2/delete HTTP/1.1" 200 37
::1 - - [07/Feb/2022:17:54:08 +0900] "GET /articles/2/delete HTTP/1.1" 200 2
::1 - - [07/Feb/2022:17:54:24 +0900] "GET /articles/23/delete HTTP/1.1" 200 36
::1 - - [07/Feb/2022:17:54:37 +0900] "GET /articles/22/delete HTTP/1.1" 200 36
::1 - - [07/Feb/2022:17:54:42 +0900] "GET /articles/6/delete HTTP/1.1" 200 401
::1 - - [07/Feb/2022:17:55:10 +0900] "GET /articles/6 HTTP/1.1" 200 1079
::1 - - [07/Feb/2022:17:55:17 +0900] "GET /articles HTTP/1.1" 200 36
::1 - - [07/Feb/2022:17:55:20 +0900] "GET / HTTP/1.1" 200 3311
::1 - - [07/Feb/2022:17:55:22 +0900] "GET /articles/20 HTTP/1.1" 200 1117
::1 - - [07/Feb/2022:17:55:25 +0900] "GET / HTTP/1.1" 200 3311
::1 - - [07/Feb/2022:17:55:26 +0900] "GET /articles/4 HTTP/1.1" 200 1117
::1 - - [07/Feb/2022:17:55:27 +0900] "GET / HTTP/1.1" 200 3311
::1 - - [07/Feb/2022:17:55:28 +0900] "GET /articles/19 HTTP/1.1" 200 1117
::1 - - [07/Feb/2022:17:55:33 +0900] "GET /articles/19/delete HTTP/1.1" 200 36
::1 - - [07/Feb/2022:17:55:50 +0900] "GET /articles/19 HTTP/1.1" 200 1117
::1 - - [07/Feb/2022:17:56:27 +0900] "GET /articles/19/edit HTTP/1.1" 200 2
::1 - - [07/Feb/2022:17:56:32 +0900] "GET /articles/19/delete HTTP/1.1" 200 36
::1 - - [07/Feb/2022:17:57:27 +0900] "-" 408 -
