::1 - - [05/Feb/2022:10:10:10 +0900] "GET / HTTP/1.1" 200 676
::1 - - [05/Feb/2022:10:10:14 +0900] "GET / HTTP/1.1" 200 676
::1 - - [05/Feb/2022:10:10:18 +0900] "GET /favicon.ico HTTP/1.1" 200 36
::1 - - [05/Feb/2022:12:59:58 +0900] "GET / HTTP/1.1" 200 557
::1 - - [05/Feb/2022:12:59:58 +0900] "GET /favicon.ico HTTP/1.1" 200 36
::1 - - [05/Feb/2022:13:00:58 +0900] "-" 408 -
::1 - - [05/Feb/2022:13:15:22 +0900] "GET / HTTP/1.1" 200 654
::1 - - [05/Feb/2022:13:15:22 +0900] "GET /favicon.ico HTTP/1.1" 200 36
::1 - - [05/Feb/2022:13:16:22 +0900] "-" 408 -
::1 - - [05/Feb/2022:13:17:25 +0900] "GET / HTTP/1.1" 200 1407
::1 - - [05/Feb/2022:13:17:25 +0900] "GET /Templates/Main/styles.css HTTP/1.1" 200 840
::1 - - [05/Feb/2022:13:17:25 +0900] "GET /favicon.ico HTTP/1.1" 200 36
::1 - - [05/Feb/2022:13:17:28 +0900] "GET /articles/1 HTTP/1.1" 200 1098
::1 - - [05/Feb/2022:13:17:28 +0900] "GET /favicon.ico HTTP/1.1" 200 36
::1 - - [05/Feb/2022:13:17:31 +0900] "GET / HTTP/1.1" 200 1407
::1 - - [05/Feb/2022:13:17:31 +0900] "GET /favicon.ico HTTP/1.1" 200 36
::1 - - [05/Feb/2022:13:17:32 +0900] "GET /articles/2 HTTP/1.1" 200 1115
::1 - - [05/Feb/2022:13:17:32 +0900] "GET /favicon.ico HTTP/1.1" 200 36
::1 - - [05/Feb/2022:13:17:34 +0900] "GET / HTTP/1.1" 200 1407
::1 - - [05/Feb/2022:13:17:34 +0900] "GET /favicon.ico HTTP/1.1" 200 36
::1 - - [05/Feb/2022:13:18:25 +0900] "-" 408 -
::1 - - [05/Feb/2022:13:18:59 +0900] "GET / HTTP/1.1" 200 1407
::1 - - [05/Feb/2022:13:18:59 +0900] "GET /favicon.ico HTTP/1.1" 200 36
::1 - - [05/Feb/2022:13:19:00 +0900] "GET /articles/1 HTTP/1.1" 200 1098
::1 - - [05/Feb/2022:13:19:00 +0900] "GET /favicon.ico HTTP/1.1" 200 36
::1 - - [05/Feb/2022:13:19:01 +0900] "GET / HTTP/1.1" 200 1407
::1 - - [05/Feb/2022:13:19:01 +0900] "GET /favicon.ico HTTP/1.1" 200 36
::1 - - [05/Feb/2022:13:19:02 +0900] "GET /articles/2 HTTP/1.1" 200 1115
::1 - - [05/Feb/2022:13:19:02 +0900] "GET /favicon.ico HTTP/1.1" 200 36
::1 - - [05/Feb/2022:13:19:03 +0900] "GET / HTTP/1.1" 200 1407
::1 - - [05/Feb/2022:13:19:03 +0900] "GET /favicon.ico HTTP/1.1" 200 36
::1 - - [05/Feb/2022:13:19:59 +0900] "-" 408 -
::1 - - [05/Feb/2022:13:54:39 +0900] "GET / HTTP/1.1" 200 1407
::1 - - [05/Feb/2022:13:54:39 +0900] "GET /favicon.ico HTTP/1.1" 200 36
::1 - - [05/Feb/2022:13:54:40 +0900] "GET / HTTP/1.1" 200 1407
::1 - - [05/Feb/2022:13:54:40 +0900] "GET /favicon.ico HTTP/1.1" 200 36
::1 - - [05/Feb/2022:13:55:39 +0900] "-" 408 -
::1 - - [05/Feb/2022:14:19:13 +0900] "GET / HTTP/1.1" 200 1407
::1 - - [05/Feb/2022:14:19:13 +0900] "GET /favicon.ico HTTP/1.1" 200 36
::1 - - [05/Feb/2022:14:19:16 +0900] "GET / HTTP/1.1" 200 1407
::1 - - [05/Feb/2022:14:19:16 +0900] "GET /favicon.ico HTTP/1.1" 200 36
::1 - - [05/Feb/2022:14:19:16 +0900] "GET / HTTP/1.1" 200 1407
::1 - - [05/Feb/2022:14:19:16 +0900] "GET /favicon.ico HTTP/1.1" 200 36
::1 - - [05/Feb/2022:14:20:13 +0900] "-" 408 -
::1 - - [05/Feb/2022:14:51:25 +0900] "GET / HTTP/1.1" 200 760
::1 - - [05/Feb/2022:14:51:25 +0900] "GET /favicon.ico HTTP/1.1" 200 36
::1 - - [05/Feb/2022:14:52:06 +0900] "GET / HTTP/1.1" 200 402
::1 - - [05/Feb/2022:14:52:06 +0900] "GET /favicon.ico HTTP/1.1" 200 36
::1 - - [05/Feb/2022:14:52:19 +0900] "GET / HTTP/1.1" 200 855
::1 - - [05/Feb/2022:14:52:19 +0900] "GET /favicon.ico HTTP/1.1" 200 36
::1 - - [05/Feb/2022:14:53:19 +0900] "-" 408 -
::1 - - [05/Feb/2022:14:53:35 +0900] "GET / HTTP/1.1" 200 1094
::1 - - [05/Feb/2022:14:53:35 +0900] "GET /favicon.ico HTTP/1.1" 200 36
::1 - - [05/Feb/2022:14:54:35 +0900] "-" 408 -
::1 - - [05/Feb/2022:14:54:44 +0900] "GET / HTTP/1.1" 200 1094
::1 - - [05/Feb/2022:14:54:44 +0900] "GET /favicon.ico HTTP/1.1" 200 36
::1 - - [05/Feb/2022:14:55:08 +0900] "GET / HTTP/1.1" 200 1407
::1 - - [05/Feb/2022:14:55:08 +0900] "GET /favicon.ico HTTP/1.1" 200 36
::1 - - [05/Feb/2022:14:55:12 +0900] "GET /articles/2 HTTP/1.1" 200 1115
::1 - - [05/Feb/2022:14:55:12 +0900] "GET /favicon.ico HTTP/1.1" 200 36
::1 - - [05/Feb/2022:14:55:14 +0900] "GET / HTTP/1.1" 200 1407
::1 - - [05/Feb/2022:14:55:14 +0900] "GET /favicon.ico HTTP/1.1" 200 36
::1 - - [05/Feb/2022:14:55:15 +0900] "GET /articles/1 HTTP/1.1" 200 1098
::1 - - [05/Feb/2022:14:55:15 +0900] "GET /favicon.ico HTTP/1.1" 200 36
::1 - - [05/Feb/2022:14:55:16 +0900] "GET / HTTP/1.1" 200 1407
::1 - - [05/Feb/2022:14:55:16 +0900] "GET /favicon.ico HTTP/1.1" 200 36
::1 - - [05/Feb/2022:14:55:35 +0900] "GET / HTTP/1.1" 200 1418
::1 - - [05/Feb/2022:14:55:35 +0900] "GET /favicon.ico HTTP/1.1" 200 36
::1 - - [05/Feb/2022:14:56:06 +0900] "GET / HTTP/1.1" 200 1418
::1 - - [05/Feb/2022:14:56:06 +0900] "GET /favicon.ico HTTP/1.1" 200 36
::1 - - [05/Feb/2022:14:56:15 +0900] "GET / HTTP/1.1" 200 1407
::1 - - [05/Feb/2022:14:56:15 +0900] "GET /favicon.ico HTTP/1.1" 200 36
::1 - - [05/Feb/2022:14:56:26 +0900] "GET / HTTP/1.1" 200 1496
::1 - - [05/Feb/2022:14:56:26 +0900] "GET /favicon.ico HTTP/1.1" 200 36
::1 - - [05/Feb/2022:14:56:46 +0900] "GET / HTTP/1.1" 200 1407
::1 - - [05/Feb/2022:14:56:46 +0900] "GET /favicon.ico HTTP/1.1" 200 36
::1 - - [05/Feb/2022:14:57:46 +0900] "-" 408 -
::1 - - [05/Feb/2022:14:58:57 +0900] "GET / HTTP/1.1" 200 1420
::1 - - [05/Feb/2022:14:58:57 +0900] "GET /favicon.ico HTTP/1.1" 200 36
::1 - - [05/Feb/2022:14:59:09 +0900] "GET / HTTP/1.1" 200 2173
::1 - - [05/Feb/2022:14:59:09 +0900] "GET /favicon.ico HTTP/1.1" 200 36
::1 - - [05/Feb/2022:14:59:59 +0900] "GET / HTTP/1.1" 200 1082
::1 - - [05/Feb/2022:14:59:59 +0900] "GET /favicon.ico HTTP/1.1" 200 36
::1 - - [05/Feb/2022:15:00:01 +0900] "GET / HTTP/1.1" 200 1082
::1 - - [05/Feb/2022:15:00:01 +0900] "GET /favicon.ico HTTP/1.1" 200 36
::1 - - [05/Feb/2022:15:00:02 +0900] "GET / HTTP/1.1" 200 1082
::1 - - [05/Feb/2022:15:00:02 +0900] "GET /favicon.ico HTTP/1.1" 200 36
::1 - - [05/Feb/2022:15:00:02 +0900] "GET / HTTP/1.1" 200 1082
::1 - - [05/Feb/2022:15:00:02 +0900] "GET /favicon.ico HTTP/1.1" 200 36
::1 - - [05/Feb/2022:15:00:03 +0900] "GET / HTTP/1.1" 200 1082
::1 - - [05/Feb/2022:15:00:03 +0900] "GET /favicon.ico HTTP/1.1" 200 36
::1 - - [05/Feb/2022:15:00:03 +0900] "GET / HTTP/1.1" 200 1082
::1 - - [05/Feb/2022:15:00:03 +0900] "GET /favicon.ico HTTP/1.1" 200 36
::1 - - [05/Feb/2022:15:00:08 +0900] "GET / HTTP/1.1" 200 1407
::1 - - [05/Feb/2022:15:00:08 +0900] "GET /favicon.ico HTTP/1.1" 200 36
::1 - - [05/Feb/2022:15:01:08 +0900] "-" 408 -
::1 - - [05/Feb/2022:15:01:50 +0900] "GET / HTTP/1.1" 200 1407
::1 - - [05/Feb/2022:15:01:50 +0900] "GET /favicon.ico HTTP/1.1" 200 36
::1 - - [05/Feb/2022:15:02:50 +0900] "-" 408 -
::1 - - [05/Feb/2022:15:03:02 +0900] "GET / HTTP/1.1" 200 1407
::1 - - [05/Feb/2022:15:03:02 +0900] "GET /favicon.ico HTTP/1.1" 200 36
::1 - - [05/Feb/2022:15:03:03 +0900] "GET / HTTP/1.1" 200 1407
::1 - - [05/Feb/2022:15:03:03 +0900] "GET /favicon.ico HTTP/1.1" 200 36
::1 - - [05/Feb/2022:15:03:03 +0900] "GET / HTTP/1.1" 200 1407
::1 - - [05/Feb/2022:15:03:03 +0900] "GET /favicon.ico HTTP/1.1" 200 36
::1 - - [05/Feb/2022:15:03:04 +0900] "GET / HTTP/1.1" 200 1407
::1 - - [05/Feb/2022:15:03:04 +0900] "GET /favicon.ico HTTP/1.1" 200 36
::1 - - [05/Feb/2022:15:03:04 +0900] "GET / HTTP/1.1" 200 1407
::1 - - [05/Feb/2022:15:03:04 +0900] "GET /favicon.ico HTTP/1.1" 200 36
::1 - - [05/Feb/2022:15:03:11 +0900] "GET / HTTP/1.1" 200 1407
::1 - - [05/Feb/2022:15:03:11 +0900] "GET /favicon.ico HTTP/1.1" 200 36
::1 - - [05/Feb/2022:15:03:11 +0900] "GET / HTTP/1.1" 200 1407
::1 - - [05/Feb/2022:15:03:11 +0900] "GET /favicon.ico HTTP/1.1" 200 36
::1 - - [05/Feb/2022:15:04:11 +0900] "-" 408 -
::1 - - [05/Feb/2022:15:04:19 +0900] "GET / HTTP/1.1" 200 1444
::1 - - [05/Feb/2022:15:04:19 +0900] "GET /favicon.ico HTTP/1.1" 200 36
::1 - - [05/Feb/2022:15:04:28 +0900] "GET / HTTP/1.1" 200 1444
::1 - - [05/Feb/2022:15:04:28 +0900] "GET /favicon.ico HTTP/1.1" 200 36
::1 - - [05/Feb/2022:15:04:29 +0900] "GET / HTTP/1.1" 200 1444
::1 - - [05/Feb/2022:15:04:29 +0900] "GET /favicon.ico HTTP/1.1" 200 36
::1 - - [05/Feb/2022:15:04:29 +0900] "GET / HTTP/1.1" 200 1444
::1 - - [05/Feb/2022:15:04:29 +0900] "GET /favicon.ico HTTP/1.1" 200 36
::1 - - [05/Feb/2022:15:05:28 +0900] "-" 408 -
::1 - - [05/Feb/2022:15:06:09 +0900] "GET / HTTP/1.1" 200 1444
::1 - - [05/Feb/2022:15:06:09 +0900] "GET /favicon.ico HTTP/1.1" 200 36
::1 - - [05/Feb/2022:15:06:10 +0900] "GET / HTTP/1.1" 200 1444
::1 - - [05/Feb/2022:15:06:10 +0900] "GET /favicon.ico HTTP/1.1" 200 36
::1 - - [05/Feb/2022:15:06:10 +0900] "GET / HTTP/1.1" 200 1444
::1 - - [05/Feb/2022:15:06:10 +0900] "GET /favicon.ico HTTP/1.1" 200 36
::1 - - [05/Feb/2022:15:06:10 +0900] "GET / HTTP/1.1" 200 1444
::1 - - [05/Feb/2022:15:06:10 +0900] "GET /favicon.ico HTTP/1.1" 200 36
::1 - - [05/Feb/2022:15:07:09 +0900] "-" 408 -
::1 - - [05/Feb/2022:15:09:32 +0900] "GET / HTTP/1.1" 200 1444
::1 - - [05/Feb/2022:15:09:32 +0900] "GET /favicon.ico HTTP/1.1" 200 36
::1 - - [05/Feb/2022:15:09:33 +0900] "GET / HTTP/1.1" 200 1444
::1 - - [05/Feb/2022:15:09:33 +0900] "GET /favicon.ico HTTP/1.1" 200 36
::1 - - [05/Feb/2022:15:09:51 +0900] "GET / HTTP/1.1" 200 1444
::1 - - [05/Feb/2022:15:09:51 +0900] "GET /favicon.ico HTTP/1.1" 200 36
::1 - - [05/Feb/2022:15:09:52 +0900] "GET / HTTP/1.1" 200 1444
::1 - - [05/Feb/2022:15:09:52 +0900] "GET /favicon.ico HTTP/1.1" 200 36
::1 - - [05/Feb/2022:15:09:52 +0900] "GET / HTTP/1.1" 200 1444
::1 - - [05/Feb/2022:15:09:52 +0900] "GET /favicon.ico HTTP/1.1" 200 36
::1 - - [05/Feb/2022:15:09:52 +0900] "GET / HTTP/1.1" 200 1444
::1 - - [05/Feb/2022:15:09:52 +0900] "GET /favicon.ico HTTP/1.1" 200 36
::1 - - [05/Feb/2022:15:09:52 +0900] "GET / HTTP/1.1" 200 1444
::1 - - [05/Feb/2022:15:09:52 +0900] "GET /favicon.ico HTTP/1.1" 200 36
::1 - - [05/Feb/2022:15:10:51 +0900] "-" 408 -
::1 - - [05/Feb/2022:15:13:30 +0900] "GET / HTTP/1.1" 200 1481
::1 - - [05/Feb/2022:15:13:30 +0900] "GET /favicon.ico HTTP/1.1" 200 36
::1 - - [05/Feb/2022:15:13:41 +0900] "GET / HTTP/1.1" 200 196
::1 - - [05/Feb/2022:15:13:41 +0900] "GET /favicon.ico HTTP/1.1" 200 36
::1 - - [05/Feb/2022:15:14:41 +0900] "-" 408 -
::1 - - [05/Feb/2022:15:15:48 +0900] "GET / HTTP/1.1" 200 1407
::1 - - [05/Feb/2022:15:15:48 +0900] "GET /favicon.ico HTTP/1.1" 200 36
::1 - - [05/Feb/2022:15:15:49 +0900] "GET / HTTP/1.1" 200 1407
::1 - - [05/Feb/2022:15:15:49 +0900] "GET /favicon.ico HTTP/1.1" 200 36
::1 - - [05/Feb/2022:15:15:49 +0900] "GET / HTTP/1.1" 200 1407
::1 - - [05/Feb/2022:15:15:49 +0900] "GET /favicon.ico HTTP/1.1" 200 36
::1 - - [05/Feb/2022:15:16:48 +0900] "-" 408 -
::1 - - [05/Feb/2022:17:45:29 +0900] "GET / HTTP/1.1" 200 1407
::1 - - [05/Feb/2022:17:45:30 +0900] "GET /Templates/Main/styles.css HTTP/1.1" 304 -
::1 - - [05/Feb/2022:17:45:30 +0900] "GET /favicon.ico HTTP/1.1" 200 36
::1 - - [05/Feb/2022:17:46:30 +0900] "-" 408 -
::1 - - [05/Feb/2022:18:36:57 +0900] "GET / HTTP/1.1" 200 658
::1 - - [05/Feb/2022:18:36:57 +0900] "GET /favicon.ico HTTP/1.1" 200 36
::1 - - [05/Feb/2022:18:37:57 +0900] "-" 408 -
::1 - - [05/Feb/2022:18:38:36 +0900] "GET / HTTP/1.1" 200 658
::1 - - [05/Feb/2022:18:38:36 +0900] "GET /favicon.ico HTTP/1.1" 200 36
::1 - - [05/Feb/2022:18:38:36 +0900] "GET / HTTP/1.1" 200 658
::1 - - [05/Feb/2022:18:38:36 +0900] "GET /favicon.ico HTTP/1.1" 200 36
::1 - - [05/Feb/2022:18:38:37 +0900] "GET / HTTP/1.1" 200 658
::1 - - [05/Feb/2022:18:38:37 +0900] "GET /favicon.ico HTTP/1.1" 200 36
::1 - - [05/Feb/2022:18:38:52 +0900] "GET / HTTP/1.1" 200 979
::1 - - [05/Feb/2022:18:38:52 +0900] "GET /favicon.ico HTTP/1.1" 200 36
::1 - - [05/Feb/2022:18:39:23 +0900] "GET / HTTP/1.1" 200 1407
::1 - - [05/Feb/2022:18:39:23 +0900] "GET /favicon.ico HTTP/1.1" 200 36
::1 - - [05/Feb/2022:18:40:23 +0900] "-" 408 -
::1 - - [05/Feb/2022:18:44:08 +0900] "GET / HTTP/1.1" 200 1407
::1 - - [05/Feb/2022:18:44:09 +0900] "GET /favicon.ico HTTP/1.1" 200 36
::1 - - [05/Feb/2022:18:44:09 +0900] "GET /articles/1 HTTP/1.1" 200 1461
::1 - - [05/Feb/2022:18:44:09 +0900] "GET /favicon.ico HTTP/1.1" 200 36
::1 - - [05/Feb/2022:18:44:42 +0900] "GET /articles/1 HTTP/1.1" 200 1400
::1 - - [05/Feb/2022:18:44:42 +0900] "GET /favicon.ico HTTP/1.1" 200 36
::1 - - [05/Feb/2022:18:45:42 +0900] "-" 408 -
::1 - - [05/Feb/2022:18:52:03 +0900] "GET /articles/1 HTTP/1.1" 200 420
::1 - - [05/Feb/2022:18:52:03 +0900] "GET /favicon.ico HTTP/1.1" 200 36
::1 - - [05/Feb/2022:18:52:32 +0900] "GET /articles/1 HTTP/1.1" 200 413
::1 - - [05/Feb/2022:18:52:32 +0900] "GET /favicon.ico HTTP/1.1" 200 36
::1 - - [05/Feb/2022:18:53:32 +0900] "-" 408 -
::1 - - [05/Feb/2022:18:55:36 +0900] "GET /articles/1 HTTP/1.1" 200 164
::1 - - [05/Feb/2022:18:55:36 +0900] "GET /favicon.ico HTTP/1.1" 200 36
::1 - - [05/Feb/2022:18:55:47 +0900] "GET /articles/1 HTTP/1.1" 200 1098
::1 - - [05/Feb/2022:18:55:47 +0900] "GET /favicon.ico HTTP/1.1" 200 36
::1 - - [05/Feb/2022:18:55:49 +0900] "GET / HTTP/1.1" 200 1407
::1 - - [05/Feb/2022:18:55:49 +0900] "GET /favicon.ico HTTP/1.1" 200 36
::1 - - [05/Feb/2022:18:55:50 +0900] "GET /articles/2 HTTP/1.1" 200 1115
::1 - - [05/Feb/2022:18:55:50 +0900] "GET /favicon.ico HTTP/1.1" 200 36
::1 - - [05/Feb/2022:18:55:51 +0900] "GET / HTTP/1.1" 200 1407
::1 - - [05/Feb/2022:18:55:51 +0900] "GET /favicon.ico HTTP/1.1" 200 36
::1 - - [05/Feb/2022:18:55:52 +0900] "GET /articles/1 HTTP/1.1" 200 1098
::1 - - [05/Feb/2022:18:55:52 +0900] "GET /favicon.ico HTTP/1.1" 200 36
::1 - - [05/Feb/2022:18:55:53 +0900] "GET / HTTP/1.1" 200 1407
::1 - - [05/Feb/2022:18:55:53 +0900] "GET /favicon.ico HTTP/1.1" 200 36
::1 - - [05/Feb/2022:18:56:47 +0900] "-" 408 -
::1 - - [05/Feb/2022:19:16:27 +0900] "GET / HTTP/1.1" 200 1407
::1 - - [05/Feb/2022:19:16:27 +0900] "GET /favicon.ico HTTP/1.1" 200 36
::1 - - [05/Feb/2022:19:16:28 +0900] "GET /articles/1 HTTP/1.1" 200 910
::1 - - [05/Feb/2022:19:16:28 +0900] "GET /favicon.ico HTTP/1.1" 200 36
::1 - - [05/Feb/2022:19:17:27 +0900] "-" 408 -
::1 - - [05/Feb/2022:19:17:52 +0900] "GET /articles/1 HTTP/1.1" 200 1512
::1 - - [05/Feb/2022:19:17:52 +0900] "GET /favicon.ico HTTP/1.1" 200 36
::1 - - [05/Feb/2022:19:18:10 +0900] "GET /articles/1 HTTP/1.1" 200 1412
::1 - - [05/Feb/2022:19:18:10 +0900] "GET /favicon.ico HTTP/1.1" 200 36
::1 - - [05/Feb/2022:19:19:10 +0900] "-" 408 -
::1 - - [05/Feb/2022:19:23:13 +0900] "GET /articles/1 HTTP/1.1" 200 1110
::1 - - [05/Feb/2022:19:23:13 +0900] "GET /favicon.ico HTTP/1.1" 200 36
::1 - - [05/Feb/2022:19:24:05 +0900] "GET /articles/1 HTTP/1.1" 200 1130
::1 - - [05/Feb/2022:19:24:05 +0900] "GET /favicon.ico HTTP/1.1" 200 36
::1 - - [05/Feb/2022:19:24:15 +0900] "GET / HTTP/1.1" 200 1407
::1 - - [05/Feb/2022:19:24:15 +0900] "GET /favicon.ico HTTP/1.1" 200 36
::1 - - [05/Feb/2022:19:24:20 +0900] "GET / HTTP/1.1" 200 1407
::1 - - [05/Feb/2022:19:24:20 +0900] "GET /favicon.ico HTTP/1.1" 200 36
::1 - - [05/Feb/2022:19:25:15 +0900] "-" 408 -
::1 - - [05/Feb/2022:19:31:14 +0900] "GET / HTTP/1.1" 200 1407
::1 - - [05/Feb/2022:19:31:14 +0900] "GET /favicon.ico HTTP/1.1" 200 36
::1 - - [05/Feb/2022:19:31:15 +0900] "GET /articles/1 HTTP/1.1" 200 1130
::1 - - [05/Feb/2022:19:31:15 +0900] "GET /favicon.ico HTTP/1.1" 200 36
::1 - - [05/Feb/2022:19:31:19 +0900] "GET / HTTP/1.1" 200 1407
::1 - - [05/Feb/2022:19:31:19 +0900] "GET /favicon.ico HTTP/1.1" 200 36
::1 - - [05/Feb/2022:19:31:20 +0900] "GET /articles/2 HTTP/1.1" 200 1147
::1 - - [05/Feb/2022:19:31:20 +0900] "GET /favicon.ico HTTP/1.1" 200 36
::1 - - [05/Feb/2022:19:31:22 +0900] "GET / HTTP/1.1" 200 1407
::1 - - [05/Feb/2022:19:31:22 +0900] "GET /favicon.ico HTTP/1.1" 200 36
::1 - - [05/Feb/2022:19:31:51 +0900] "GET / HTTP/1.1" 200 1407
::1 - - [05/Feb/2022:19:31:52 +0900] "GET /favicon.ico HTTP/1.1" 200 36
::1 - - [05/Feb/2022:19:31:52 +0900] "GET /articles/1 HTTP/1.1" 200 1232
::1 - - [05/Feb/2022:19:31:53 +0900] "GET /favicon.ico HTTP/1.1" 200 36
::1 - - [05/Feb/2022:19:32:36 +0900] "GET /articles/1 HTTP/1.1" 200 1130
::1 - - [05/Feb/2022:19:32:36 +0900] "GET /favicon.ico HTTP/1.1" 200 36
::1 - - [05/Feb/2022:19:32:38 +0900] "GET / HTTP/1.1" 200 1407
::1 - - [05/Feb/2022:19:32:38 +0900] "GET /favicon.ico HTTP/1.1" 200 36
::1 - - [05/Feb/2022:19:32:40 +0900] "GET /articles/2 HTTP/1.1" 200 1147
::1 - - [05/Feb/2022:19:32:40 +0900] "GET /favicon.ico HTTP/1.1" 200 36
::1 - - [05/Feb/2022:19:32:41 +0900] "GET / HTTP/1.1" 200 1407
::1 - - [05/Feb/2022:19:32:41 +0900] "GET /favicon.ico HTTP/1.1" 200 36
::1 - - [05/Feb/2022:19:33:36 +0900] "-" 408 -
192.168.1.163 - - [05/Feb/2022:20:04:50 +0900] "GET / HTTP/1.1" 200 1407
192.168.1.163 - - [05/Feb/2022:20:04:50 +0900] "GET /Templates/Main/styles.css HTTP/1.1" 200 840
192.168.1.163 - - [05/Feb/2022:20:04:51 +0900] "GET /favicon.ico HTTP/1.1" 200 36
192.168.1.163 - - [05/Feb/2022:20:04:57 +0900] "GET /articles/1 HTTP/1.1" 200 1130
192.168.1.163 - - [05/Feb/2022:20:04:57 +0900] "GET /Templates/Main/styles.css HTTP/1.1" 304 -
192.168.1.163 - - [05/Feb/2022:20:04:57 +0900] "GET /favicon.ico HTTP/1.1" 200 36
192.168.1.163 - - [05/Feb/2022:20:05:00 +0900] "GET / HTTP/1.1" 200 1407
192.168.1.163 - - [05/Feb/2022:20:05:00 +0900] "GET /Templates/Main/styles.css HTTP/1.1" 304 -
192.168.1.163 - - [05/Feb/2022:20:05:00 +0900] "GET /favicon.ico HTTP/1.1" 200 36
192.168.1.163 - - [05/Feb/2022:20:05:01 +0900] "GET /articles/2 HTTP/1.1" 200 1147
192.168.1.163 - - [05/Feb/2022:20:05:01 +0900] "GET /Templates/Main/styles.css HTTP/1.1" 304 -
192.168.1.163 - - [05/Feb/2022:20:05:02 +0900] "GET /favicon.ico HTTP/1.1" 200 36
192.168.1.163 - - [05/Feb/2022:20:05:05 +0900] "GET / HTTP/1.1" 200 1407
192.168.1.163 - - [05/Feb/2022:20:05:05 +0900] "GET /Templates/Main/styles.css HTTP/1.1" 304 -
192.168.1.163 - - [05/Feb/2022:20:05:05 +0900] "GET /favicon.ico HTTP/1.1" 200 36
192.168.1.163 - - [05/Feb/2022:20:05:08 +0900] "GET /articles/2 HTTP/1.1" 200 1147
192.168.1.163 - - [05/Feb/2022:20:05:08 +0900] "GET /Templates/Main/styles.css HTTP/1.1" 304 -
192.168.1.163 - - [05/Feb/2022:20:05:08 +0900] "GET /favicon.ico HTTP/1.1" 200 36
192.168.1.163 - - [05/Feb/2022:20:05:10 +0900] "GET / HTTP/1.1" 200 1407
192.168.1.163 - - [05/Feb/2022:20:05:10 +0900] "GET /Templates/Main/styles.css HTTP/1.1" 304 -
192.168.1.163 - - [05/Feb/2022:20:05:10 +0900] "GET /favicon.ico HTTP/1.1" 200 36
::1 - - [05/Feb/2022:20:10:24 +0900] "GET / HTTP/1.1" 200 1407
::1 - - [05/Feb/2022:20:10:24 +0900] "GET /favicon.ico HTTP/1.1" 200 36
::1 - - [05/Feb/2022:20:10:29 +0900] "GET / HTTP/1.1" 200 1407
::1 - - [05/Feb/2022:20:10:29 +0900] "GET /favicon.ico HTTP/1.1" 200 36
::1 - - [05/Feb/2022:20:10:35 +0900] "GET /articles/1 HTTP/1.1" 200 1130
::1 - - [05/Feb/2022:20:10:35 +0900] "GET /favicon.ico HTTP/1.1" 200 36
::1 - - [05/Feb/2022:20:10:36 +0900] "GET / HTTP/1.1" 200 1407
::1 - - [05/Feb/2022:20:10:36 +0900] "GET /favicon.ico HTTP/1.1" 200 36
::1 - - [05/Feb/2022:20:11:35 +0900] "-" 408 -
::1 - - [05/Feb/2022:20:26:26 +0900] "GET / HTTP/1.1" 200 1407
::1 - - [05/Feb/2022:20:26:26 +0900] "GET /favicon.ico HTTP/1.1" 200 36
::1 - - [05/Feb/2022:20:26:28 +0900] "GET /articles/1 HTTP/1.1" 200 1130
::1 - - [05/Feb/2022:20:26:28 +0900] "GET /favicon.ico HTTP/1.1" 200 36
::1 - - [05/Feb/2022:20:26:29 +0900] "GET / HTTP/1.1" 200 1407
::1 - - [05/Feb/2022:20:26:29 +0900] "GET /favicon.ico HTTP/1.1" 200 36
::1 - - [05/Feb/2022:20:27:26 +0900] "-" 408 -
::1 - - [06/Feb/2022:11:07:36 +0900] "GET / HTTP/1.1" 200 958
::1 - - [06/Feb/2022:11:07:40 +0900] "GET / HTTP/1.1" 200 958
::1 - - [06/Feb/2022:11:07:48 +0900] "GET /favicon.ico HTTP/1.1" 200 36
::1 - - [06/Feb/2022:11:07:59 +0900] "GET / HTTP/1.1" 200 1407
::1 - - [06/Feb/2022:11:07:59 +0900] "GET /Templates/Main/styles.css HTTP/1.1" 304 -
::1 - - [06/Feb/2022:11:07:59 +0900] "GET /favicon.ico HTTP/1.1" 200 36
::1 - - [06/Feb/2022:11:08:01 +0900] "GET /articles/1 HTTP/1.1" 200 1130
::1 - - [06/Feb/2022:11:08:01 +0900] "GET /favicon.ico HTTP/1.1" 200 36
::1 - - [06/Feb/2022:11:08:02 +0900] "GET / HTTP/1.1" 200 1407
::1 - - [06/Feb/2022:11:08:02 +0900] "GET /favicon.ico HTTP/1.1" 200 36
::1 - - [06/Feb/2022:11:08:03 +0900] "GET /articles/2 HTTP/1.1" 200 1147
::1 - - [06/Feb/2022:11:08:03 +0900] "GET /favicon.ico HTTP/1.1" 200 36
::1 - - [06/Feb/2022:11:08:04 +0900] "GET / HTTP/1.1" 200 1407
::1 - - [06/Feb/2022:11:08:04 +0900] "GET /favicon.ico HTTP/1.1" 200 36
::1 - - [06/Feb/2022:11:08:59 +0900] "-" 408 -
::1 - - [06/Feb/2022:14:41:16 +0900] "GET / HTTP/1.1" 200 1407
::1 - - [06/Feb/2022:14:41:16 +0900] "GET /favicon.ico HTTP/1.1" 200 36
::1 - - [06/Feb/2022:14:42:16 +0900] "-" 408 -
::1 - - [06/Feb/2022:14:50:14 +0900] "GET / HTTP/1.1" 200 1407
::1 - - [06/Feb/2022:14:50:14 +0900] "GET /favicon.ico HTTP/1.1" 200 36
::1 - - [06/Feb/2022:14:51:14 +0900] "-" 408 -
::1 - - [06/Feb/2022:15:07:35 +0900] "GET / HTTP/1.1" 200 1414
::1 - - [06/Feb/2022:15:07:35 +0900] "GET /favicon.ico HTTP/1.1" 200 36
::1 - - [06/Feb/2022:15:07:38 +0900] "GET / HTTP/1.1" 200 1414
::1 - - [06/Feb/2022:15:07:38 +0900] "GET /favicon.ico HTTP/1.1" 200 36
::1 - - [06/Feb/2022:15:07:38 +0900] "GET / HTTP/1.1" 200 1414
::1 - - [06/Feb/2022:15:07:39 +0900] "GET /favicon.ico HTTP/1.1" 200 36
::1 - - [06/Feb/2022:15:07:39 +0900] "GET / HTTP/1.1" 200 1414
::1 - - [06/Feb/2022:15:07:39 +0900] "GET /favicon.ico HTTP/1.1" 200 36
::1 - - [06/Feb/2022:15:07:40 +0900] "GET / HTTP/1.1" 200 1414
::1 - - [06/Feb/2022:15:07:40 +0900] "GET /favicon.ico HTTP/1.1" 200 36
::1 - - [06/Feb/2022:15:08:35 +0900] "-" 408 -
::1 - - [06/Feb/2022:15:08:48 +0900] "GET / HTTP/1.1" 200 1414
::1 - - [06/Feb/2022:15:08:48 +0900] "GET /favicon.ico HTTP/1.1" 200 36
::1 - - [06/Feb/2022:15:08:49 +0900] "GET / HTTP/1.1" 200 1414
::1 - - [06/Feb/2022:15:08:49 +0900] "GET /Templates/Main/styles.css HTTP/1.1" 200 840
::1 - - [06/Feb/2022:15:08:49 +0900] "GET /favicon.ico HTTP/1.1" 200 36
::1 - - [06/Feb/2022:15:08:50 +0900] "GET / HTTP/1.1" 200 1414
::1 - - [06/Feb/2022:15:08:50 +0900] "GET /Templates/Main/styles.css HTTP/1.1" 200 840
::1 - - [06/Feb/2022:15:08:50 +0900] "GET /favicon.ico HTTP/1.1" 200 36
::1 - - [06/Feb/2022:15:09:36 +0900] "GET / HTTP/1.1" 200 1414
::1 - - [06/Feb/2022:15:09:36 +0900] "GET /favicon.ico HTTP/1.1" 200 36
::1 - - [06/Feb/2022:15:10:36 +0900] "-" 408 -
::1 - - [06/Feb/2022:15:13:05 +0900] "GET / HTTP/1.1" 200 1414
::1 - - [06/Feb/2022:15:13:05 +0900] "GET /favicon.ico HTTP/1.1" 200 36
::1 - - [06/Feb/2022:15:13:06 +0900] "GET / HTTP/1.1" 200 1414
::1 - - [06/Feb/2022:15:13:06 +0900] "GET /favicon.ico HTTP/1.1" 200 36
::1 - - [06/Feb/2022:15:13:08 +0900] "GET / HTTP/1.1" 200 1414
::1 - - [06/Feb/2022:15:13:08 +0900] "GET /Templates/Main/styles.css HTTP/1.1" 200 840
::1 - - [06/Feb/2022:15:13:08 +0900] "GET /favicon.ico HTTP/1.1" 200 36
::1 - - [06/Feb/2022:15:13:08 +0900] "GET / HTTP/1.1" 200 1414
::1 - - [06/Feb/2022:15:13:08 +0900] "GET /Templates/Main/styles.css HTTP/1.1" 200 840
::1 - - [06/Feb/2022:15:13:08 +0900] "GET /favicon.ico HTTP/1.1" 200 36
::1 - - [06/Feb/2022:15:13:20 +0900] "GET / HTTP/1.1" 200 1414
::1 - - [06/Feb/2022:15:13:20 +0900] "GET /favicon.ico HTTP/1.1" 200 36
::1 - - [06/Feb/2022:15:13:20 +0900] "GET / HTTP/1.1" 200 1414
::1 - - [06/Feb/2022:15:13:20 +0900] "GET /favicon.ico HTTP/1.1" 200 36
::1 - - [06/Feb/2022:15:13:36 +0900] "GET /articles/2 HTTP/1.1" 200 1154
::1 - - [06/Feb/2022:15:13:36 +0900] "GET /favicon.ico HTTP/1.1" 200 36
::1 - - [06/Feb/2022:15:13:38 +0900] "GET /favicon.ico HTTP/1.1" 200 36
::1 - - [06/Feb/2022:15:13:39 +0900] "GET /articles/1 HTTP/1.1" 200 1137
::1 - - [06/Feb/2022:15:13:39 +0900] "GET /favicon.ico HTTP/1.1" 200 36
::1 - - [06/Feb/2022:15:14:36 +0900] "-" 408 -
::1 - - [06/Feb/2022:15:15:07 +0900] "GET /articles/1 HTTP/1.1" 200 1137
::1 - - [06/Feb/2022:15:15:07 +0900] "GET /favicon.ico HTTP/1.1" 200 36
::1 - - [06/Feb/2022:15:15:08 +0900] "GET /articles/1 HTTP/1.1" 200 1137
::1 - - [06/Feb/2022:15:15:08 +0900] "GET /favicon.ico HTTP/1.1" 200 36
::1 - - [06/Feb/2022:15:15:09 +0900] "GET / HTTP/1.1" 200 1414
::1 - - [06/Feb/2022:15:15:09 +0900] "GET /favicon.ico HTTP/1.1" 200 36
::1 - - [06/Feb/2022:15:15:10 +0900] "GET /articles/2 HTTP/1.1" 200 1154
::1 - - [06/Feb/2022:15:15:11 +0900] "GET /favicon.ico HTTP/1.1" 200 36
::1 - - [06/Feb/2022:15:15:12 +0900] "GET / HTTP/1.1" 200 1414
::1 - - [06/Feb/2022:15:15:12 +0900] "GET /favicon.ico HTTP/1.1" 200 36
::1 - - [06/Feb/2022:15:15:13 +0900] "GET /articles/1 HTTP/1.1" 200 1137
::1 - - [06/Feb/2022:15:15:13 +0900] "GET /favicon.ico HTTP/1.1" 200 36
::1 - - [06/Feb/2022:15:15:14 +0900] "GET / HTTP/1.1" 200 1414
::1 - - [06/Feb/2022:15:15:14 +0900] "GET /favicon.ico HTTP/1.1" 200 36
::1 - - [06/Feb/2022:15:16:07 +0900] "-" 408 -
::1 - - [06/Feb/2022:15:30:14 +0900] "GET / HTTP/1.1" 200 532
::1 - - [06/Feb/2022:15:30:14 +0900] "GET /favicon.ico HTTP/1.1" 200 36
::1 - - [06/Feb/2022:15:30:32 +0900] "GET / HTTP/1.1" 200 1414
::1 - - [06/Feb/2022:15:30:32 +0900] "GET /favicon.ico HTTP/1.1" 200 36
::1 - - [06/Feb/2022:15:30:34 +0900] "GET /articles/1 HTTP/1.1" 200 1137
::1 - - [06/Feb/2022:15:30:34 +0900] "GET /favicon.ico HTTP/1.1" 200 36
::1 - - [06/Feb/2022:15:30:35 +0900] "GET / HTTP/1.1" 200 1414
::1 - - [06/Feb/2022:15:30:35 +0900] "GET /favicon.ico HTTP/1.1" 200 36
::1 - - [06/Feb/2022:15:30:36 +0900] "GET /articles/2 HTTP/1.1" 200 1154
::1 - - [06/Feb/2022:15:30:36 +0900] "GET /favicon.ico HTTP/1.1" 200 36
::1 - - [06/Feb/2022:15:30:37 +0900] "GET / HTTP/1.1" 200 1414
::1 - - [06/Feb/2022:15:30:37 +0900] "GET /favicon.ico HTTP/1.1" 200 36
::1 - - [06/Feb/2022:15:30:38 +0900] "GET /articles/1 HTTP/1.1" 200 1137
::1 - - [06/Feb/2022:15:30:38 +0900] "GET /favicon.ico HTTP/1.1" 200 36
::1 - - [06/Feb/2022:15:30:39 +0900] "GET / HTTP/1.1" 200 1414
::1 - - [06/Feb/2022:15:30:39 +0900] "GET /favicon.ico HTTP/1.1" 200 36
::1 - - [06/Feb/2022:15:31:32 +0900] "-" 408 -
::1 - - [06/Feb/2022:15:32:43 +0900] "GET / HTTP/1.1" 200 1407
::1 - - [06/Feb/2022:15:32:43 +0900] "GET /favicon.ico HTTP/1.1" 200 36
::1 - - [06/Feb/2022:15:33:43 +0900] "-" 408 -
::1 - - [06/Feb/2022:18:18:53 +0900] "GET / HTTP/1.1" 200 787
::1 - - [06/Feb/2022:18:18:58 +0900] "GET /favicon.ico HTTP/1.1" 200 36
::1 - - [06/Feb/2022:18:19:10 +0900] "GET / HTTP/1.1" 200 1407
::1 - - [06/Feb/2022:18:19:10 +0900] "GET /favicon.ico HTTP/1.1" 200 36
::1 - - [06/Feb/2022:18:20:10 +0900] "-" 408 -
::1 - - [06/Feb/2022:18:22:45 +0900] "GET / HTTP/1.1" 200 1407
::1 - - [06/Feb/2022:18:22:45 +0900] "GET /favicon.ico HTTP/1.1" 200 36
::1 - - [06/Feb/2022:18:22:46 +0900] "GET / HTTP/1.1" 200 1407
::1 - - [06/Feb/2022:18:22:46 +0900] "GET /favicon.ico HTTP/1.1" 200 36
::1 - - [06/Feb/2022:18:22:47 +0900] "GET / HTTP/1.1" 200 1407
::1 - - [06/Feb/2022:18:22:47 +0900] "GET /favicon.ico HTTP/1.1" 200 36
::1 - - [06/Feb/2022:18:22:48 +0900] "GET /articles/2 HTTP/1.1" 200 520
::1 - - [06/Feb/2022:18:22:48 +0900] "GET /favicon.ico HTTP/1.1" 200 36
::1 - - [06/Feb/2022:18:23:28 +0900] "GET /articles/2 HTTP/1.1" 200 1177
::1 - - [06/Feb/2022:18:23:28 +0900] "GET /favicon.ico HTTP/1.1" 200 36
::1 - - [06/Feb/2022:18:24:28 +0900] "-" 408 -
::1 - - [06/Feb/2022:18:31:42 +0900] "GET /articles/2 HTTP/1.1" 200 1192
::1 - - [06/Feb/2022:18:31:42 +0900] "GET /favicon.ico HTTP/1.1" 200 36
::1 - - [06/Feb/2022:18:32:42 +0900] "-" 408 -
::1 - - [06/Feb/2022:18:33:52 +0900] "GET /articles/2 HTTP/1.1" 200 1200
::1 - - [06/Feb/2022:18:33:52 +0900] "GET /favicon.ico HTTP/1.1" 200 36
::1 - - [06/Feb/2022:18:34:52 +0900] "-" 408 -
::1 - - [06/Feb/2022:18:36:42 +0900] "GET /articles/2 HTTP/1.1" 200 1882
::1 - - [06/Feb/2022:18:36:42 +0900] "GET /favicon.ico HTTP/1.1" 200 36
::1 - - [06/Feb/2022:18:37:42 +0900] "-" 408 -
::1 - - [06/Feb/2022:18:45:11 +0900] "GET /articles/2 HTTP/1.1" 200 1107
::1 - - [06/Feb/2022:18:45:11 +0900] "GET /favicon.ico HTTP/1.1" 200 36
::1 - - [06/Feb/2022:18:45:42 +0900] "GET /articles/2 HTTP/1.1" 200 1172
::1 - - [06/Feb/2022:18:45:42 +0900] "GET /favicon.ico HTTP/1.1" 200 36
::1 - - [06/Feb/2022:18:46:42 +0900] "-" 408 -
::1 - - [06/Feb/2022:18:47:30 +0900] "GET /articles/2 HTTP/1.1" 200 1153
::1 - - [06/Feb/2022:18:47:30 +0900] "GET /favicon.ico HTTP/1.1" 200 36
::1 - - [06/Feb/2022:18:48:30 +0900] "-" 408 -
::1 - - [06/Feb/2022:18:50:59 +0900] "GET /articles/2 HTTP/1.1" 200 1147
::1 - - [06/Feb/2022:18:50:59 +0900] "GET /favicon.ico HTTP/1.1" 200 36
::1 - - [06/Feb/2022:18:51:01 +0900] "GET / HTTP/1.1" 200 1407
::1 - - [06/Feb/2022:18:51:01 +0900] "GET /favicon.ico HTTP/1.1" 200 36
::1 - - [06/Feb/2022:18:51:02 +0900] "GET /articles/2 HTTP/1.1" 200 1147
::1 - - [06/Feb/2022:18:51:02 +0900] "GET /favicon.ico HTTP/1.1" 200 36
::1 - - [06/Feb/2022:18:51:21 +0900] "GET /articles/2/edit HTTP/1.1" 200 383
::1 - - [06/Feb/2022:18:51:21 +0900] "GET /favicon.ico HTTP/1.1" 200 36
::1 - - [06/Feb/2022:18:52:21 +0900] "-" 408 -
::1 - - [06/Feb/2022:18:57:24 +0900] "GET /articles/2/edit HTTP/1.1" 200 271
::1 - - [06/Feb/2022:18:57:24 +0900] "GET /favicon.ico HTTP/1.1" 200 36
::1 - - [06/Feb/2022:18:58:24 +0900] "-" 408 -
::1 - - [06/Feb/2022:19:56:36 +0900] "GET /articles/2/edit HTTP/1.1" 200 742
::1 - - [06/Feb/2022:19:56:36 +0900] "GET /favicon.ico HTTP/1.1" 200 36
::1 - - [06/Feb/2022:19:57:36 +0900] "-" 408 -
::1 - - [06/Feb/2022:19:58:23 +0900] "GET /articles/2/edit HTTP/1.1" 200 34
::1 - - [06/Feb/2022:19:58:23 +0900] "GET /favicon.ico HTTP/1.1" 200 36
::1 - - [06/Feb/2022:19:59:23 +0900] "-" 408 -
::1 - - [06/Feb/2022:19:59:41 +0900] "GET /articles/2/edit HTTP/1.1" 200 34
::1 - - [06/Feb/2022:19:59:41 +0900] "GET /favicon.ico HTTP/1.1" 200 36
::1 - - [06/Feb/2022:19:59:42 +0900] "GET /articles/2/edit HTTP/1.1" 200 34
::1 - - [06/Feb/2022:19:59:42 +0900] "GET /favicon.ico HTTP/1.1" 200 36
::1 - - [06/Feb/2022:19:59:44 +0900] "GET /articles/2/edit HTTP/1.1" 200 34
::1 - - [06/Feb/2022:19:59:44 +0900] "GET /favicon.ico HTTP/1.1" 200 36
::1 - - [06/Feb/2022:20:00:14 +0900] "GET /articles/2/edit HTTP/1.1" 200 34
::1 - - [06/Feb/2022:20:00:14 +0900] "GET /favicon.ico HTTP/1.1" 200 36
::1 - - [06/Feb/2022:20:00:15 +0900] "GET /articles/2/edit HTTP/1.1" 200 34
::1 - - [06/Feb/2022:20:00:15 +0900] "GET /favicon.ico HTTP/1.1" 200 36
::1 - - [06/Feb/2022:20:00:15 +0900] "GET /articles/2/edit HTTP/1.1" 200 34
::1 - - [06/Feb/2022:20:00:15 +0900] "GET /favicon.ico HTTP/1.1" 200 36
::1 - - [06/Feb/2022:20:00:15 +0900] "GET /articles/2/edit HTTP/1.1" 200 34
::1 - - [06/Feb/2022:20:00:15 +0900] "GET /favicon.ico HTTP/1.1" 200 36
::1 - - [06/Feb/2022:20:00:15 +0900] "GET /articles/2/edit HTTP/1.1" 200 34
::1 - - [06/Feb/2022:20:00:15 +0900] "GET /favicon.ico HTTP/1.1" 200 36
::1 - - [06/Feb/2022:20:00:34 +0900] "GET /articles/2/edit HTTP/1.1" 200 34
::1 - - [06/Feb/2022:20:00:34 +0900] "GET /favicon.ico HTTP/1.1" 200 36
::1 - - [06/Feb/2022:20:00:35 +0900] "GET /articles/2/edit HTTP/1.1" 200 34
::1 - - [06/Feb/2022:20:00:35 +0900] "GET /favicon.ico HTTP/1.1" 200 36
::1 - - [06/Feb/2022:20:00:35 +0900] "GET /articles/2/edit HTTP/1.1" 200 34
::1 - - [06/Feb/2022:20:00:35 +0900] "GET /favicon.ico HTTP/1.1" 200 36
::1 - - [06/Feb/2022:20:00:35 +0900] "GET /articles/2/edit HTTP/1.1" 200 34
::1 - - [06/Feb/2022:20:00:35 +0900] "GET /favicon.ico HTTP/1.1" 200 36
::1 - - [06/Feb/2022:20:00:35 +0900] "GET /articles/2/edit HTTP/1.1" 200 34
::1 - - [06/Feb/2022:20:00:35 +0900] "GET /favicon.ico HTTP/1.1" 200 36
::1 - - [06/Feb/2022:20:01:09 +0900] "GET /articles/2/edit HTTP/1.1" 200 36
::1 - - [06/Feb/2022:20:01:09 +0900] "GET /favicon.ico HTTP/1.1" 200 36
::1 - - [06/Feb/2022:20:02:09 +0900] "-" 408 -
::1 - - [06/Feb/2022:20:03:01 +0900] "GET /articles/2/edit HTTP/1.1" 200 1222
::1 - - [06/Feb/2022:20:03:01 +0900] "GET /favicon.ico HTTP/1.1" 200 36
::1 - - [06/Feb/2022:20:03:42 +0900] "GET /articles/2/edit HTTP/1.1" 200 895
::1 - - [06/Feb/2022:20:03:42 +0900] "GET /favicon.ico HTTP/1.1" 200 36
::1 - - [06/Feb/2022:20:04:42 +0900] "-" 408 -
::1 - - [06/Feb/2022:22:36:58 +0900] "GET /articles/2/edit HTTP/1.1" 200 895
::1 - - [06/Feb/2022:22:36:58 +0900] "GET /favicon.ico HTTP/1.1" 200 36
::1 - - [06/Feb/2022:22:37:58 +0900] "-" 408 -
::1 - - [06/Feb/2022:23:00:38 +0900] "GET /articles/2/edit HTTP/1.1" 200 2
::1 - - [06/Feb/2022:23:00:38 +0900] "GET /favicon.ico HTTP/1.1" 200 36
::1 - - [06/Feb/2022:23:00:38 +0900] "GET /articles/2/edit HTTP/1.1" 200 2
::1 - - [06/Feb/2022:23:00:38 +0900] "GET /favicon.ico HTTP/1.1" 200 36
::1 - - [06/Feb/2022:23:00:38 +0900] "GET /articles/2/edit HTTP/1.1" 200 2
::1 - - [06/Feb/2022:23:00:39 +0900] "GET /favicon.ico HTTP/1.1" 200 36
::1 - - [06/Feb/2022:23:00:39 +0900] "GET /articles/2/edit HTTP/1.1" 200 2
::1 - - [06/Feb/2022:23:00:39 +0900] "GET /favicon.ico HTTP/1.1" 200 36
::1 - - [06/Feb/2022:23:01:38 +0900] "-" 408 -
::1 - - [07/Feb/2022:23:04:35 +0900] "GET / HTTP/1.1" 200 1407
::1 - - [07/Feb/2022:23:04:35 +0900] "GET /Templates/Main/styles.css HTTP/1.1" 304 -
::1 - - [07/Feb/2022:23:04:36 +0900] "GET /favicon.ico HTTP/1.1" 200 36
::1 - - [07/Feb/2022:23:05:35 +0900] "-" 408 -
::1 - - [07/Feb/2022:23:05:58 +0900] "GET /articles/add HTTP/1.1" 200 2
::1 - - [07/Feb/2022:23:05:58 +0900] "GET /favicon.ico HTTP/1.1" 200 36
::1 - - [07/Feb/2022:23:06:04 +0900] "GET / HTTP/1.1" 200 1605
::1 - - [07/Feb/2022:23:06:04 +0900] "GET /favicon.ico HTTP/1.1" 200 36
::1 - - [07/Feb/2022:23:06:07 +0900] "GET /articles/3 HTTP/1.1" 200 1117
::1 - - [07/Feb/2022:23:06:07 +0900] "GET /favicon.ico HTTP/1.1" 200 36
::1 - - [07/Feb/2022:23:06:11 +0900] "GET /articles/3/delete HTTP/1.1" 200 2
::1 - - [07/Feb/2022:23:06:11 +0900] "GET /favicon.ico HTTP/1.1" 200 36
::1 - - [07/Feb/2022:23:06:16 +0900] "GET /articles HTTP/1.1" 200 36
::1 - - [07/Feb/2022:23:06:16 +0900] "GET /favicon.ico HTTP/1.1" 200 36
::1 - - [07/Feb/2022:23:06:20 +0900] "GET / HTTP/1.1" 200 1407
::1 - - [07/Feb/2022:23:06:20 +0900] "GET /favicon.ico HTTP/1.1" 200 36
::1 - - [07/Feb/2022:23:06:28 +0900] "GET /articles/add HTTP/1.1" 200 2
::1 - - [07/Feb/2022:23:06:28 +0900] "GET /favicon.ico HTTP/1.1" 200 36
::1 - - [07/Feb/2022:23:06:30 +0900] "GET /articles/add HTTP/1.1" 200 2
::1 - - [07/Feb/2022:23:06:30 +0900] "GET /favicon.ico HTTP/1.1" 200 36
::1 - - [07/Feb/2022:23:06:31 +0900] "GET /articles/add HTTP/1.1" 200 2
::1 - - [07/Feb/2022:23:06:31 +0900] "GET /favicon.ico HTTP/1.1" 200 36
::1 - - [07/Feb/2022:23:06:35 +0900] "GET / HTTP/1.1" 200 2001
::1 - - [07/Feb/2022:23:06:35 +0900] "GET /favicon.ico HTTP/1.1" 200 36
::1 - - [07/Feb/2022:23:06:38 +0900] "GET /articles/5 HTTP/1.1" 200 1117
::1 - - [07/Feb/2022:23:06:38 +0900] "GET /favicon.ico HTTP/1.1" 200 36
::1 - - [07/Feb/2022:23:06:43 +0900] "GET /articles/5/delete HTTP/1.1" 200 2
::1 - - [07/Feb/2022:23:06:43 +0900] "GET /favicon.ico HTTP/1.1" 200 36
::1 - - [07/Feb/2022:23:06:48 +0900] "GET / HTTP/1.1" 200 1803
::1 - - [07/Feb/2022:23:06:48 +0900] "GET /favicon.ico HTTP/1.1" 200 36
::1 - - [07/Feb/2022:23:07:28 +0900] "-" 408 -
::1 - - [07/Feb/2022:23:13:17 +0900] "GET / HTTP/1.1" 200 1803
::1 - - [07/Feb/2022:23:13:17 +0900] "GET /favicon.ico HTTP/1.1" 200 36
::1 - - [07/Feb/2022:23:13:18 +0900] "GET /articles/6 HTTP/1.1" 200 1117
::1 - - [07/Feb/2022:23:13:18 +0900] "GET /favicon.ico HTTP/1.1" 200 36
::1 - - [07/Feb/2022:23:13:23 +0900] "GET /articles/6/delete HTTP/1.1" 200 352
::1 - - [07/Feb/2022:23:13:23 +0900] "GET /favicon.ico HTTP/1.1" 200 36
::1 - - [07/Feb/2022:23:13:27 +0900] "GET /articles/6/delete HTTP/1.1" 404 24
::1 - - [07/Feb/2022:23:13:27 +0900] "GET /favicon.ico HTTP/1.1" 200 36
::1 - - [07/Feb/2022:23:13:33 +0900] "GET / HTTP/1.1" 200 1605
::1 - - [07/Feb/2022:23:13:33 +0900] "GET /favicon.ico HTTP/1.1" 200 36
::1 - - [07/Feb/2022:23:14:33 +0900] "-" 408 -
::1 - - [07/Feb/2022:23:21:39 +0900] "GET / HTTP/1.1" 200 1605
::1 - - [07/Feb/2022:23:21:39 +0900] "GET /favicon.ico HTTP/1.1" 200 36
::1 - - [07/Feb/2022:23:21:49 +0900] "GET /articles/45/delete HTTP/1.1" 200 36
::1 - - [07/Feb/2022:23:21:49 +0900] "GET /favicon.ico HTTP/1.1" 200 36
::1 - - [07/Feb/2022:23:22:44 +0900] "GET /articles/45/delete HTTP/1.1" 404 84
::1 - - [07/Feb/2022:23:22:44 +0900] "GET /favicon.ico HTTP/1.1" 200 36
::1 - - [07/Feb/2022:23:23:44 +0900] "-" 408 -
::1 - - [08/Feb/2022:00:02:49 +0900] "GET / HTTP/1.1" 200 1038
::1 - - [08/Feb/2022:00:02:50 +0900] "GET /favicon.ico HTTP/1.1" 200 36
::1 - - [08/Feb/2022:00:03:46 +0900] "GET / HTTP/1.1" 200 1038
::1 - - [08/Feb/2022:00:03:46 +0900] "GET /favicon.ico HTTP/1.1" 200 36
::1 - - [08/Feb/2022:00:03:48 +0900] "GET / HTTP/1.1" 200 1038
::1 - - [08/Feb/2022:00:03:48 +0900] "GET /favicon.ico HTTP/1.1" 200 36
::1 - - [08/Feb/2022:00:03:49 +0900] "GET / HTTP/1.1" 200 1038
::1 - - [08/Feb/2022:00:03:49 +0900] "GET /favicon.ico HTTP/1.1" 200 36
::1 - - [08/Feb/2022:00:03:50 +0900] "GET / HTTP/1.1" 200 1038
::1 - - [08/Feb/2022:00:03:50 +0900] "GET /favicon.ico HTTP/1.1" 200 36
::1 - - [08/Feb/2022:00:04:16 +0900] "GET / HTTP/1.1" 200 691
::1 - - [08/Feb/2022:00:04:16 +0900] "GET /favicon.ico HTTP/1.1" 200 36
::1 - - [08/Feb/2022:00:05:16 +0900] "-" 408 -
::1 - - [08/Feb/2022:00:05:35 +0900] "GET / HTTP/1.1" 200 691
::1 - - [08/Feb/2022:00:05:35 +0900] "GET /favicon.ico HTTP/1.1" 200 36
::1 - - [08/Feb/2022:00:05:47 +0900] "GET / HTTP/1.1" 200 1605
::1 - - [08/Feb/2022:00:05:47 +0900] "GET /favicon.ico HTTP/1.1" 200 36
::1 - - [08/Feb/2022:00:06:09 +0900] "GET / HTTP/1.1" 500 468
::1 - - [08/Feb/2022:00:06:09 +0900] "GET /favicon.ico HTTP/1.1" 200 36
::1 - - [08/Feb/2022:00:06:42 +0900] "GET / HTTP/1.1" 500 468
::1 - - [08/Feb/2022:00:06:42 +0900] "GET /favicon.ico HTTP/1.1" 200 36
::1 - - [08/Feb/2022:00:06:43 +0900] "GET / HTTP/1.1" 500 468
::1 - - [08/Feb/2022:00:06:43 +0900] "GET /favicon.ico HTTP/1.1" 200 36
::1 - - [08/Feb/2022:00:06:43 +0900] "GET / HTTP/1.1" 500 468
::1 - - [08/Feb/2022:00:06:43 +0900] "GET /favicon.ico HTTP/1.1" 200 36
::1 - - [08/Feb/2022:00:06:43 +0900] "GET / HTTP/1.1" 500 468
::1 - - [08/Feb/2022:00:06:43 +0900] "GET /favicon.ico HTTP/1.1" 200 36
::1 - - [08/Feb/2022:00:06:58 +0900] "GET / HTTP/1.1" 500 100
::1 - - [08/Feb/2022:00:06:58 +0900] "GET /favicon.ico HTTP/1.1" 200 36
::1 - - [08/Feb/2022:00:10:08 +0900] "GET /fghfgh HTTP/1.1" 200 262
::1 - - [08/Feb/2022:00:10:08 +0900] "GET /favicon.ico HTTP/1.1" 200 262
::1 - - [08/Feb/2022:00:11:08 +0900] "-" 408 -
::1 - - [08/Feb/2022:00:11:57 +0900] "GET /fghfgh HTTP/1.1" 404 61
::1 - - [08/Feb/2022:00:11:57 +0900] "GET /favicon.ico HTTP/1.1" 404 61
::1 - - [08/Feb/2022:00:12:57 +0900] "-" 408 -
::1 - - [08/Feb/2022:00:13:30 +0900] "GET /fghfgh HTTP/1.1" 404 61
::1 - - [08/Feb/2022:00:13:30 +0900] "GET /fghfgh HTTP/1.1" 404 61
::1 - - [08/Feb/2022:00:14:02 +0900] "GET /fghfgh HTTP/1.1" 404 91
::1 - - [08/Feb/2022:00:15:02 +0900] "-" 408 -
::1 - - [08/Feb/2022:00:16:36 +0900] "GET /fghfgh HTTP/1.1" 404 91
::1 - - [08/Feb/2022:00:16:49 +0900] "GET /articles/2/edit HTTP/1.1" 200 2
::1 - - [08/Feb/2022:00:16:55 +0900] "GET /articles/652/edit HTTP/1.1" 200 402
::1 - - [08/Feb/2022:00:17:20 +0900] "GET /articles/652/edit HTTP/1.1" 200 402
::1 - - [08/Feb/2022:00:17:22 +0900] "GET /articles/652/edit HTTP/1.1" 200 402
::1 - - [08/Feb/2022:00:18:20 +0900] "-" 408 -
::1 - - [08/Feb/2022:00:18:26 +0900] "GET /articles/652 HTTP/1.1" 404 69
::1 - - [08/Feb/2022:00:18:31 +0900] "GET /articles/345345 HTTP/1.1" 404 69
::1 - - [08/Feb/2022:00:18:35 +0900] "GET /articles/345345/edit HTTP/1.1" 200 405
::1 - - [08/Feb/2022:00:19:14 +0900] "GET /articles/345345/edit HTTP/1.1" 404 69
::1 - - [08/Feb/2022:00:20:14 +0900] "-" 408 -
::1 - - [08/Feb/2022:00:21:37 +0900] "GET /articles/345345/edit HTTP/1.1" 404 69
::1 - - [08/Feb/2022:00:21:44 +0900] "GET / HTTP/1.1" 200 1520
::1 - - [08/Feb/2022:00:22:44 +0900] "-" 408 -
